                                        @@@@@@@@@@@@@@@@@@@@@@@@@@@@@@@@@@@@@@@@@@@@@@@
                                        @                                             @
                                        @   @  @@@@@   @@   @  @   @@@  @  @   @@@@   @
                                        @        @    @  @  @  @  @     @  @  @    @  @
                                        @   @    @    @  @  @  @  @ @@  @@@@     @@   @
                                        @   @    @    @  @  @  @  @  @  @  @    @@    @
                                        @   @    @     @@    @@    @@@  @  @  @@@@@@  @
                                        @                                             @
                                        @@@@@@@@@@@@@@@@@@@@@@@@@@@@@@@@@@@@@@@@@@@@@@@

                                      iTOUGH2 V6.7 (JANUARY, 2012) FOR LINUX, S. FINSTERLE 
                                COPYRIGHT (C) 2007, THE REGENTS OF THE UNIVERSITY OF CALIFORNIA
                                     THROUGH LAWRENCE BERKELEY NATIONAL LABORATORY
                                                  ALL RIGHTS RESERVED

 ==================================================================================================================================
                                          >>>>>>>>>>>>>  5-Mar-13  21:16 <<<<<<<<<<<<<
 ==================================================================================================================================
 iTOUGH2 RUN NO.               :     1
 iTOUGH2 INPUT FILE            :  CO2_itough_inv
 TOUGH2 INPUT FILE             :  CO2_fwd
 WORKING DIRECTORY             :  /home/flo/04_iTOUGH2/CO2_paper/test_fwd_new_model/mc_lowres_no_struct_uncert_1
 TEMPORARY DIRECTORY           :  /home/flo/it2_4905
 EQUATION OF STATE MODULE NO.  :    17 --> Two-phase, non-isothermal flow of water, NaCl and CO2
 COMPONENTS                    :  WATER     NaCl      CO2       HEAT                          
 PHASES                        :  GAS       LIQUID    SALT      
 TOUGH2 TITLE                  :  *rcc3* ... CO2 example - leakage over fault in uncertain distance               
 ==================================================================================================================================

 --- Line   142 ignored.

 --- Line   143 ignored.

 --- Line   144 ignored.

 --- Line   145 ignored.

 --- Line   209 ignored.

 --- Line   210 ignored.

 --- Line   211 ignored.

 --- Line   212 ignored.

 --- Line   213 ignored.

 --- Line   214 ignored.

 --- Line   215 ignored.

 **********************************************************************************************************************************
                                                              INPUT
 **********************************************************************************************************************************


 PARAMETERS
 ==========

 ----------------------------------------------------------------------------------------------------------------------------------
  # ANNOTATION      PARAMETER TYPE   ROCKS   PRIOR INFO. INIT. GUESS    STD. DEV.  LOWER BOUND  UPPER BOUND    MAX. STEP  INDEX
 ----------------------------------------------------------------------------------------------------------------------------------
  1 r_left          PEST       1     -----   -0.8500E+03 -0.8500E+03 **INACTIVE** -0.95000E+03 -0.75000E+03   UNLIMITED   1
  2 r_right         PEST       2     -----   -0.8500E+03 -0.8500E+03 **INACTIVE** -0.95000E+03 -0.75000E+03   UNLIMITED   1
  3 r_upper         PEST       3     -----   -0.6500E+03 -0.6500E+03 **INACTIVE** -0.80000E+03 -0.50000E+03   UNLIMITED   1
  4 s_upper         PEST       4     -----   -0.4500E+03 -0.4500E+03 **INACTIVE** -0.50000E+03 -0.35000E+03   UNLIMITED   1
  5 f_r_top         PEST       5     -----    0.9000E+03  0.9000E+03 **INACTIVE**  0.60000E+03  0.12000E+04   UNLIMITED   1
  6 f_r_base        PEST       6     -----    0.9000E+03  0.9000E+03 TIED TO:   5  0.60000E+03  0.12000E+04   UNLIMITED   1
  7 f_g_top         PEST       7     -----    0.9000E+03  0.9000E+03 TIED TO:   5  0.60000E+03  0.12000E+04   UNLIMITED   1
  8 f_l_top         PEST       8     -----    0.9000E+03  0.9000E+03 TIED TO:   5  0.60000E+03  0.12000E+04   UNLIMITED   1
  9 f_l_base        PEST       9     -----    0.9000E+03  0.9000E+03 TIED TO:   5  0.60000E+03  0.12000E+04   UNLIMITED   1
 10 f_cov           PEST      10     -----    0.9000E+03  0.9000E+03 TIED TO:   5  0.60000E+03  0.12000E+04   UNLIMITED   1
 11 f_cap           PEST      11     -----    0.9000E+03  0.9000E+03 TIED TO:   5  0.60000E+03  0.12000E+04   UNLIMITED   1
 12 perm_res        ABSOLUTE PERM.   RESER   -0.1152E+02 -0.1152E+02  0.30000E+00 -0.13000E+02 -0.11000E+02   UNLIMITED   1   2   3
 13 por_res         POROSITY         RESER    0.1500E+00  0.1500E+00  0.50000E-01  0.50000E-01  0.30000E+00   UNLIMITED   1
 14 perm_cap        ABSOLUTE PERM.   CAPRO   -0.1600E+02 -0.1600E+02  0.10000E+01 -0.17000E+02 -0.15000E+02   UNLIMITED   1   2   3
 15 por_cap         POROSITY         CAPRO    0.1025E+00  0.1025E+00  0.50000E-01  0.20000E-01  0.15000E+00   UNLIMITED   1
 16 perm_fault      ABSOLUTE PERM.   FAULT   -0.1200E+02 -0.1200E+02  0.15000E+01 -0.15000E+02 -0.11000E+02   UNLIMITED   1   2   3
 17 por_fault       POROSITY         FAULT    0.1500E+00  0.1500E+00  0.10000E+00  0.50000E-01  0.35000E+00   UNLIMITED   1
 ----------------------------------------------------------------------------------------------------------------------------------


 ----------------------------------------------------------------------------------------------------------------------------------
  ADJUSTABLE PARAMETER = TRANSFORMED MODEL INPUT PARAMETER (MIP)
 ----------------------------------------------------------------------------------------------------------------------------------
  1  r_left            =       MIP 
  2  r_right           =       MIP 
  3  r_upper           =       MIP 
  4  s_upper           =       MIP 
  5  f_r_top           =       MIP 
  6  f_r_base          =       MIP -  400.0    
  7  f_g_top           =       MIP +  100.0    
  8  f_l_top           =       MIP +  200.0    
  9  f_l_base          =       MIP -  200.0    
 10  f_cov             =       MIP -  300.0    
 11  f_cap             =       MIP -  350.0    
 12  perm_res          = LOG10(MIP)
 13  por_res           =       MIP 
 14  perm_cap          = LOG10(MIP)
 15  por_cap           =       MIP 
 16  perm_fault        = LOG10(MIP)
 17  por_fault         =       MIP 
 ----------------------------------------------------------------------------------------------------------------------------------


 OBSERVATIONS
 ============

 TIMES  [a]                                          
 -----------
  0.1000000E+01  0.2000000E+01  0.3000000E+01  0.4000000E+01  0.5000000E+01
  0.6000000E+01  0.7000000E+01  0.8000000E+01  0.9000000E+01  0.1000000E+02
  0.1100000E+02  0.1200000E+02  0.1300000E+02  0.1400000E+02  0.1500000E+02
  0.1600000E+02  0.1700000E+02  0.1800000E+02  0.1900000E+02  0.2000000E+02
  0.2100000E+02  0.2200000E+02  0.2300000E+02  0.2400000E+02  0.2500000E+02
  0.2600000E+02  0.2700000E+02  0.2800000E+02  0.2900000E+02  0.3000000E+02


 ----------------------------------------------------------------------------------------------------------------------------------
 SET ANNOTATION      DATATYPE        ELEME/CONNE       STD. DEV. MIN. TIME MAX. TIME LOG(V/M/S)     #DATA #CALI     FACTOR  IOBS
 ----------------------------------------------------------------------------------------------------------------------------------
  1  PEST          1 UNKNOWN (PEST)  ALL             0.10000E+01 0.317E-07 0.317E-07     VALUE  DATA:    1    1  0.100E+01
  2  tFault          MASS IN PLACE   FAULT           0.10000E+09 -.317E+43 0.317E+43     VALUE  NO DATA      30  0.100E+01
  3  tRes            MASS IN PLACE   RESER           0.10000E+10 -.317E+43 0.317E+43     VALUE  NO DATA      30  0.100E+01
  4  tCover          MASS IN PLACE   COVER           0.10000E+09 -.317E+43 0.317E+43     VALUE  NO DATA      30  0.100E+01
  5  tCap            MASS IN PLACE   CAPRO           0.10000E+09 -.317E+43 0.317E+43     VALUE  NO DATA      30  0.100E+01
  6  tWaste          MASS IN PLACE   WASTE           0.20000E+09 -.317E+43 0.317E+43     VALUE  NO DATA      30  0.100E+01
 ----------------------------------------------------------------------------------------------------------------------------------


 --------------------------------------------------
 Number of datasets                    :    6
 Number of calibration times           :   30                                          
 Number of parameters specified        :   17
 Number of TOUGH-related parameters    :    6
 Number of TOUGH-independent parameters:   11
 Number of inactive parameters         :    5
 Number of tied parameters             :    6
 Number of adjustable parameters   (n) :    6
 Number of superparameters (max.)      :    0
 Number of parameters with prior info. :          6
 Number of regularization terms        :          0
 Number of MASS IN PLACE               :        150
 Number of UNKNOWN (PEST)              :          1
                                              -----
 Total number of observations      (m) :          7   (excludes  150 dummy data points)
                                              =====
 Degree of freedom               (m-n) :    1
 --------------------------------------------------


 COMPUTATIONAL PARAMETERS
 ========================

 Application                                     :       Monte Carlo Simulations                                                  
 Maximum number of iTOUGH2 iterations            :                           100
 Maximum number of TOUGH2 calls                  :                           100
 Maximum number of uphill steps                  :                            10
 Maximum size of scaled parameter step           :                     unlimited
 Initial Levenberg parameter                     :                   0.10000E+01
 Marquardt parameter                             :                  -0.10000E+02
 Finite difference quotient for Jacobian         :                      centered
 Diagonal of Tikhonov matrix                     :     Diagonal of normal matrix
 Automatic FD update of Jacobian                 :                             0
 Skip iterations with FD update of Jacobian      :                             0
 Broyden rank-one update of Jacobian             :                             0
 Increment factor for computing derivatives      :                   0.50000E-01
 Simple parameter bounds enforced by             :         Hard parameter bounds
 Variance for error analysis                     :                  a posteriori
 Format of plotfile                              :                       Columns
 User-supplied model (PEST/JUPITER API)          : python /home/flo/bin/grid_to_iTOUGH_mesh_lowres_new_model_2.py
 User-supplied model will run  before TOUGH2
 Objective Function                              :                 Least-Squares


 COMPUTER SYSTEM
 ===============

 Machine type                                    : Linux               
 UNIX script file name                           : /home/flo/bin/itough2                                                           
 UNIX command line arguments                     : -no_delete -m MESH -i CO2_incon.inc CO2_itough_inv.inv CO2_fwd.dat 17
 Host name                                       : AbaqusARRC
 User name                                       : flo
 Executable                                      : /home/flo/itough2/Executable/itough2_17


 --- End of iTOUGH2 input job:  244 lines read,    0.04 CPU-seconds used


 **********************************************************************************************************************************
                                                              OUTPUT
 **********************************************************************************************************************************

 ----------------------------------------------------------------------------------------------------------------------------------
                                   M O N T E   C A R L O   S I M U L A T I O N S
 ----------------------------------------------------------------------------------------------------------------------------------

 Generate  100 parameter sets with given probability density function (Seed number =  713).

    Sample  r_left           r_right          r_upper          s_upper          f_r_top          f_r_base         f_g_top        
            f_l_top          f_l_base         f_cov            f_cap            perm_res         por_res          perm_cap       
            por_cap          perm_fault       por_fault        OBJECTIVE FUNC.  PEST          1  tFault           tRes           
            tCover           tCap             tWaste         
         1  -0.85000000E+03  -0.85000000E+03  -0.65000000E+03  -0.45000000E+03   0.90000000E+03   0.90000000E+03   0.90000000E+03
             0.90000000E+03   0.90000000E+03   0.90000000E+03   0.90000000E+03  -0.11522879E+02   0.15000000E+00  -0.16000000E+02
             0.10250000E+00  -0.12000000E+02   0.15000000E+00   0.62785933E+04   0.00000000E+00   0.44953953E+03   0.48820833E+04
             0.83912451E+03   0.10781449E+03   0.31531748E-01
         2   0.00000000E+00   0.00000000E+00   0.00000000E+00   0.00000000E+00   0.00000000E+00   0.00000000E+00   0.00000000E+00
             0.00000000E+00   0.00000000E+00   0.00000000E+00   0.00000000E+00  -0.11821982E+02   0.21177781E+00  -0.15476931E+02
             0.83808515E-01  -0.14370741E+02   0.23120632E+00   0.96791118E+04   0.00000000E+00   0.32567975E-01   0.48691080E+04
             0.26006563E+00   0.48097111E+04   0.33245316E-09
         3   0.00000000E+00   0.00000000E+00   0.00000000E+00   0.00000000E+00   0.00000000E+00   0.00000000E+00   0.00000000E+00
             0.00000000E+00   0.00000000E+00   0.00000000E+00   0.00000000E+00  -0.11307171E+02   0.15844377E+00  -0.15106672E+02
             0.14359781E+00  -0.12539754E+02   0.28659045E+00   0.68493664E+04   0.00000000E+00   0.34757308E+03   0.51444137E+04
             0.41951019E+00   0.13569430E+04   0.17107176E-01
         4   0.00000000E+00   0.00000000E+00   0.00000000E+00   0.00000000E+00   0.00000000E+00   0.00000000E+00   0.00000000E+00
             0.00000000E+00   0.00000000E+00   0.00000000E+00   0.00000000E+00  -0.11936943E+02   0.27837655E+00  -0.15929659E+02
             0.73827908E-01  -0.11624070E+02   0.93798462E-01   0.58271923E+04   0.00000000E+00   0.26124807E-03   0.57704704E+04
             0.46748937E-05   0.56721649E+02   0.26875327E-17
         5   0.00000000E+00   0.00000000E+00   0.00000000E+00   0.00000000E+00   0.00000000E+00   0.00000000E+00   0.00000000E+00
             0.00000000E+00   0.00000000E+00   0.00000000E+00   0.00000000E+00  -0.12389946E+02   0.22412342E+00  -0.16704731E+02
             0.84741129E-01  -0.12375102E+02   0.22520548E+00   0.58439830E+04   0.00000000E+00   0.80881543E+00   0.58338095E+04
             0.17401089E-05   0.93647017E+01   0.47263161E-15
         6   0.00000000E+00   0.00000000E+00   0.00000000E+00   0.00000000E+00   0.00000000E+00   0.00000000E+00   0.00000000E+00
             0.00000000E+00   0.00000000E+00   0.00000000E+00   0.00000000E+00  -0.11370915E+02   0.14332667E+00  -0.15814200E+02
             0.99421782E-01  -0.12432980E+02   0.21902943E+00   0.67921167E+04   0.00000000E+00   0.11509897E+04   0.50964749E+04
             0.34797036E+03   0.19663547E+03   0.46166205E-01
         7   0.00000000E+00   0.00000000E+00   0.00000000E+00   0.00000000E+00   0.00000000E+00   0.00000000E+00   0.00000000E+00
             0.00000000E+00   0.00000000E+00   0.00000000E+00   0.00000000E+00  -0.11823605E+02   0.16919016E+00  -0.16058270E+02
             0.92977470E-01  -0.11721237E+02   0.15550795E+00   0.60216703E+04   0.00000000E+00   0.19093956E+03   0.52279491E+04
             0.52036003E+03   0.82400590E+02   0.21097908E-01
         8   0.00000000E+00   0.00000000E+00   0.00000000E+00   0.00000000E+00   0.00000000E+00   0.00000000E+00   0.00000000E+00
             0.00000000E+00   0.00000000E+00   0.00000000E+00   0.00000000E+00  -0.11632834E+02   0.17452676E+00  -0.16309508E+02
             0.10405308E+00  -0.12480494E+02   0.56477630E-01   0.60465172E+04   0.00000000E+00   0.65319113E+02   0.54026638E+04
             0.53554575E+03   0.42973815E+02   0.14704597E-01
         9   0.00000000E+00   0.00000000E+00   0.00000000E+00   0.00000000E+00   0.00000000E+00   0.00000000E+00   0.00000000E+00
             0.00000000E+00   0.00000000E+00   0.00000000E+00   0.00000000E+00  -0.11458233E+02   0.20355005E+00  -0.16007984E+02
             0.36681307E-01  -0.11884822E+02   0.32840936E+00   0.58370378E+04   0.00000000E+00   0.70583168E+02   0.57363778E+04
             0.21359022E-02   0.30074592E+02   0.98927251E-04
        10   0.00000000E+00   0.00000000E+00   0.00000000E+00   0.00000000E+00   0.00000000E+00   0.00000000E+00   0.00000000E+00
             0.00000000E+00   0.00000000E+00   0.00000000E+00   0.00000000E+00  -0.11620059E+02   0.13881092E+00  -0.15889145E+02
             0.12388701E+00  -0.11118205E+02   0.31175128E+00   0.63541144E+04   0.00000000E+00   0.91725777E+03   0.45725783E+04
             0.69584019E+03   0.16838017E+03   0.57904096E-01
        11   0.00000000E+00   0.00000000E+00   0.00000000E+00   0.00000000E+00   0.00000000E+00   0.00000000E+00   0.00000000E+00
             0.00000000E+00   0.00000000E+00   0.00000000E+00   0.00000000E+00  -0.12246039E+02   0.17761655E+00  -0.16212782E+02
             0.86049880E-01  -0.11717855E+02   0.34005605E+00   0.60157462E+04   0.00000000E+00   0.37340965E+03   0.54812355E+04
             0.10281340E+03   0.58279496E+02   0.81218947E-02
        12   0.00000000E+00   0.00000000E+00   0.00000000E+00   0.00000000E+00   0.00000000E+00   0.00000000E+00   0.00000000E+00
             0.00000000E+00   0.00000000E+00   0.00000000E+00   0.00000000E+00  -0.11114999E+02   0.16643075E+00  -0.15442947E+02
             0.70261172E-01  -0.13177509E+02   0.22551061E+00   0.60772545E+04   0.00000000E+00   0.39741995E+02   0.54623612E+04
             0.21621601E-04   0.57514088E+03   0.10421804E-01
        13   0.00000000E+00   0.00000000E+00   0.00000000E+00   0.00000000E+00   0.00000000E+00   0.00000000E+00   0.00000000E+00
             0.00000000E+00   0.00000000E+00   0.00000000E+00   0.00000000E+00  -0.11539383E+02   0.18368766E+00  -0.15653653E+02
             0.22803195E-01  -0.13195926E+02   0.95437842E-01   0.58198080E+04   0.00000000E+00   0.50870773E+02   0.56246508E+04
             0.38366536E+00   0.14389449E+03   0.83587222E-02

 *****  WARNING  *****
 * TOUGH2 simulation No.  14 terminated abnormally! Simulation time  : 0.19098323E+02  [a] .
 * Most likely cause: Convergence failure following steps that converged on ITER=1                    
 * Will accept    5 more failures before stopping!
 *****  WARNING  *****
        14   0.00000000E+00   0.00000000E+00   0.00000000E+00   0.00000000E+00   0.00000000E+00   0.00000000E+00   0.00000000E+00
             0.00000000E+00   0.00000000E+00   0.00000000E+00   0.00000000E+00  -0.11490396E+02   0.74120713E-01  -0.16568833E+02
             0.57727410E-01  -0.12667842E+02   0.14862160E+00   0.66240115E+04   0.00000000E+00   0.83575110E+03   0.53636572E+04
             0.30500257E+03   0.11946806E+03   0.13254883E+00
        15   0.00000000E+00   0.00000000E+00   0.00000000E+00   0.00000000E+00   0.00000000E+00   0.00000000E+00   0.00000000E+00
             0.00000000E+00   0.00000000E+00   0.00000000E+00   0.00000000E+00  -0.11390542E+02   0.15732371E+00  -0.15635322E+02
             0.13725800E+00  -0.13666399E+02   0.20452052E+00   0.68342843E+04   0.00000000E+00   0.89024467E+02   0.51960086E+04
             0.30545955E-03   0.15492227E+04   0.28252765E-01
        16   0.00000000E+00   0.00000000E+00   0.00000000E+00   0.00000000E+00   0.00000000E+00   0.00000000E+00   0.00000000E+00
             0.00000000E+00   0.00000000E+00   0.00000000E+00   0.00000000E+00  -0.11272956E+02   0.17340858E+00  -0.15220959E+02
             0.11059940E+00  -0.12665754E+02   0.17408977E+00   0.62623128E+04   0.00000000E+00   0.89368472E+02   0.53693348E+04
             0.10643017E+00   0.80349548E+03   0.76504708E-02
        17   0.00000000E+00   0.00000000E+00   0.00000000E+00   0.00000000E+00   0.00000000E+00   0.00000000E+00   0.00000000E+00
             0.00000000E+00   0.00000000E+00   0.00000000E+00   0.00000000E+00  -0.11721159E+02   0.13969087E+00  -0.16141015E+02
             0.69553922E-01  -0.12342330E+02   0.15895555E+00   0.67267662E+04   0.00000000E+00   0.84759490E+03   0.47397903E+04
             0.10696640E+04   0.69622786E+02   0.94327932E-01
        18   0.00000000E+00   0.00000000E+00   0.00000000E+00   0.00000000E+00   0.00000000E+00   0.00000000E+00   0.00000000E+00
             0.00000000E+00   0.00000000E+00   0.00000000E+00   0.00000000E+00  -0.11839071E+02   0.17704739E+00  -0.16768900E+02
             0.10211853E+00  -0.12964504E+02   0.13831317E+00   0.59003992E+04   0.00000000E+00   0.25335703E+03   0.56207843E+04
             0.15165208E+02   0.11075635E+02   0.17051136E-01
        19   0.00000000E+00   0.00000000E+00   0.00000000E+00   0.00000000E+00   0.00000000E+00   0.00000000E+00   0.00000000E+00
             0.00000000E+00   0.00000000E+00   0.00000000E+00   0.00000000E+00  -0.11934965E+02   0.24796652E+00  -0.15531545E+02
             0.89944687E-01  -0.12709536E+02   0.23477949E+00   0.59085211E+04   0.00000000E+00   0.53927317E+00   0.56265336E+04
             0.83497214E-07   0.28144820E+03   0.28615794E-12
        20   0.00000000E+00   0.00000000E+00   0.00000000E+00   0.00000000E+00   0.00000000E+00   0.00000000E+00   0.00000000E+00
             0.00000000E+00   0.00000000E+00   0.00000000E+00   0.00000000E+00  -0.11685493E+02   0.20338904E+00  -0.16383477E+02
             0.11869978E+00  -0.12538649E+02   0.11419349E+00   0.58153670E+04   0.00000000E+00   0.71648846E+02   0.57057651E+04
             0.92013431E+01   0.28750227E+02   0.15155027E-02
        21   0.00000000E+00   0.00000000E+00   0.00000000E+00   0.00000000E+00   0.00000000E+00   0.00000000E+00   0.00000000E+00
             0.00000000E+00   0.00000000E+00   0.00000000E+00   0.00000000E+00  -0.11485082E+02   0.97890349E-01  -0.15543547E+02
             0.49835290E-01  -0.14315045E+02   0.92766933E-01   0.10703751E+05   0.00000000E+00   0.34078888E+03   0.44111729E+04
             0.15095834E+03   0.57999104E+04   0.92026022E+00
        22   0.00000000E+00   0.00000000E+00   0.00000000E+00   0.00000000E+00   0.00000000E+00   0.00000000E+00   0.00000000E+00
             0.00000000E+00   0.00000000E+00   0.00000000E+00   0.00000000E+00  -0.11417813E+02   0.14479487E+00  -0.15495383E+02
             0.14341342E+00  -0.11000160E+02   0.61077106E-01   0.58233669E+04   0.00000000E+00   0.61424729E+02   0.46394131E+04
             0.65289834E+03   0.46960300E+03   0.27701233E-01
        23   0.00000000E+00   0.00000000E+00   0.00000000E+00   0.00000000E+00   0.00000000E+00   0.00000000E+00   0.00000000E+00
             0.00000000E+00   0.00000000E+00   0.00000000E+00   0.00000000E+00  -0.11394425E+02   0.56935388E-01  -0.15845502E+02
             0.34261702E-01  -0.13726333E+02   0.12032152E+00   0.90762457E+04   0.00000000E+00   0.27937662E+04   0.40509852E+04
             0.13479279E+04   0.87636546E+03   0.72009534E+01
        24   0.00000000E+00   0.00000000E+00   0.00000000E+00   0.00000000E+00   0.00000000E+00   0.00000000E+00   0.00000000E+00
             0.00000000E+00   0.00000000E+00   0.00000000E+00   0.00000000E+00  -0.11953610E+02   0.18274589E+00  -0.16385498E+02
             0.13909818E+00  -0.12691705E+02   0.33561432E+00   0.60810222E+04   0.00000000E+00   0.49526336E+03   0.55408977E+04
             0.18631153E+00   0.44664260E+02   0.10560953E-01

 *****  WARNING  *****
 * TOUGH2 simulation No.  25 terminated abnormally! Simulation time  : 0.29331767E+02  [a] .
 * Most likely cause: Convergence failure following steps that converged on ITER=1                    
 * Will accept    4 more failures before stopping!
 *****  WARNING  *****
        25   0.00000000E+00   0.00000000E+00   0.00000000E+00   0.00000000E+00   0.00000000E+00   0.00000000E+00   0.00000000E+00
             0.00000000E+00   0.00000000E+00   0.00000000E+00   0.00000000E+00  -0.11131335E+02   0.13923209E+00  -0.15865182E+02
             0.11086116E+00  -0.13206225E+02   0.18464065E+00   0.60782999E+04   0.00000000E+00   0.34344233E+03   0.54083544E+04
             0.19975428E+00   0.32624829E+03   0.55083118E-01
        26   0.00000000E+00   0.00000000E+00   0.00000000E+00   0.00000000E+00   0.00000000E+00   0.00000000E+00   0.00000000E+00
             0.00000000E+00   0.00000000E+00   0.00000000E+00   0.00000000E+00  -0.11506910E+02   0.20423822E+00  -0.16600596E+02
             0.13994395E+00  -0.12930897E+02   0.21607472E+00   0.58218571E+04   0.00000000E+00   0.21872101E+02   0.57841593E+04
             0.62917992E-05   0.15825060E+02   0.66024119E-03
        27   0.00000000E+00   0.00000000E+00   0.00000000E+00   0.00000000E+00   0.00000000E+00   0.00000000E+00   0.00000000E+00
             0.00000000E+00   0.00000000E+00   0.00000000E+00   0.00000000E+00  -0.11756190E+02   0.20582776E+00  -0.15730136E+02
             0.67702575E-01  -0.12938552E+02   0.26782739E+00   0.58489441E+04   0.00000000E+00   0.44959889E+02   0.56161827E+04
             0.10880678E-04   0.18780084E+03   0.63465669E-03
        28   0.00000000E+00   0.00000000E+00   0.00000000E+00   0.00000000E+00   0.00000000E+00   0.00000000E+00   0.00000000E+00
             0.00000000E+00   0.00000000E+00   0.00000000E+00   0.00000000E+00  -0.11402671E+02   0.16734256E+00  -0.15931401E+02
             0.55589624E-01  -0.14535989E+02   0.12947973E+00   0.73974524E+04   0.00000000E+00   0.12770395E+02   0.51491187E+04
             0.38307318E-01   0.22355200E+04   0.50211144E-02
        29   0.00000000E+00   0.00000000E+00   0.00000000E+00   0.00000000E+00   0.00000000E+00   0.00000000E+00   0.00000000E+00
             0.00000000E+00   0.00000000E+00   0.00000000E+00   0.00000000E+00  -0.11726335E+02   0.84342116E-01  -0.15834367E+02
             0.95529935E-01  -0.11681324E+02   0.10686096E+00   0.57039766E+04   0.00000000E+00   0.55136504E+03   0.26506544E+04
             0.22734402E+04   0.22811192E+03   0.40507493E+00
        30   0.00000000E+00   0.00000000E+00   0.00000000E+00   0.00000000E+00   0.00000000E+00   0.00000000E+00   0.00000000E+00
             0.00000000E+00   0.00000000E+00   0.00000000E+00   0.00000000E+00  -0.11714570E+02   0.10261337E+00  -0.15155405E+02
             0.93147045E-01  -0.12779043E+02   0.20621624E+00   0.10034069E+05   0.00000000E+00   0.32232663E+04   0.40324370E+04
             0.94391822E+03   0.18338829E+04   0.56496691E+00
        31   0.00000000E+00   0.00000000E+00   0.00000000E+00   0.00000000E+00   0.00000000E+00   0.00000000E+00   0.00000000E+00
             0.00000000E+00   0.00000000E+00   0.00000000E+00   0.00000000E+00  -0.11295788E+02   0.16672395E+00  -0.16706694E+02
             0.14611383E+00  -0.12333178E+02   0.82202664E-01   0.60251009E+04   0.00000000E+00   0.13763793E+03   0.54723894E+04
             0.40840180E+03   0.66569269E+01   0.14906228E-01
        32   0.00000000E+00   0.00000000E+00   0.00000000E+00   0.00000000E+00   0.00000000E+00   0.00000000E+00   0.00000000E+00
             0.00000000E+00   0.00000000E+00   0.00000000E+00   0.00000000E+00  -0.11676879E+02   0.16802517E+00  -0.15189991E+02
             0.14121639E+00  -0.13559211E+02   0.18492523E+00   0.91078578E+04   0.00000000E+00   0.61236868E+02   0.48595358E+04
             0.50453414E-03   0.41870709E+04   0.13762180E-01

 *****  WARNING  *****
 * TOUGH2 simulation No.  33 terminated abnormally! Simulation time  : 0.23995998E+02  [a] .
 * Most likely cause: Convergence failure following steps that converged on ITER=1                    
 * Will accept    3 more failures before stopping!
 *****  WARNING  *****
        33   0.00000000E+00   0.00000000E+00   0.00000000E+00   0.00000000E+00   0.00000000E+00   0.00000000E+00   0.00000000E+00
             0.00000000E+00   0.00000000E+00   0.00000000E+00   0.00000000E+00  -0.11321074E+02   0.15392559E+00  -0.16072044E+02
             0.51165677E-01  -0.12309378E+02   0.33577948E+00   0.77726015E+04   0.00000000E+00   0.72242799E+02   0.52069500E+04
             0.49849720E-03   0.24933943E+04   0.13808162E-01
        34   0.00000000E+00   0.00000000E+00   0.00000000E+00   0.00000000E+00   0.00000000E+00   0.00000000E+00   0.00000000E+00
             0.00000000E+00   0.00000000E+00   0.00000000E+00   0.00000000E+00  -0.11483717E+02   0.97630578E-01  -0.16560994E+02
             0.11731066E+00  -0.11203603E+02   0.30585583E+00   0.69499834E+04   0.00000000E+00   0.23859880E+04   0.31532509E+04
             0.13945645E+04   0.16033181E+02   0.14672851E+00
        35   0.00000000E+00   0.00000000E+00   0.00000000E+00   0.00000000E+00   0.00000000E+00   0.00000000E+00   0.00000000E+00
             0.00000000E+00   0.00000000E+00   0.00000000E+00   0.00000000E+00  -0.11208659E+02   0.16016255E+00  -0.15902507E+02
             0.13978524E+00  -0.12076311E+02   0.14420015E+00   0.61647285E+04   0.00000000E+00   0.38006221E+03   0.52490893E+04
             0.38318004E+03   0.15238256E+03   0.14435177E-01
        36   0.00000000E+00   0.00000000E+00   0.00000000E+00   0.00000000E+00   0.00000000E+00   0.00000000E+00   0.00000000E+00
             0.00000000E+00   0.00000000E+00   0.00000000E+00   0.00000000E+00  -0.11743570E+02   0.20912605E+00  -0.16633678E+02
             0.75058192E-01  -0.12920990E+02   0.24591833E+00   0.58264753E+04   0.00000000E+00   0.44768311E+02   0.57678879E+04
             0.22570264E-04   0.13818592E+02   0.47414462E-03
        37   0.00000000E+00   0.00000000E+00   0.00000000E+00   0.00000000E+00   0.00000000E+00   0.00000000E+00   0.00000000E+00
             0.00000000E+00   0.00000000E+00   0.00000000E+00   0.00000000E+00  -0.11437510E+02   0.19424344E+00  -0.16243464E+02
             0.57011734E-01  -0.13846532E+02   0.63097452E-01   0.58485157E+04   0.00000000E+00   0.78788574E+01   0.56479245E+04
             0.65426053E-02   0.19270469E+03   0.11388306E-02
        38   0.00000000E+00   0.00000000E+00   0.00000000E+00   0.00000000E+00   0.00000000E+00   0.00000000E+00   0.00000000E+00
             0.00000000E+00   0.00000000E+00   0.00000000E+00   0.00000000E+00  -0.11536586E+02   0.11951398E+00  -0.16991077E+02
             0.34810094E-01  -0.11211043E+02   0.95526088E-01   0.54801016E+04   0.00000000E+00   0.23006141E+03   0.40231968E+04
             0.12248305E+04   0.19136308E+01   0.99342204E-01
        39   0.00000000E+00   0.00000000E+00   0.00000000E+00   0.00000000E+00   0.00000000E+00   0.00000000E+00   0.00000000E+00
             0.00000000E+00   0.00000000E+00   0.00000000E+00   0.00000000E+00  -0.11401353E+02   0.18991436E+00  -0.16944261E+02
             0.88509836E-01  -0.13429381E+02   0.59469584E-01   0.58198563E+04   0.00000000E+00   0.16040972E+02   0.57931170E+04
             0.18979732E+00   0.10504805E+02   0.36814168E-02

 *****  WARNING  *****
 * TOUGH2 simulation No.  40 terminated abnormally! Simulation time  : 0.20594023E+02  [a] .
 * Most likely cause: Convergence failure following steps that converged on ITER=1                    
 * Will accept    2 more failures before stopping!
 *****  WARNING  *****
        40   0.00000000E+00   0.00000000E+00   0.00000000E+00   0.00000000E+00   0.00000000E+00   0.00000000E+00   0.00000000E+00
             0.00000000E+00   0.00000000E+00   0.00000000E+00   0.00000000E+00  -0.11630250E+02   0.82828674E-01  -0.15628102E+02
             0.12468804E+00  -0.12337931E+02   0.14626545E+00   0.67817443E+04   0.00000000E+00   0.70089000E+03   0.53039865E+04
             0.57320549E+03   0.20358891E+03   0.73460456E-01
        41   0.00000000E+00   0.00000000E+00   0.00000000E+00   0.00000000E+00   0.00000000E+00   0.00000000E+00   0.00000000E+00
             0.00000000E+00   0.00000000E+00   0.00000000E+00   0.00000000E+00  -0.11640092E+02   0.15507356E+00  -0.15008055E+02
             0.13990050E+00  -0.12984504E+02   0.58153377E-01   0.82023317E+04   0.00000000E+00   0.91351873E+02   0.48392789E+04
             0.19706793E+03   0.30745990E+04   0.34058352E-01
        42   0.00000000E+00   0.00000000E+00   0.00000000E+00   0.00000000E+00   0.00000000E+00   0.00000000E+00   0.00000000E+00
             0.00000000E+00   0.00000000E+00   0.00000000E+00   0.00000000E+00  -0.11443622E+02   0.12223645E+00  -0.15860229E+02
             0.10533732E+00  -0.13468172E+02   0.14657415E+00   0.63918875E+04   0.00000000E+00   0.59880157E+03   0.51701755E+04
             0.10679208E+02   0.61195935E+03   0.27184587E+00
        43   0.00000000E+00   0.00000000E+00   0.00000000E+00   0.00000000E+00   0.00000000E+00   0.00000000E+00   0.00000000E+00
             0.00000000E+00   0.00000000E+00   0.00000000E+00   0.00000000E+00  -0.12077892E+02   0.14356507E+00  -0.15697841E+02
             0.79989348E-01  -0.11253863E+02   0.95990333E-01   0.59587741E+04   0.00000000E+00   0.12106877E+03   0.47825378E+04
             0.83414923E+03   0.22090583E+03   0.11254634E+00
        44   0.00000000E+00   0.00000000E+00   0.00000000E+00   0.00000000E+00   0.00000000E+00   0.00000000E+00   0.00000000E+00
             0.00000000E+00   0.00000000E+00   0.00000000E+00   0.00000000E+00  -0.11959503E+02   0.17668422E+00  -0.16248426E+02
             0.80899646E-01  -0.13639185E+02   0.51586978E-01   0.58200451E+04   0.00000000E+00   0.53832835E+02   0.55582925E+04
             0.10528950E+02   0.19738000E+03   0.10793056E-01
        45   0.00000000E+00   0.00000000E+00   0.00000000E+00   0.00000000E+00   0.00000000E+00   0.00000000E+00   0.00000000E+00
             0.00000000E+00   0.00000000E+00   0.00000000E+00   0.00000000E+00  -0.11677329E+02   0.19432460E+00  -0.15886127E+02
             0.96888433E-01  -0.12596940E+02   0.13728306E+00   0.58452249E+04   0.00000000E+00   0.11130679E+03   0.55806153E+04
             0.81520600E+01   0.14514695E+03   0.37986164E-02
        46   0.00000000E+00   0.00000000E+00   0.00000000E+00   0.00000000E+00   0.00000000E+00   0.00000000E+00   0.00000000E+00
             0.00000000E+00   0.00000000E+00   0.00000000E+00   0.00000000E+00  -0.11195021E+02   0.98148408E-01  -0.16109111E+02
             0.69806332E-01  -0.11636162E+02   0.30738915E+00   0.81211626E+04   0.00000000E+00   0.35659680E+04   0.30660426E+04
             0.14210745E+04   0.68012876E+02   0.64625339E-01
        47   0.00000000E+00   0.00000000E+00   0.00000000E+00   0.00000000E+00   0.00000000E+00   0.00000000E+00   0.00000000E+00
             0.00000000E+00   0.00000000E+00   0.00000000E+00   0.00000000E+00  -0.12211470E+02   0.12507692E+00  -0.15605907E+02
             0.11202572E+00  -0.11966636E+02   0.22625933E+00   0.70204374E+04   0.00000000E+00   0.95249021E+03   0.43950163E+04
             0.11693549E+04   0.50329400E+03   0.28206523E+00
        48   0.00000000E+00   0.00000000E+00   0.00000000E+00   0.00000000E+00   0.00000000E+00   0.00000000E+00   0.00000000E+00
             0.00000000E+00   0.00000000E+00   0.00000000E+00   0.00000000E+00  -0.11780580E+02   0.65611074E-01  -0.16331121E+02
             0.10761367E+00  -0.12121614E+02   0.72244282E-01   0.57440241E+04   0.00000000E+00   0.49497455E+03   0.19447678E+04
             0.32335086E+04   0.69985941E+02   0.78726914E+00
        49   0.00000000E+00   0.00000000E+00   0.00000000E+00   0.00000000E+00   0.00000000E+00   0.00000000E+00   0.00000000E+00
             0.00000000E+00   0.00000000E+00   0.00000000E+00   0.00000000E+00  -0.11530670E+02   0.19491798E+00  -0.15930884E+02
             0.81445832E-01  -0.13456203E+02   0.14946770E+00   0.58858578E+04   0.00000000E+00   0.20173590E+02   0.55929170E+04
             0.10636937E-03   0.27276516E+03   0.20033402E-02
        50   0.00000000E+00   0.00000000E+00   0.00000000E+00   0.00000000E+00   0.00000000E+00   0.00000000E+00   0.00000000E+00
             0.00000000E+00   0.00000000E+00   0.00000000E+00   0.00000000E+00  -0.11762667E+02   0.91786218E-01  -0.15574936E+02
             0.75612829E-01  -0.12931330E+02   0.22359593E+00   0.10592789E+05   0.00000000E+00   0.48908563E+04   0.40662650E+04
             0.10133104E+04   0.62123049E+03   0.11266359E+01
        51   0.00000000E+00   0.00000000E+00   0.00000000E+00   0.00000000E+00   0.00000000E+00   0.00000000E+00   0.00000000E+00
             0.00000000E+00   0.00000000E+00   0.00000000E+00   0.00000000E+00  -0.11668881E+02   0.13595475E+00  -0.16806557E+02
             0.81351357E-01  -0.14159532E+02   0.59637650E-01   0.58194937E+04   0.00000000E+00   0.13765244E+03   0.54788363E+04
             0.28748964E+02   0.17414623E+03   0.10978185E+00
        52   0.00000000E+00   0.00000000E+00   0.00000000E+00   0.00000000E+00   0.00000000E+00   0.00000000E+00   0.00000000E+00
             0.00000000E+00   0.00000000E+00   0.00000000E+00   0.00000000E+00  -0.11628805E+02   0.18731704E+00  -0.15746774E+02
             0.59081211E-01  -0.11736421E+02   0.16392648E+00   0.59001731E+04   0.00000000E+00   0.11670599E+03   0.54844917E+04
             0.19840136E+03   0.10056795E+03   0.61128863E-02
        53   0.00000000E+00   0.00000000E+00   0.00000000E+00   0.00000000E+00   0.00000000E+00   0.00000000E+00   0.00000000E+00
             0.00000000E+00   0.00000000E+00   0.00000000E+00   0.00000000E+00  -0.11489280E+02   0.15119199E+00  -0.16537781E+02
             0.14672747E+00  -0.13069983E+02   0.10723767E+00   0.59115148E+04   0.00000000E+00   0.29078954E+03   0.55128736E+04
             0.69005205E+02   0.38781564E+02   0.64885335E-01
        54   0.00000000E+00   0.00000000E+00   0.00000000E+00   0.00000000E+00   0.00000000E+00   0.00000000E+00   0.00000000E+00
             0.00000000E+00   0.00000000E+00   0.00000000E+00   0.00000000E+00  -0.11185549E+02   0.15914654E+00  -0.15253036E+02
             0.10023300E+00  -0.11380585E+02   0.57453627E-01   0.60579029E+04   0.00000000E+00   0.37053913E+02   0.51065608E+04
             0.42359901E+03   0.49068044E+03   0.88124583E-02
        55   0.00000000E+00   0.00000000E+00   0.00000000E+00   0.00000000E+00   0.00000000E+00   0.00000000E+00   0.00000000E+00
             0.00000000E+00   0.00000000E+00   0.00000000E+00   0.00000000E+00  -0.11706986E+02   0.12858644E+00  -0.15319789E+02
             0.76229365E-01  -0.11721826E+02   0.14436913E+00   0.64364796E+04   0.00000000E+00   0.45358343E+03   0.42219417E+04
             0.12696858E+04   0.49115333E+03   0.11544221E+00

 *****  WARNING  *****
 * TOUGH2 simulation No.  56 terminated abnormally! Simulation time  : 0.15869620E+02  [a] .
 * Most likely cause: Convergence failure following steps that converged on ITER=1                    
 * Will accept    1 more failures before stopping!
 *****  WARNING  *****
        56   0.00000000E+00   0.00000000E+00   0.00000000E+00   0.00000000E+00   0.00000000E+00   0.00000000E+00   0.00000000E+00
             0.00000000E+00   0.00000000E+00   0.00000000E+00   0.00000000E+00  -0.11286861E+02   0.89383096E-01  -0.15353149E+02
             0.99003238E-01  -0.11470254E+02   0.14824447E+00   0.64732963E+04   0.00000000E+00   0.48206013E+03   0.41872880E+04
             0.12819571E+04   0.52187471E+03   0.11633961E+00
        57   0.00000000E+00   0.00000000E+00   0.00000000E+00   0.00000000E+00   0.00000000E+00   0.00000000E+00   0.00000000E+00
             0.00000000E+00   0.00000000E+00   0.00000000E+00   0.00000000E+00  -0.11683129E+02   0.14661393E+00  -0.16977680E+02
             0.60986393E-01  -0.12081204E+02   0.96142837E-01   0.62819732E+04   0.00000000E+00   0.23621880E+03   0.48645337E+04
             0.11788413E+04   0.23196579E+01   0.59757888E-01
        58   0.00000000E+00   0.00000000E+00   0.00000000E+00   0.00000000E+00   0.00000000E+00   0.00000000E+00   0.00000000E+00
             0.00000000E+00   0.00000000E+00   0.00000000E+00   0.00000000E+00  -0.11392858E+02   0.23713657E+00  -0.15661547E+02
             0.56981533E-01  -0.11426724E+02   0.31389730E+00   0.58280323E+04   0.00000000E+00   0.39185237E-02   0.57494726E+04
             0.13894515E-07   0.78555730E+02   0.38703559E-10
        59   0.00000000E+00   0.00000000E+00   0.00000000E+00   0.00000000E+00   0.00000000E+00   0.00000000E+00   0.00000000E+00
             0.00000000E+00   0.00000000E+00   0.00000000E+00   0.00000000E+00  -0.11557980E+02   0.17943439E+00  -0.16641018E+02
             0.70212694E-01  -0.11630598E+02   0.31657535E+00   0.60974240E+04   0.00000000E+00   0.40110647E+03   0.54939597E+04
             0.19568545E+03   0.66615924E+01   0.10757044E-01
        60   0.00000000E+00   0.00000000E+00   0.00000000E+00   0.00000000E+00   0.00000000E+00   0.00000000E+00   0.00000000E+00
             0.00000000E+00   0.00000000E+00   0.00000000E+00   0.00000000E+00  -0.11735206E+02   0.15633907E+00  -0.16027396E+02
             0.13599297E+00  -0.12645882E+02   0.96478966E-01   0.62566292E+04   0.00000000E+00   0.29465314E+03   0.51503593E+04
             0.64271706E+03   0.16885472E+03   0.44959999E-01
        61   0.00000000E+00   0.00000000E+00   0.00000000E+00   0.00000000E+00   0.00000000E+00   0.00000000E+00   0.00000000E+00
             0.00000000E+00   0.00000000E+00   0.00000000E+00   0.00000000E+00  -0.11940376E+02   0.18469415E+00  -0.15227562E+02
             0.96848532E-01  -0.12442618E+02   0.11008634E+00   0.63221865E+04   0.00000000E+00   0.13243225E+03   0.52281717E+04
             0.17126226E+03   0.79031407E+03   0.62026172E-02
        62   0.00000000E+00   0.00000000E+00   0.00000000E+00   0.00000000E+00   0.00000000E+00   0.00000000E+00   0.00000000E+00
             0.00000000E+00   0.00000000E+00   0.00000000E+00   0.00000000E+00  -0.11271139E+02   0.11316817E+00  -0.16970625E+02
             0.39504245E-01  -0.13579876E+02   0.13848517E+00   0.61524561E+04   0.00000000E+00   0.68879344E+03   0.54217300E+04
             0.23843799E+02   0.17694766E+02   0.39402708E+00
        63   0.00000000E+00   0.00000000E+00   0.00000000E+00   0.00000000E+00   0.00000000E+00   0.00000000E+00   0.00000000E+00
             0.00000000E+00   0.00000000E+00   0.00000000E+00   0.00000000E+00  -0.11429616E+02   0.16378051E+00  -0.16768467E+02
             0.62239463E-01  -0.11139351E+02   0.27175242E+00   0.60544528E+04   0.00000000E+00   0.42547618E+03   0.52665925E+04
             0.35867763E+03   0.36875034E+01   0.18998265E-01

 *****  WARNING  *****
 * TOUGH2 simulation No.  64 terminated abnormally! Simulation time  : 0.12976144E+02  [a] .
 * Most likely cause: Convergence failure following steps that converged on ITER=1                    
 * Will accept    0 more failures before stopping!
 *****  WARNING  *****

 *****  ERROR  *****
 * TOUGH2 terminated prematurely!
 * Simulation time 0.12976144E+02  [a]  was too short, i.e.,
 * run did not reach time of last calibration point at 0.30000000E+02  [a] !
 *****  ERROR  *****


 **********************************************************************************************************************************
                                                         RESIDUAL ANALYSIS
 **********************************************************************************************************************************

 RESIDUAL : Measured - computed
 BC       : Box-Cox transformed data
 C.O.F.   : Relative contribution to final objective function
 STD. DEV.: A posteriori standard deviation of calculated system response
 Yi       : Local reliability or influence. Observations with Yi < 0.25 are poorly controlled.
 Wi       : Studentized residual. If abs(Wi) > u(0.95) = 1.96 observation is potential outlier.
 IOD      : Relative impact [%] of omitting observation based on D-optimality criterion                                          

 ----------------------------------------------------------------------------------------------------------------------------------
   #  OBSERVATION   AT TIME  [a]      MEASURED     COMPUTED     RESIDUAL     WEIGHT C.O.F [%]    STD. DEV.    Yi      Wi        IOD
 ----------------------------------------------------------------------------------------------------------------------------------
   1  r_left                      -0.85000E+03 -0.85000E+03  0.00000E+00  0.200E-01     0.000  0.00000E+00                    0.000
   2  r_right                     -0.85000E+03 -0.85000E+03  0.00000E+00  0.200E-01     0.000  0.00000E+00                    0.000
   3  r_upper                     -0.65000E+03 -0.65000E+03  0.00000E+00  0.200E-01     0.000  0.00000E+00                    0.000
   4  s_upper                     -0.45000E+03 -0.45000E+03  0.00000E+00  0.400E-01     0.000  0.00000E+00                    0.000
   5  f_r_top                      0.90000E+03  0.90000E+03  0.00000E+00  0.400E-02     0.000  0.00000E+00                    0.000
   6  f_r_base                     0.90000E+03  0.90000E+03  0.00000E+00  0.000E+00     0.000  0.00000E+00                    0.000
   7  f_g_top                      0.90000E+03  0.90000E+03  0.00000E+00  0.000E+00     0.000  0.00000E+00                    0.000
   8  f_l_top                      0.90000E+03  0.90000E+03  0.00000E+00  0.000E+00     0.000  0.00000E+00                    0.000
   9  f_l_base                     0.90000E+03  0.90000E+03  0.00000E+00  0.000E+00     0.000  0.00000E+00                    0.000
  10  f_cov                        0.90000E+03  0.90000E+03  0.00000E+00  0.000E+00     0.000  0.00000E+00                    0.000
  11  f_cap                        0.90000E+03  0.90000E+03  0.00000E+00  0.000E+00     0.000  0.00000E+00                    0.000
  12  perm_res                    -0.11523E+02 -0.11537E+02  0.13708E-01  0.333E+01     0.000  0.00000E+00                    0.000
  13  por_res                      0.15000E+00  0.11951E+00  0.30486E-01  0.200E+02     0.007  0.00000E+00                    0.000
  14  perm_cap                    -0.16000E+02 -0.16991E+02  0.99108E+00  0.100E+01     0.018  0.00000E+00                    0.000
  15  por_cap                      0.10250E+00  0.34810E-01  0.67690E-01  0.200E+02     0.033  0.00000E+00                    0.000
  16  perm_fault                  -0.12000E+02 -0.11211E+02 -0.78896E+00  0.667E+00     0.005  0.00000E+00                    0.000
  17  por_fault                    0.15000E+00  0.95526E-01  0.54474E-01  0.100E+02     0.005  0.00000E+00                    0.000
   1  PEST          1dummy         0.00000E+00  0.00000E+00  0.00000E+00  0.100E-19     0.000  0.69532-309  0.00 *  0.00      0.000
  19  tFault          0.10000E+01  0.00000E+00  0.29634E-22 -0.29634E-22  0.100E-07     0.000  0.00000E+00  0.00 *  0.00      0.000
  24  tFault          0.20000E+01  0.00000E+00  0.25446E-15 -0.25446E-15  0.100E-07     0.000  0.00000E+00  0.00 *  0.00      0.000
  29  tFault          0.30000E+01  0.00000E+00  0.45486E-11 -0.45486E-11  0.100E-07     0.000  0.00000E+00  0.00 *  0.00      0.000
  34  tFault          0.40000E+01  0.00000E+00  0.51012E-08 -0.51012E-08  0.100E-07     0.000  0.00000E+00  0.00 *  0.00      0.000
  39  tFault          0.50000E+01  0.00000E+00  0.21408E-05 -0.21408E-05  0.100E-07     0.000  0.00000E+00  0.00 *  0.00      0.000
  44  tFault          0.60000E+01  0.00000E+00  0.66579E-03 -0.66579E-03  0.100E-07     0.000  0.00000E+00  0.00 *  0.00      0.000
  49  tFault          0.70000E+01  0.00000E+00  0.31380E-01 -0.31380E-01  0.100E-07     0.000  0.00000E+00  0.00 *  0.00      0.000
  54  tFault          0.80000E+01  0.00000E+00  0.14294E+01 -0.14294E+01  0.100E-07     0.000  0.00000E+00  0.00 *  0.00      0.000
  59  tFault          0.90000E+01  0.00000E+00  0.27807E+02 -0.27807E+02  0.100E-07     0.000  0.00000E+00  0.00 *  0.00      0.000
  64  tFault          0.10000E+02  0.00000E+00  0.33065E+03 -0.33065E+03  0.100E-07     0.000  0.00000E+00  0.00 *  0.00      0.000
  69  tFault          0.11000E+02  0.00000E+00  0.33394E+04 -0.33394E+04  0.100E-07     0.000  0.00000E+00  0.00 *  0.00      0.000
  74  tFault          0.12000E+02  0.00000E+00  0.25062E+05 -0.25062E+05  0.100E-07     0.000  0.00000E+00  0.00 *  0.00      0.000
  79  tFault          0.13000E+02  0.00000E+00  0.21193E+06 -0.21193E+06  0.100E-07     0.000  0.00000E+00  0.00 *  0.00      0.000
  84  tFault          0.14000E+02  0.00000E+00  0.10496E+07 -0.10496E+07  0.100E-07     0.000  0.00000E+00  0.00 *  0.00      0.000
  89  tFault          0.15000E+02  0.00000E+00  0.86440E+07 -0.86440E+07  0.100E-07     0.000  0.00000E+00  0.00 *  0.00      0.000
  94  tFault          0.16000E+02  0.00000E+00  0.11443E+09 -0.11443E+09  0.100E-07     0.024  0.00000E+00  0.00 *  0.00      0.000
  99  tFault          0.17000E+02  0.00000E+00  0.19279E+09 -0.19279E+09  0.100E-07     0.068  0.00000E+00  0.00 *  0.00      0.000
 104  tFault          0.18000E+02  0.00000E+00  0.25195E+09 -0.25195E+09  0.100E-07     0.116  0.00000E+00  0.00 *  0.00      0.000
 109  tFault          0.19000E+02  0.00000E+00  0.30420E+09 -0.30420E+09  0.100E-07     0.169  0.00000E+00  0.00 *  0.00      0.000
 114  tFault          0.20000E+02  0.00000E+00  0.35110E+09 -0.35110E+09  0.100E-07     0.225  0.00000E+00  0.00 *  0.00      0.000
 119  tFault          0.21000E+02  0.00000E+00  0.39098E+09 -0.39098E+09  0.100E-07     0.279  0.00000E+00  0.00 *  0.00      0.000
 124  tFault          0.22000E+02  0.00000E+00  0.41952E+09 -0.41952E+09  0.100E-07     0.321  0.00000E+00  0.00 *  0.00      0.000
 129  tFault          0.23000E+02  0.00000E+00  0.43170E+09 -0.43170E+09  0.100E-07     0.340  0.00000E+00  0.00 *  0.00      0.000
 134  tFault          0.24000E+02  0.00000E+00  0.43741E+09 -0.43741E+09  0.100E-07     0.349  0.00000E+00  0.00 *  0.00      0.000
 139  tFault          0.25000E+02  0.00000E+00  0.44362E+09 -0.44362E+09  0.100E-07     0.359  0.00000E+00  0.00 *  0.00      0.000
 144  tFault          0.26000E+02  0.00000E+00  0.44982E+09 -0.44982E+09  0.100E-07     0.369  0.00000E+00  0.00 *  0.00      0.000
 149  tFault          0.27000E+02  0.00000E+00  0.45622E+09 -0.45622E+09  0.100E-07     0.380  0.00000E+00  0.00 *  0.00      0.000
 154  tFault          0.28000E+02  0.00000E+00  0.46235E+09 -0.46235E+09  0.100E-07     0.390  0.00000E+00  0.00 *  0.00      0.000
 159  tFault          0.29000E+02  0.00000E+00  0.46811E+09 -0.46811E+09  0.100E-07     0.400  0.00000E+00  0.00 *  0.00      0.000
 164  tFault          0.30000E+02  0.00000E+00  0.47358E+09 -0.47358E+09  0.100E-07     0.409  0.00000E+00  0.00 *  0.00      0.000
  20  tRes            0.10000E+01  0.00000E+00  0.78874E+09 -0.78874E+09  0.100E-08     0.011  0.00000E+00  0.00 *  0.00      0.000
  25  tRes            0.20000E+01  0.00000E+00  0.15772E+10 -0.15772E+10  0.100E-08     0.045  0.00000E+00  0.00 *  0.00      0.000
  30  tRes            0.30000E+01  0.00000E+00  0.23655E+10 -0.23655E+10  0.100E-08     0.102  0.00000E+00  0.00 *  0.00      0.000
  35  tRes            0.40000E+01  0.00000E+00  0.31537E+10 -0.31537E+10  0.100E-08     0.181  0.00000E+00  0.00 *  0.00      0.000
  40  tRes            0.50000E+01  0.00000E+00  0.39417E+10 -0.39417E+10  0.100E-08     0.284  0.00000E+00  0.00 *  0.00      0.000
  45  tRes            0.60000E+01  0.00000E+00  0.47297E+10 -0.47297E+10  0.100E-08     0.408  0.00000E+00  0.00 *  0.00      0.000
  50  tRes            0.70000E+01  0.00000E+00  0.55175E+10 -0.55175E+10  0.100E-08     0.556  0.00000E+00  0.00 *  0.00      0.000
  55  tRes            0.80000E+01  0.00000E+00  0.63053E+10 -0.63053E+10  0.100E-08     0.725  0.00000E+00  0.00 *  0.00      0.000
  60  tRes            0.90000E+01  0.00000E+00  0.70929E+10 -0.70929E+10  0.100E-08     0.918  0.00000E+00  0.00 *  0.00      0.000
  65  tRes            0.10000E+02  0.00000E+00  0.78805E+10 -0.78805E+10  0.100E-08     1.133  0.00000E+00  0.00 *  0.00      0.000
  70  tRes            0.11000E+02  0.00000E+00  0.86679E+10 -0.86679E+10  0.100E-08     1.371  0.00000E+00  0.00 *  0.00      0.000
  75  tRes            0.12000E+02  0.00000E+00  0.94552E+10 -0.94552E+10  0.100E-08     1.631  0.00000E+00  0.00 *  0.00      0.000
  80  tRes            0.13000E+02  0.00000E+00  0.10242E+11 -0.10242E+11  0.100E-08     1.914  0.00000E+00  0.00 *  0.00      0.000
  85  tRes            0.14000E+02  0.00000E+00  0.11029E+11 -0.11029E+11  0.100E-08     2.219  0.00000E+00  0.00 *  0.00      0.000
  90  tRes            0.15000E+02  0.00000E+00  0.11808E+11 -0.11808E+11  0.100E-08     2.544  0.00000E+00  0.00 *  0.00      0.000
  95  tRes            0.16000E+02  0.00000E+00  0.12488E+11 -0.12488E+11  0.100E-08     2.846  0.00000E+00  0.00 *  0.00      0.000
 100  tRes            0.17000E+02  0.00000E+00  0.13038E+11 -0.13038E+11  0.100E-08     3.102  0.00000E+00  0.00 *  0.00      0.000
 105  tRes            0.18000E+02  0.00000E+00  0.13459E+11 -0.13459E+11  0.100E-08     3.306  0.00000E+00  0.00 *  0.00      0.000
 110  tRes            0.19000E+02  0.00000E+00  0.13821E+11 -0.13821E+11  0.100E-08     3.486  0.00000E+00  0.00 *  0.00      0.000
 115  tRes            0.20000E+02  0.00000E+00  0.14144E+11 -0.14144E+11  0.100E-08     3.651  0.00000E+00  0.00 *  0.00      0.000
 120  tRes            0.21000E+02  0.00000E+00  0.14433E+11 -0.14433E+11  0.100E-08     3.801  0.00000E+00  0.00 *  0.00      0.000
 125  tRes            0.22000E+02  0.00000E+00  0.14696E+11 -0.14696E+11  0.100E-08     3.941  0.00000E+00  0.00 *  0.00      0.000
 130  tRes            0.23000E+02  0.00000E+00  0.14934E+11 -0.14934E+11  0.100E-08     4.070  0.00000E+00  0.00 *  0.00      0.000
 135  tRes            0.24000E+02  0.00000E+00  0.15152E+11 -0.15152E+11  0.100E-08     4.190  0.00000E+00  0.00 *  0.00      0.000
 140  tRes            0.25000E+02  0.00000E+00  0.15343E+11 -0.15343E+11  0.100E-08     4.296  0.00000E+00  0.00 *  0.00      0.000
 145  tRes            0.26000E+02  0.00000E+00  0.15514E+11 -0.15514E+11  0.100E-08     4.392  0.00000E+00  0.00 *  0.00      0.000
 150  tRes            0.27000E+02  0.00000E+00  0.15658E+11 -0.15658E+11  0.100E-08     4.474  0.00000E+00  0.00 *  0.00      0.000
 155  tRes            0.28000E+02  0.00000E+00  0.15781E+11 -0.15781E+11  0.100E-08     4.545  0.00000E+00  0.00 *  0.00      0.000
 160  tRes            0.29000E+02  0.00000E+00  0.15891E+11 -0.15891E+11  0.100E-08     4.608  0.00000E+00  0.00 *  0.00      0.000
 165  tRes            0.30000E+02  0.00000E+00  0.15988E+11 -0.15988E+11  0.100E-08     4.665  0.00000E+00  0.00 *  0.00      0.000
  21  tCover          0.10000E+01  0.00000E+00  0.46327E-11 -0.46327E-11  0.100E-07     0.000  0.00000E+00  0.00 *  0.00      0.000
  26  tCover          0.20000E+01  0.00000E+00  0.93840E-09 -0.93840E-09  0.100E-07     0.000  0.00000E+00  0.00 *  0.00      0.000
  31  tCover          0.30000E+01  0.00000E+00  0.15269E-07 -0.15269E-07  0.100E-07     0.000  0.00000E+00  0.00 *  0.00      0.000
  36  tCover          0.40000E+01  0.00000E+00  0.10541E-06 -0.10541E-06  0.100E-07     0.000  0.00000E+00  0.00 *  0.00      0.000
  41  tCover          0.50000E+01  0.00000E+00  0.46958E-06 -0.46958E-06  0.100E-07     0.000  0.00000E+00  0.00 *  0.00      0.000
  46  tCover          0.60000E+01  0.00000E+00  0.21197E-05 -0.21197E-05  0.100E-07     0.000  0.00000E+00  0.00 *  0.00      0.000
  51  tCover          0.70000E+01  0.00000E+00  0.43844E-04 -0.43844E-04  0.100E-07     0.000  0.00000E+00  0.00 *  0.00      0.000
  56  tCover          0.80000E+01  0.00000E+00  0.27397E-02 -0.27397E-02  0.100E-07     0.000  0.00000E+00  0.00 *  0.00      0.000
  61  tCover          0.90000E+01  0.00000E+00  0.89633E-01 -0.89633E-01  0.100E-07     0.000  0.00000E+00  0.00 *  0.00      0.000
  66  tCover          0.10000E+02  0.00000E+00  0.20899E+01 -0.20899E+01  0.100E-07     0.000  0.00000E+00  0.00 *  0.00      0.000
  71  tCover          0.11000E+02  0.00000E+00  0.29730E+02 -0.29730E+02  0.100E-07     0.000  0.00000E+00  0.00 *  0.00      0.000
  76  tCover          0.12000E+02  0.00000E+00  0.30750E+03 -0.30750E+03  0.100E-07     0.000  0.00000E+00  0.00 *  0.00      0.000
  81  tCover          0.13000E+02  0.00000E+00  0.26935E+04 -0.26935E+04  0.100E-07     0.000  0.00000E+00  0.00 *  0.00      0.000
  86  tCover          0.14000E+02  0.00000E+00  0.19752E+05 -0.19752E+05  0.100E-07     0.000  0.00000E+00  0.00 *  0.00      0.000
  91  tCover          0.15000E+02  0.00000E+00  0.11889E+06 -0.11889E+06  0.100E-07     0.000  0.00000E+00  0.00 *  0.00      0.000
  96  tCover          0.16000E+02  0.00000E+00  0.89877E+06 -0.89877E+06  0.100E-07     0.000  0.00000E+00  0.00 *  0.00      0.000
 101  tCover          0.17000E+02  0.00000E+00  0.16005E+09 -0.16005E+09  0.100E-07     0.047  0.00000E+00  0.00 *  0.00      0.000
 106  tCover          0.18000E+02  0.00000E+00  0.46095E+09 -0.46095E+09  0.100E-07     0.388  0.00000E+00  0.00 *  0.00      0.000
 111  tCover          0.19000E+02  0.00000E+00  0.69628E+09 -0.69628E+09  0.100E-07     0.885  0.00000E+00  0.00 *  0.00      0.000
 116  tCover          0.20000E+02  0.00000E+00  0.82587E+09 -0.82587E+09  0.100E-07     1.245  0.00000E+00  0.00 *  0.00      0.000
 121  tCover          0.21000E+02  0.00000E+00  0.90185E+09 -0.90185E+09  0.100E-07     1.484  0.00000E+00  0.00 *  0.00      0.000
 126  tCover          0.22000E+02  0.00000E+00  0.96538E+09 -0.96538E+09  0.100E-07     1.701  0.00000E+00  0.00 *  0.00      0.000
 131  tCover          0.23000E+02  0.00000E+00  0.10211E+10 -0.10211E+10  0.100E-07     1.903  0.00000E+00  0.00 *  0.00      0.000
 136  tCover          0.24000E+02  0.00000E+00  0.10429E+10 -0.10429E+10  0.100E-07     1.985  0.00000E+00  0.00 *  0.00      0.000
 141  tCover          0.25000E+02  0.00000E+00  0.10547E+10 -0.10547E+10  0.100E-07     2.030  0.00000E+00  0.00 *  0.00      0.000
 146  tCover          0.26000E+02  0.00000E+00  0.10648E+10 -0.10648E+10  0.100E-07     2.069  0.00000E+00  0.00 *  0.00      0.000
 151  tCover          0.27000E+02  0.00000E+00  0.10740E+10 -0.10740E+10  0.100E-07     2.105  0.00000E+00  0.00 *  0.00      0.000
 156  tCover          0.28000E+02  0.00000E+00  0.10824E+10 -0.10824E+10  0.100E-07     2.138  0.00000E+00  0.00 *  0.00      0.000
 161  tCover          0.29000E+02  0.00000E+00  0.10906E+10 -0.10906E+10  0.100E-07     2.171  0.00000E+00  0.00 *  0.00      0.000
 166  tCover          0.30000E+02  0.00000E+00  0.10988E+10 -0.10988E+10  0.100E-07     2.203  0.00000E+00  0.00 *  0.00      0.000
  22  tCap            0.10000E+01  0.00000E+00  0.20275E+06 -0.20275E+06  0.100E-07     0.000  0.00000E+00  0.00 *  0.00      0.000
  27  tCap            0.20000E+01  0.00000E+00  0.68200E+06 -0.68200E+06  0.100E-07     0.000  0.00000E+00  0.00 *  0.00      0.000
  32  tCap            0.30000E+01  0.00000E+00  0.13126E+07 -0.13126E+07  0.100E-07     0.000  0.00000E+00  0.00 *  0.00      0.000
  37  tCap            0.40000E+01  0.00000E+00  0.20725E+07 -0.20725E+07  0.100E-07     0.000  0.00000E+00  0.00 *  0.00      0.000
  42  tCap            0.50000E+01  0.00000E+00  0.29547E+07 -0.29547E+07  0.100E-07     0.000  0.00000E+00  0.00 *  0.00      0.000
  47  tCap            0.60000E+01  0.00000E+00  0.39469E+07 -0.39469E+07  0.100E-07     0.000  0.00000E+00  0.00 *  0.00      0.000
  52  tCap            0.70000E+01  0.00000E+00  0.50585E+07 -0.50585E+07  0.100E-07     0.000  0.00000E+00  0.00 *  0.00      0.000
  57  tCap            0.80000E+01  0.00000E+00  0.62578E+07 -0.62578E+07  0.100E-07     0.000  0.00000E+00  0.00 *  0.00      0.000
  62  tCap            0.90000E+01  0.00000E+00  0.75870E+07 -0.75870E+07  0.100E-07     0.000  0.00000E+00  0.00 *  0.00      0.000
  67  tCap            0.10000E+02  0.00000E+00  0.89407E+07 -0.89407E+07  0.100E-07     0.000  0.00000E+00  0.00 *  0.00      0.000
  72  tCap            0.11000E+02  0.00000E+00  0.10459E+08 -0.10459E+08  0.100E-07     0.000  0.00000E+00  0.00 *  0.00      0.000
  77  tCap            0.12000E+02  0.00000E+00  0.12033E+08 -0.12033E+08  0.100E-07     0.000  0.00000E+00  0.00 *  0.00      0.000
  82  tCap            0.13000E+02  0.00000E+00  0.13711E+08 -0.13711E+08  0.100E-07     0.000  0.00000E+00  0.00 *  0.00      0.000
  87  tCap            0.14000E+02  0.00000E+00  0.15515E+08 -0.15515E+08  0.100E-07     0.000  0.00000E+00  0.00 *  0.00      0.000
  92  tCap            0.15000E+02  0.00000E+00  0.17379E+08 -0.17379E+08  0.100E-07     0.001  0.00000E+00  0.00 *  0.00      0.000
  97  tCap            0.16000E+02  0.00000E+00  0.19304E+08 -0.19304E+08  0.100E-07     0.001  0.00000E+00  0.00 *  0.00      0.000
 102  tCap            0.17000E+02  0.00000E+00  0.21295E+08 -0.21295E+08  0.100E-07     0.001  0.00000E+00  0.00 *  0.00      0.000
 107  tCap            0.18000E+02  0.00000E+00  0.23343E+08 -0.23343E+08  0.100E-07     0.001  0.00000E+00  0.00 *  0.00      0.000
 112  tCap            0.19000E+02  0.00000E+00  0.25383E+08 -0.25383E+08  0.100E-07     0.001  0.00000E+00  0.00 *  0.00      0.000
 117  tCap            0.20000E+02  0.00000E+00  0.27402E+08 -0.27402E+08  0.100E-07     0.001  0.00000E+00  0.00 *  0.00      0.000
 122  tCap            0.21000E+02  0.00000E+00  0.29412E+08 -0.29412E+08  0.100E-07     0.002  0.00000E+00  0.00 *  0.00      0.000
 127  tCap            0.22000E+02  0.00000E+00  0.31418E+08 -0.31418E+08  0.100E-07     0.002  0.00000E+00  0.00 *  0.00      0.000
 132  tCap            0.23000E+02  0.00000E+00  0.33429E+08 -0.33429E+08  0.100E-07     0.002  0.00000E+00  0.00 *  0.00      0.000
 137  tCap            0.24000E+02  0.00000E+00  0.35444E+08 -0.35444E+08  0.100E-07     0.002  0.00000E+00  0.00 *  0.00      0.000
 142  tCap            0.25000E+02  0.00000E+00  0.37465E+08 -0.37465E+08  0.100E-07     0.003  0.00000E+00  0.00 *  0.00      0.000
 147  tCap            0.26000E+02  0.00000E+00  0.39488E+08 -0.39488E+08  0.100E-07     0.003  0.00000E+00  0.00 *  0.00      0.000
 152  tCap            0.27000E+02  0.00000E+00  0.41514E+08 -0.41514E+08  0.100E-07     0.003  0.00000E+00  0.00 *  0.00      0.000
 157  tCap            0.28000E+02  0.00000E+00  0.43543E+08 -0.43543E+08  0.100E-07     0.003  0.00000E+00  0.00 *  0.00      0.000
 162  tCap            0.29000E+02  0.00000E+00  0.45576E+08 -0.45576E+08  0.100E-07     0.004  0.00000E+00  0.00 *  0.00      0.000
 167  tCap            0.30000E+02  0.00000E+00  0.47610E+08 -0.47610E+08  0.100E-07     0.004  0.00000E+00  0.00 *  0.00      0.000
  23  tWaste          0.10000E+01  0.00000E+00  0.16855E-41 -0.16855E-41  0.500E-08     0.000  0.00000E+00  0.00 *  0.00      0.000
  28  tWaste          0.20000E+01  0.00000E+00  0.15199E-34 -0.15199E-34  0.500E-08     0.000  0.00000E+00  0.00 *  0.00      0.000
  33  tWaste          0.30000E+01  0.00000E+00  0.48841E-29 -0.48841E-29  0.500E-08     0.000  0.00000E+00  0.00 *  0.00      0.000
  38  tWaste          0.40000E+01  0.00000E+00  0.20256E-24 -0.20256E-24  0.500E-08     0.000  0.00000E+00  0.00 *  0.00      0.000
  43  tWaste          0.50000E+01  0.00000E+00  0.30227E-20 -0.30227E-20  0.500E-08     0.000  0.00000E+00  0.00 *  0.00      0.000
  48  tWaste          0.60000E+01  0.00000E+00  0.17676E-16 -0.17676E-16  0.500E-08     0.000  0.00000E+00  0.00 *  0.00      0.000
  53  tWaste          0.70000E+01  0.00000E+00  0.15479E-13 -0.15479E-13  0.500E-08     0.000  0.00000E+00  0.00 *  0.00      0.000
  58  tWaste          0.80000E+01  0.00000E+00  0.37833E-11 -0.37833E-11  0.500E-08     0.000  0.00000E+00  0.00 *  0.00      0.000
  63  tWaste          0.90000E+01  0.00000E+00  0.26915E-08 -0.26915E-08  0.500E-08     0.000  0.00000E+00  0.00 *  0.00      0.000
  68  tWaste          0.10000E+02  0.00000E+00  0.22608E-07 -0.22608E-07  0.500E-08     0.000  0.00000E+00  0.00 *  0.00      0.000
  73  tWaste          0.11000E+02  0.00000E+00  0.55890E-05 -0.55890E-05  0.500E-08     0.000  0.00000E+00  0.00 *  0.00      0.000
  78  tWaste          0.12000E+02  0.00000E+00  0.25220E-02 -0.25220E-02  0.500E-08     0.000  0.00000E+00  0.00 *  0.00      0.000
  83  tWaste          0.13000E+02  0.00000E+00  0.14324E-01 -0.14324E-01  0.500E-08     0.000  0.00000E+00  0.00 *  0.00      0.000
  88  tWaste          0.14000E+02  0.00000E+00  0.11240E+02 -0.11240E+02  0.500E-08     0.000  0.00000E+00  0.00 *  0.00      0.000
  93  tWaste          0.15000E+02  0.00000E+00  0.48881E+03 -0.48881E+03  0.500E-08     0.000  0.00000E+00  0.00 *  0.00      0.000
  98  tWaste          0.16000E+02  0.00000E+00  0.59188E+03 -0.59188E+03  0.500E-08     0.000  0.00000E+00  0.00 *  0.00      0.000
 103  tWaste          0.17000E+02  0.00000E+00  0.22615E+06 -0.22615E+06  0.500E-08     0.000  0.00000E+00  0.00 *  0.00      0.000
 108  tWaste          0.18000E+02  0.00000E+00  0.56006E+07 -0.56006E+07  0.500E-08     0.000  0.00000E+00  0.00 *  0.00      0.000
 113  tWaste          0.19000E+02  0.00000E+00  0.89221E+07 -0.89221E+07  0.500E-08     0.000  0.00000E+00  0.00 *  0.00      0.000
 118  tWaste          0.20000E+02  0.00000E+00  0.10897E+08 -0.10897E+08  0.500E-08     0.000  0.00000E+00  0.00 *  0.00      0.000
 123  tWaste          0.21000E+02  0.00000E+00  0.12356E+08 -0.12356E+08  0.500E-08     0.000  0.00000E+00  0.00 *  0.00      0.000
 128  tWaste          0.22000E+02  0.00000E+00  0.13514E+08 -0.13514E+08  0.500E-08     0.000  0.00000E+00  0.00 *  0.00      0.000
 133  tWaste          0.23000E+02  0.00000E+00  0.14502E+08 -0.14502E+08  0.500E-08     0.000  0.00000E+00  0.00 *  0.00      0.000
 138  tWaste          0.24000E+02  0.00000E+00  0.15413E+08 -0.15413E+08  0.500E-08     0.000  0.00000E+00  0.00 *  0.00      0.000
 143  tWaste          0.25000E+02  0.00000E+00  0.16578E+08 -0.16578E+08  0.500E-08     0.000  0.00000E+00  0.00 *  0.00      0.000
 148  tWaste          0.26000E+02  0.00000E+00  0.18470E+08 -0.18470E+08  0.500E-08     0.000  0.00000E+00  0.00 *  0.00      0.000
 153  tWaste          0.27000E+02  0.00000E+00  0.21237E+08 -0.21237E+08  0.500E-08     0.000  0.00000E+00  0.00 *  0.00      0.000
 158  tWaste          0.28000E+02  0.00000E+00  0.23752E+08 -0.23752E+08  0.500E-08     0.000  0.00000E+00  0.00 *  0.00      0.000
 163  tWaste          0.29000E+02  0.00000E+00  0.25166E+08 -0.25166E+08  0.500E-08     0.000  0.00000E+00  0.00 *  0.00      0.000
 168  tWaste          0.30000E+02  0.00000E+00  0.26387E+08 -0.26387E+08  0.500E-08     0.000  0.00000E+00  0.00 *  0.00      0.000


 ?!!!!!!!!!!!!!!!!!!!!!!!!!!!!!!!!!!!!!!!!!!!!!!!!!!!!!!!!!!!!!!!!!!!!!!!!!!!!!!!!!!!!!!!!!!!!!!!!!!!!!!!!!!!!!!!!!!!!!!!!!!!!!!!!!
 ESTIMATED PARAMETER  V/L/F   ROCKS   PAR  INITIAL GUESS    BEST ESTIMATE            STANDARD DEVIATIONS        SENSITIVITY
                                                                             A PRIORI    MARGINAL      C/M    OUTPUT   OBJ. FUNC.
 r_left               VALUE   -----     1   -0.85000E+03    <INACTIVE>      0.500E+02         N/A      N/A       N/A          N/A  
 r_right              VALUE   -----     1   -0.85000E+03    <INACTIVE>      0.500E+02         N/A      N/A       N/A          N/A  
 r_upper              VALUE   -----     1   -0.65000E+03    <INACTIVE>      0.500E+02         N/A      N/A       N/A          N/A  
 s_upper              VALUE   -----     1   -0.45000E+03    <INACTIVE>      0.250E+02         N/A      N/A       N/A          N/A  
 f_r_top              VALUE   -----     1    0.90000E+03    <INACTIVE>      0.250E+03         N/A      N/A       N/A          N/A  
 f_r_base             VALUE   -----     1 <TIED TO:   5>   0.90000E+03 TP         N/A         N/A      N/A       0.0          N/A  
 f_g_top              VALUE   -----     1 <TIED TO:   5>   0.90000E+03 TP         N/A         N/A      N/A       0.0          N/A  
 f_l_top              VALUE   -----     1 <TIED TO:   5>   0.90000E+03 TP         N/A         N/A      N/A       0.0          N/A  
 f_l_base             VALUE   -----     1 <TIED TO:   5>   0.90000E+03 TP         N/A         N/A      N/A       0.0          N/A  
 f_cov                VALUE   -----     1 <TIED TO:   5>   0.90000E+03 TP         N/A         N/A      N/A       0.0          N/A  
 f_cap                VALUE   -----     1 <TIED TO:   5>   0.90000E+03 TP         N/A         N/A      N/A       0.0          N/A  
 perm_res             LOG10   RESER     1   -0.11523E+02   -0.1153659E+02   0.300E+00         N/A      N/A       0.0          N/A  
 por_res              VALUE   RESER     1    0.15000E+00    0.1195140E+00   0.500E-01         N/A      N/A       0.0          N/A  
 perm_cap             LOG10   CAPRO     1   -0.16000E+02   -0.1699108E+02   0.100E+01         N/A      N/A       0.0          N/A  
 por_cap              VALUE   CAPRO     1    0.10250E+00    0.3481009E-01   0.500E-01         N/A      N/A       0.0          N/A  
 perm_fault           LOG10   FAULT     1   -0.12000E+02   -0.1121104E+02   0.150E+01         N/A      N/A       0.0          N/A  
 por_fault            VALUE   FAULT     1    0.15000E+00    0.9552609E-01   0.100E+00         N/A      N/A      -0.0          N/A  
 !!!!!!!!!!!!!!!!!!!!!!!!!!!!!!!!!!!!!!!!!!!!!!!!!!!!!!!!!!!!!!!!!!!!!!!!!!!!!!!!!!!!!!!!!!!!!!!!!!!!!!!!!!!!!!!!!!!!!!!!!!!!!!!!!!

 TP   : Transformed parameter! Backtransform estimated parameter to obtain TOUGH input parameter.

 ---  1942nd iTOUGH2 run stopped normally on  6-Mar-13  03:32 ---  CPU time used =   21615.28 sec.


     Error  >>> Subroutine <<<  Message
      5290  >>> OBSERVAT   <<<  ERROR                --> Incomplete TOUGH2 simulation  
      5290  >>> OBSERVAT   <<<  ERROR                --> Incomplete TOUGH2 simulation  
      5290  >>> OBSERVAT   <<<  ERROR                --> Incomplete TOUGH2 simulation  
      5290  >>> OBSERVAT   <<<  ERROR                --> Incomplete TOUGH2 simulation  
      5290  >>> OBSERVAT   <<<  ERROR                --> Incomplete TOUGH2 simulation  
      5290  >>> OBSERVAT   <<<  ERROR                --> Incomplete TOUGH2 simulation  

 ---     6 error(s) and  0 warning(s) detected
