                                        @@@@@@@@@@@@@@@@@@@@@@@@@@@@@@@@@@@@@@@@@@@@@@@
                                        @                                             @
                                        @   @  @@@@@   @@   @  @   @@@  @  @   @@@@   @
                                        @        @    @  @  @  @  @     @  @  @    @  @
                                        @   @    @    @  @  @  @  @ @@  @@@@     @@   @
                                        @   @    @    @  @  @  @  @  @  @  @    @@    @
                                        @   @    @     @@    @@    @@@  @  @  @@@@@@  @
                                        @                                             @
                                        @@@@@@@@@@@@@@@@@@@@@@@@@@@@@@@@@@@@@@@@@@@@@@@

                                      iTOUGH2 V6.7 (JANUARY, 2012) FOR LINUX, S. FINSTERLE 
                                COPYRIGHT (C) 2007, THE REGENTS OF THE UNIVERSITY OF CALIFORNIA
                                     THROUGH LAWRENCE BERKELEY NATIONAL LABORATORY
                                                  ALL RIGHTS RESERVED

 ==================================================================================================================================
                                          >>>>>>>>>>>>>  6-Mar-13  14:47 <<<<<<<<<<<<<
 ==================================================================================================================================
 iTOUGH2 RUN NO.               :     1
 iTOUGH2 INPUT FILE            :  CO2_itough_inv
 TOUGH2 INPUT FILE             :  CO2_fwd
 WORKING DIRECTORY             :  /home/flo/04_iTOUGH2/CO2_paper/test_fwd_new_model/fwd_sensi_central_lowres_high_struct_uncert_1
 TEMPORARY DIRECTORY           :  /home/flo/it2_31489
 EQUATION OF STATE MODULE NO.  :    17 --> Two-phase, non-isothermal flow of water, NaCl and CO2
 COMPONENTS                    :  WATER     NaCl      CO2       HEAT                          
 PHASES                        :  GAS       LIQUID    SALT      
 TOUGH2 TITLE                  :  *rcc3* ... CO2 example - leakage over fault in uncertain distance               
 ==================================================================================================================================

 --- Line   137 ignored.

 --- Line   138 ignored.

 --- Line   139 ignored.

 --- Line   140 ignored.

 --- Line   197 ignored.

 --- Line   198 ignored.

 --- Line   199 ignored.

 --- Line   200 ignored.

 --- Line   201 ignored.

 --- Line   202 ignored.

 --- Line   204 ignored.

 --- Line   205 ignored.

 --- Line   207 ignored.

 --- Line   208 ignored.

 --- Line   209 ignored.

 --- Line   210 ignored.

 **********************************************************************************************************************************
                                                              INPUT
 **********************************************************************************************************************************


 PARAMETERS
 ==========

 ----------------------------------------------------------------------------------------------------------------------------------
  # ANNOTATION      PARAMETER TYPE   ROCKS   PRIOR INFO. INIT. GUESS    STD. DEV.  LOWER BOUND  UPPER BOUND    MAX. STEP  INDEX
 ----------------------------------------------------------------------------------------------------------------------------------
  1 r_left          PEST       1     -----   -0.8500E+03 -0.8500E+03  0.10000E+03 -0.95000E+03 -0.75000E+03   UNLIMITED   1
  2 r_right         PEST       2     -----   -0.8500E+03 -0.8500E+03  0.10000E+03 -0.95000E+03 -0.75000E+03   UNLIMITED   1
  3 r_upper         PEST       3     -----   -0.6500E+03 -0.6500E+03  0.10000E+03 -0.80000E+03 -0.50000E+03   UNLIMITED   1
  4 s_upper         PEST       4     -----   -0.4500E+03 -0.4500E+03  0.50000E+02 -0.50000E+03 -0.35000E+03   UNLIMITED   1
  5 f_r_top         PEST       5     -----    0.9000E+03  0.9000E+03  0.30000E+03  0.60000E+03  0.12000E+04   UNLIMITED   1
  6 f_r_base        PEST       6     -----    0.9000E+03  0.9000E+03 TIED TO:   5  0.60000E+03  0.12000E+04   UNLIMITED   1
  7 f_g_top         PEST       7     -----    0.9000E+03  0.9000E+03 TIED TO:   5  0.60000E+03  0.12000E+04   UNLIMITED   1
  8 f_l_top         PEST       8     -----    0.9000E+03  0.9000E+03 TIED TO:   5  0.60000E+03  0.12000E+04   UNLIMITED   1
  9 f_l_base        PEST       9     -----    0.9000E+03  0.9000E+03 TIED TO:   5  0.60000E+03  0.12000E+04   UNLIMITED   1
 10 f_cov           PEST      10     -----    0.9000E+03  0.9000E+03 TIED TO:   5  0.60000E+03  0.12000E+04   UNLIMITED   1
 11 f_cap           PEST      11     -----    0.9000E+03  0.9000E+03 TIED TO:   5  0.60000E+03  0.12000E+04   UNLIMITED   1
 12 perm_res        ABSOLUTE PERM.   RESER   -0.1152E+02 -0.1152E+02 NOT WEIGHTED -0.13000E+02 -0.11000E+02   UNLIMITED   1   2   3
 13 por_res         POROSITY         RESER    0.1500E+00  0.1500E+00 NOT WEIGHTED  0.50000E-01  0.30000E+00   UNLIMITED   1
 14 perm_cap        ABSOLUTE PERM.   CAPRO   -0.1600E+02 -0.1600E+02 NOT WEIGHTED -0.17000E+02 -0.15000E+02   UNLIMITED   1   2   3
 15 por_cap         POROSITY         CAPRO    0.1025E+00  0.1025E+00 NOT WEIGHTED  0.20000E-01  0.15000E+00   UNLIMITED   1
 16 perm_fault      ABSOLUTE PERM.   FAULT   -0.1200E+02 -0.1200E+02 NOT WEIGHTED -0.15000E+02 -0.11000E+02   UNLIMITED   1   2   3
 17 por_fault       POROSITY         FAULT    0.1500E+00  0.1500E+00 NOT WEIGHTED  0.50000E-01  0.35000E+00   UNLIMITED   1
 ----------------------------------------------------------------------------------------------------------------------------------


 ----------------------------------------------------------------------------------------------------------------------------------
  ADJUSTABLE PARAMETER = TRANSFORMED MODEL INPUT PARAMETER (MIP)
 ----------------------------------------------------------------------------------------------------------------------------------
  1  r_left            =       MIP 
  2  r_right           =       MIP 
  3  r_upper           =       MIP 
  4  s_upper           =       MIP 
  5  f_r_top           =       MIP 
  6  f_r_base          =       MIP -  400.0    
  7  f_g_top           =       MIP +  100.0    
  8  f_l_top           =       MIP +  200.0    
  9  f_l_base          =       MIP -  200.0    
 10  f_cov             =       MIP -  300.0    
 11  f_cap             =       MIP -  350.0    
 12  perm_res          = LOG10(MIP)
 13  por_res           =       MIP 
 14  perm_cap          = LOG10(MIP)
 15  por_cap           =       MIP 
 16  perm_fault        = LOG10(MIP)
 17  por_fault         =       MIP 
 ----------------------------------------------------------------------------------------------------------------------------------


 OBSERVATIONS
 ============

 TIMES  [a]                                          
 -----------
  0.1000000E+01  0.2000000E+01  0.3000000E+01  0.4000000E+01  0.5000000E+01
  0.6000000E+01  0.7000000E+01  0.8000000E+01  0.9000000E+01  0.1000000E+02
  0.1100000E+02  0.1200000E+02  0.1300000E+02  0.1400000E+02  0.1500000E+02
  0.1600000E+02  0.1700000E+02  0.1800000E+02  0.1900000E+02  0.2000000E+02
  0.2100000E+02  0.2200000E+02  0.2300000E+02  0.2400000E+02  0.2500000E+02
  0.2600000E+02  0.2700000E+02  0.2800000E+02  0.2900000E+02  0.3000000E+02


 ----------------------------------------------------------------------------------------------------------------------------------
 SET ANNOTATION      DATATYPE        ELEME/CONNE       STD. DEV. MIN. TIME MAX. TIME LOG(V/M/S)     #DATA #CALI     FACTOR  IOBS
 ----------------------------------------------------------------------------------------------------------------------------------
  1  PEST          1 UNKNOWN (PEST)  ALL             0.10000E+01 0.317E-07 0.317E-07     VALUE  DATA:    1    1  0.100E+01
  2  tFault          MASS IN PLACE   FAULT           0.10000E+09 -.317E+43 0.317E+43     VALUE  NO DATA      30  0.100E+01
  3  tRes            MASS IN PLACE   RESER           0.10000E+10 -.317E+43 0.317E+43     VALUE  NO DATA      30  0.100E+01
  4  tCover          MASS IN PLACE   COVER           0.10000E+09 -.317E+43 0.317E+43     VALUE  NO DATA      30  0.100E+01
  5  tCap            MASS IN PLACE   CAPRO           0.10000E+09 -.317E+43 0.317E+43     VALUE  NO DATA      30  0.100E+01
  6  tWaste          MASS IN PLACE   WASTE           0.20000E+09 -.317E+43 0.317E+43     VALUE  NO DATA      30  0.100E+01
 ----------------------------------------------------------------------------------------------------------------------------------


 --------------------------------------------------
 Number of datasets                    :    6
 Number of calibration times           :   30                                          
 Number of parameters specified        :   17
 Number of TOUGH-related parameters    :    6
 Number of TOUGH-independent parameters:   11
 Number of inactive parameters         :    0
 Number of tied parameters             :    6
 Number of adjustable parameters   (n) :   11
 Number of superparameters (max.)      :    0
 Number of parameters with prior info. :          5
 Number of regularization terms        :          0
 Number of MASS IN PLACE               :        150
 Number of UNKNOWN (PEST)              :          1
                                              -----
 Total number of observations      (m) :        156                                    
                                              =====
 Degree of freedom               (m-n) :  145
 --------------------------------------------------


 COMPUTATIONAL PARAMETERS
 ========================

 Application                                     :          Sensitivity Analysis : Local (partial derivatives dz/dp)              
 Maximum number of iTOUGH2 iterations            :                             1
 Maximum number of TOUGH2 calls                  :                            35
 Maximum number of uphill steps                  :                            10
 Maximum size of scaled parameter step           :                   0.10000E-03
 Initial Levenberg parameter                     :                   0.10000E+01
 Marquardt parameter                             :                  -0.10000E+02
 Finite difference quotient for Jacobian         :                      centered
 Diagonal of Tikhonov matrix                     :     Diagonal of normal matrix
 Automatic FD update of Jacobian                 :                             0
 Skip iterations with FD update of Jacobian      :                             0
 Broyden rank-one update of Jacobian             :                             0
 Increment factor for computing derivatives      :                   0.50000E-01
 Simple parameter bounds enforced by             :         Hard parameter bounds
 Variance for error analysis                     :                      a priori
 Format of plotfile                              :                       Columns
 User-supplied model (PEST/JUPITER API)          : python /home/flo/bin/grid_to_iTOUGH_mesh_lowres_new_model_2.py
 User-supplied model will run  before TOUGH2
 Objective Function                              :                 Least-Squares


 COMPUTER SYSTEM
 ===============

 Machine type                                    : Linux               
 UNIX script file name                           : /home/flo/bin/itough2                                                           
 UNIX command line arguments                     : -no_delete -m MESH -i CO2_incon.inc CO2_itough_inv.inv CO2_fwd.dat 17
 Host name                                       : AbaqusARRC
 User name                                       : flo
 Executable                                      : /home/flo/itough2/Executable/itough2_17


 --- End of iTOUGH2 input job:  239 lines read,    0.05 CPU-seconds used


 **********************************************************************************************************************************
                                                              OUTPUT
 **********************************************************************************************************************************

>I  0    1 0.62786E+04 0.35921E+03  165   -0.850000E+03   -0.850000E+03   -0.650000E+03   -0.450000E+03    0.900000E+03
                                           0.900000E+03    0.900000E+03    0.900000E+03    0.900000E+03    0.900000E+03
                                           0.900000E+03   -0.115229E+02    0.150000E+00   -0.160000E+02    0.102500E+00
                                          -0.120000E+02    0.150000E+00
 Finite-difference update of Jacobian matrix
 J  1 Gradient     =   0.10754E+05 (centered)

 Terminated normally.


 **********************************************************************************************************************************
                                                       SENSITIVITY ANALYSIS
 **********************************************************************************************************************************

 Element Sij of the scaled sensitivity matrix is the partial derivative of the calculated system response zi with respect to
 parameter pj, scaled by inverses of the respective standard deviations:

       dz  * sigma(p )
         i          j
 S   = ---------------
  ij   dp  * sigma(z )
         j          i


                                        1               2               3               4               5               6
                                   r_left         r_right         r_upper         s_upper         f_r_top        perm_res
   1 r_left                -0.1000000E-01  -0.0000000E+00  -0.0000000E+00  -0.0000000E+00   0.0000000E+00   0.0000000E+00
   2 r_right               -0.0000000E+00  -0.1000000E-01  -0.0000000E+00  -0.0000000E+00   0.0000000E+00   0.0000000E+00
   3 r_upper               -0.0000000E+00  -0.0000000E+00  -0.1000000E-01  -0.0000000E+00   0.0000000E+00   0.0000000E+00
   4 s_upper               -0.0000000E+00  -0.0000000E+00  -0.0000000E+00  -0.2000000E-01   0.0000000E+00   0.0000000E+00
   5 f_r_top               -0.0000000E+00  -0.0000000E+00  -0.0000000E+00  -0.0000000E+00  -0.3333333E-02   0.0000000E+00
   6 f_r_base              -0.0000000E+00  -0.0000000E+00  -0.0000000E+00  -0.0000000E+00  -0.0000000E+00   0.1000000E-49
   7 f_g_top               -0.0000000E+00  -0.0000000E+00  -0.0000000E+00  -0.0000000E+00  -0.0000000E+00   0.0000000E+00
   8 f_l_top               -0.0000000E+00  -0.0000000E+00  -0.0000000E+00  -0.0000000E+00  -0.0000000E+00   0.0000000E+00
   9 f_l_base              -0.0000000E+00  -0.0000000E+00  -0.0000000E+00  -0.0000000E+00  -0.0000000E+00   0.0000000E+00
  10 f_cov                 -0.0000000E+00  -0.0000000E+00  -0.0000000E+00  -0.0000000E+00  -0.0000000E+00   0.0000000E+00
  11 f_cap                 -0.0000000E+00  -0.0000000E+00  -0.0000000E+00  -0.0000000E+00  -0.0000000E+00   0.0000000E+00
  12 perm_res              -0.0000000E+00  -0.0000000E+00  -0.0000000E+00  -0.0000000E+00   0.0000000E+00   0.0000000E+00
  13 por_res               -0.0000000E+00  -0.0000000E+00  -0.0000000E+00  -0.0000000E+00   0.0000000E+00   0.0000000E+00
  14 perm_cap              -0.0000000E+00  -0.0000000E+00  -0.0000000E+00  -0.0000000E+00   0.0000000E+00   0.0000000E+00
  15 por_cap               -0.0000000E+00  -0.0000000E+00  -0.0000000E+00  -0.0000000E+00   0.0000000E+00   0.0000000E+00
  16 perm_fault            -0.0000000E+00  -0.0000000E+00  -0.0000000E+00  -0.0000000E+00   0.0000000E+00   0.0000000E+00
  17 por_fault             -0.0000000E+00  -0.0000000E+00  -0.0000000E+00  -0.0000000E+00   0.0000000E+00   0.0000000E+00
  18 PEST           30.0    0.0000000E+00   0.0000000E+00   0.0000000E+00   0.0000000E+00  -0.0000000E+00  -0.0000000E+00
  19 tFault          1.0    0.1206649E-29   0.2220857E-32  -0.1412398E-30   0.7285666E-33   0.1013606E-28  -0.5487979E-31
  20 tFault          2.0    0.1114467E-23   0.1278610E-24  -0.3671041E-23   0.3126884E-24   0.4602074E-22   0.1297120E-24
  21 tFault          3.0    0.8018877E-20   0.7164307E-21  -0.4723025E-19   0.7124931E-21   0.2200238E-18  -0.1926142E-20
  22 tFault          4.0    0.1333261E-16  -0.2535769E-19  -0.4482620E-16  -0.1168633E-17   0.1152695E-15  -0.3095002E-17
  23 tFault          5.0    0.8191198E-14  -0.2578518E-15  -0.9191140E-14  -0.1664174E-15   0.1199814E-13  -0.2932886E-15
  24 tFault          6.0    0.7595213E-11  -0.4743995E-13  -0.1081062E-11  -0.1071408E-13   0.1315561E-11  -0.1215646E-13
  25 tFault          7.0    0.4456678E-09  -0.2582957E-11  -0.9938288E-10  -0.2903834E-12   0.8393946E-10  -0.1090278E-11
  26 tFault          8.0    0.1784510E-07  -0.1453378E-09  -0.2588960E-08  -0.1365429E-10   0.4119748E-08   0.6428320E-10
  27 tFault          9.0    0.3720643E-06  -0.2897053E-08  -0.7752027E-07  -0.1025867E-09   0.9353824E-07   0.6849835E-09
  28 tFault         10.0    0.6000340E-05  -0.6286106E-07  -0.1364023E-05  -0.8821522E-08   0.2021649E-05  -0.4726830E-08
  29 tFault         11.0    0.6122683E-04  -0.5889021E-06  -0.1587837E-04  -0.2222814E-06   0.2208201E-04   0.3525919E-06
  30 tFault         12.0    0.9746888E-03  -0.4458801E-05  -0.1233530E-03  -0.1041174E-05   0.1320473E-03   0.8164399E-06
  31 tFault         13.0    0.1046701E-01  -0.3219939E-04  -0.8595467E-03  -0.3969057E-05   0.5968671E-03  -0.2959460E-05
  32 tFault         14.0    0.4319819E-01  -0.1958425E-03  -0.4737541E-02  -0.1169248E-04   0.3435963E-02  -0.4877545E-04
  33 tFault         15.0    0.6425826E+00  -0.9408503E-03  -0.1783646E-01  -0.2819883E-04   0.1320767E-01  -0.3659038E-03
  34 tFault         16.0    0.2890152E+01  -0.6211341E-02  -0.1987122E+00  -0.3888210E-04   0.7129963E-01  -0.2600815E-02
  35 tFault         17.0    0.4570135E+01  -0.2269800E-01  -0.1975942E+01   0.3334508E-04   0.2483215E+01  -0.1554992E-01
  36 tFault         18.0    0.5262488E+01  -0.9754941E-01  -0.5483198E+01   0.1075847E-02   0.8181114E+01  -0.5207918E-01
  37 tFault         19.0    0.5864617E+01  -0.9815811E+00  -0.7116887E+01   0.2465869E-02   0.1590558E+02  -0.5539465E+00
  38 tFault         20.0    0.6320954E+01  -0.3089920E+01  -0.8045137E+01   0.3257971E-01   0.1948137E+02  -0.1824305E+01
  39 tFault         21.0    0.6722153E+01  -0.5190168E+01  -0.8787741E+01   0.8944311E-01   0.1695471E+02  -0.3089795E+01
  40 tFault         22.0    0.7103336E+01  -0.4819458E+01  -0.9293938E+01   0.2420798E+00   0.1564116E+02  -0.1415446E+01
  41 tFault         23.0    0.7486481E+01  -0.3333966E+01  -0.9002369E+01   0.3607026E+00   0.1446892E+02  -0.4465092E+00
  42 tFault         24.0    0.7685724E+01  -0.2294029E+01  -0.7481540E+01   0.4848265E+00   0.1350154E+02   0.3663884E+00
  43 tFault         25.0    0.7640544E+01  -0.1725261E+01  -0.5096170E+01   0.4981193E+00   0.1299933E+02   0.1293282E+01
  44 tFault         26.0    0.7070449E+01  -0.1215023E+01  -0.3633343E+01   0.4855367E+00   0.1294715E+02   0.1552238E+01
  45 tFault         27.0    0.5633562E+01  -0.1022657E+01  -0.2932894E+01   0.4621575E+00   0.1314123E+02   0.1631437E+01
  46 tFault         28.0    0.3428662E+01  -0.9591716E+00  -0.2339791E+01   0.4493994E+00   0.1351192E+02   0.1694302E+01
  47 tFault         29.0    0.2200256E+01  -0.9489903E+00  -0.2038771E+01   0.4402235E+00   0.1410488E+02   0.1685022E+01
  48 tFault         30.0    0.1666462E+01  -0.9468932E+00  -0.1724321E+01   0.4292844E+00   0.1532530E+02   0.1609880E+01
  49 tRes            1.0    0.3419248E-04   0.1626336E-05   0.4992969E-03   0.4901154E-04  -0.6395014E-04  -0.2227199E-03
  50 tRes            2.0    0.6826010E-04   0.2937727E-04   0.4921916E-03   0.3472120E-03  -0.2451583E-03  -0.3270314E-03
  51 tRes            3.0    0.2405036E-03  -0.7582327E-05   0.1607883E-03   0.9569593E-03  -0.5789254E-03   0.2864913E-03
  52 tRes            4.0    0.1129950E-03   0.1218399E-03  -0.5744792E-03   0.1774152E-02  -0.8458997E-03   0.1087766E-02
  53 tRes            5.0   -0.8752327E-04  -0.4904854E-04  -0.1828581E-02   0.2749501E-02  -0.1221594E-02   0.2071434E-02
  54 tRes            6.0   -0.3801838E-03  -0.3324609E-03  -0.2743952E-02   0.3826350E-02  -0.1694813E-02   0.2672259E-02
  55 tRes            7.0   -0.6658418E-03  -0.5733872E-03  -0.4299613E-02   0.5064797E-02  -0.2239510E-02   0.3609384E-02
  56 tRes            8.0   -0.8921563E-03  -0.7510095E-03  -0.5973564E-02   0.6405295E-02  -0.2679094E-02   0.4810187E-02
  57 tRes            9.0   -0.1146143E-02  -0.1132454E-02  -0.8086833E-02   0.7944883E-02  -0.3291990E-02   0.5491701E-02
  58 tRes           10.0   -0.1618013E-02  -0.1511968E-02  -0.9875822E-02   0.9619973E-02  -0.3968103E-02   0.6684341E-02
  59 tRes           11.0   -0.1989777E-02  -0.2222272E-02  -0.1169078E-01   0.1150689E-01  -0.4693238E-02   0.7398141E-02
  60 tRes           12.0   -0.2649815E-02  -0.3562500E-02  -0.1364174E-01   0.1310258E-01  -0.5399527E-02   0.8453836E-02
  61 tRes           13.0   -0.4193760E-02  -0.4258577E-02  -0.1431664E-01   0.1418399E-01  -0.5843928E-02   0.9803745E-02
  62 tRes           14.0   -0.7949242E-02  -0.4958839E-02  -0.1441509E-01   0.1495564E-01  -0.6529971E-02   0.1062935E-01
  63 tRes           15.0   -0.6896724E-01  -0.6783940E-02  -0.1265890E-01   0.1584711E-01  -0.7726982E-02   0.1102553E-01
  64 tRes           16.0   -0.2956374E+00  -0.9071562E-02   0.7293745E-02   0.1677952E-01  -0.1392408E-01   0.1213852E-01
  65 tRes           17.0   -0.6439468E+00  -0.1452131E-01   0.1861453E+00   0.1705927E-01  -0.2537688E+00   0.1420050E-01
  66 tRes           18.0   -0.1058754E+01  -0.1102139E-01   0.5495833E+00   0.1757150E-01  -0.8243105E+00   0.1881513E-01
  67 tRes           19.0   -0.1528493E+01   0.7332620E-01   0.1034036E+01   0.1840222E-01  -0.1705998E+01   0.6933983E-01
  68 tRes           20.0   -0.2036978E+01   0.2788598E+00   0.1590941E+01   0.1602207E-01  -0.2620760E+01   0.1968668E+00
  69 tRes           21.0   -0.2575686E+01   0.5752523E+00   0.2204708E+01   0.1351559E-01  -0.3386125E+01   0.3307190E+00
  70 tRes           22.0   -0.3144823E+01   0.8709327E+00   0.2852281E+01   0.1292765E-01  -0.3915435E+01   0.4664936E+00
  71 tRes           23.0   -0.3748332E+01   0.1124485E+01   0.3460602E+01   0.1714280E-01  -0.4220172E+01   0.4718858E+00
  72 tRes           24.0   -0.4364497E+01   0.1302538E+01   0.3991866E+01   0.1842174E-01  -0.4438712E+01   0.4083163E+00
  73 tRes           25.0   -0.4983719E+01   0.1417399E+01   0.4427911E+01   0.1898915E-01  -0.4628551E+01   0.2652478E+00
  74 tRes           26.0   -0.5586669E+01   0.1493896E+01   0.4774068E+01   0.1947983E-01  -0.4843667E+01   0.1061437E+00
  75 tRes           27.0   -0.6139090E+01   0.1556216E+01   0.5029281E+01   0.1956914E-01  -0.5092821E+01  -0.5710443E-01
  76 tRes           28.0   -0.6615075E+01   0.1614622E+01   0.5234791E+01   0.1981362E-01  -0.5361237E+01  -0.2039586E+00
  77 tRes           29.0   -0.7035172E+01   0.1671175E+01   0.5424500E+01   0.1957066E-01  -0.5656031E+01  -0.3574002E+00
  78 tRes           30.0   -0.7418358E+01   0.1727458E+01   0.5619626E+01   0.2001429E-01  -0.5978425E+01  -0.4796960E+00
  79 tCover          1.0    0.3519549E-17   0.1445469E-17   0.3838283E-12  -0.1059281E-12   0.2203032E-16  -0.5655468E-16
  80 tCover          2.0   -0.1549863E-14   0.1338615E-15   0.3606202E-10  -0.1914358E-10   0.5585717E-14  -0.4899122E-14
  81 tCover          3.0   -0.2028696E-13  -0.4786561E-14   0.3932710E-09  -0.2267416E-09   0.6821754E-13  -0.1778223E-12
  82 tCover          4.0   -0.1793448E-12  -0.1331974E-12   0.1965335E-08  -0.1251351E-08   0.2857524E-12  -0.1537246E-11
  83 tCover          5.0   -0.8333361E-12  -0.9887982E-12   0.6802530E-08  -0.4242453E-08   0.1369779E-11  -0.5685288E-11
  84 tCover          6.0   -0.2414196E-11  -0.3952939E-11   0.1877884E-07  -0.1151482E-07   0.5598259E-11  -0.1592700E-10
  85 tCover          7.0   -0.7946112E-11  -0.1159713E-10   0.4420490E-07  -0.2627739E-07   0.1733772E-10  -0.4389340E-10
  86 tCover          8.0   -0.1942468E-10  -0.3142132E-10   0.9237618E-07  -0.5446603E-07   0.3682988E-10  -0.9318969E-10
  87 tCover          9.0    0.1408438E-09  -0.6863540E-10   0.1773837E-06  -0.1021101E-06   0.8173379E-10  -0.1948319E-09
  88 tCover         10.0    0.3572379E-08  -0.1551931E-09   0.3171741E-06  -0.1804601E-06   0.7451250E-10  -0.3864750E-09
  89 tCover         11.0    0.7043264E-07  -0.3789129E-09   0.5358317E-06  -0.3047347E-06  -0.1047563E-08  -0.5814106E-09
  90 tCover         12.0    0.9600143E-06  -0.1711698E-08   0.8187653E-06  -0.4846868E-06  -0.1996372E-07  -0.8839899E-09
  91 tCover         13.0    0.9953466E-05  -0.1487374E-07   0.8265244E-06  -0.7501858E-06  -0.1799659E-06  -0.3706485E-08
  92 tCover         14.0    0.1200006E-03  -0.9591922E-07  -0.1548107E-05  -0.1217530E-05  -0.9906399E-06  -0.2076735E-07
  93 tCover         15.0    0.7927058E-03  -0.6518467E-06  -0.2268913E-04  -0.2380859E-05  -0.4807475E-05  -0.3117723E-06
  94 tCover         16.0    0.1721319E-01  -0.4353146E-05  -0.1397127E-03  -0.6669040E-05  -0.2462837E-04  -0.2723016E-05
  95 tCover         17.0    0.1812652E+01  -0.2232151E-04  -0.6348713E-03  -0.2702325E-04  -0.1119380E-03  -0.1873753E-04
  96 tCover         18.0    0.5325701E+01  -0.1171902E-03  -0.9507085E-01  -0.1027033E-03   0.2898063E-02  -0.9765884E-04
  97 tCover         19.0    0.9258278E+01  -0.4753571E-03  -0.3225225E+01  -0.4006536E-03   0.1097748E+01  -0.4281504E-03
  98 tCover         20.0    0.1098353E+02  -0.1325453E-01  -0.7843202E+01  -0.1175167E-02   0.6672863E+01  -0.1804062E-02
  99 tCover         21.0    0.1186083E+02  -0.9499363E+00  -0.1271395E+02  -0.2997967E-01   0.1685777E+02  -0.6803546E-01
 100 tCover         22.0    0.1246363E+02  -0.4314519E+01  -0.1486139E+02  -0.1729387E+00   0.2073334E+02  -0.3040360E+01
 101 tCover         23.0    0.1302101E+02  -0.8371006E+01  -0.1582749E+02  -0.3321239E+00   0.1475651E+02  -0.4088330E+01
 102 tCover         24.0    0.1354124E+02  -0.9326685E+01  -0.1662486E+02  -0.4628557E+00   0.6652994E+01  -0.4273710E+01
 103 tCover         25.0    0.1401327E+02  -0.6903655E+01  -0.1688143E+02  -0.5894086E+00   0.3767986E+01  -0.1404378E+01
 104 tCover         26.0    0.1440732E+02  -0.3317012E+01  -0.1489319E+02  -0.5958660E+00   0.1090088E+01  -0.3907528E+00
 105 tCover         27.0    0.1470720E+02  -0.1833318E+01  -0.1078564E+02  -0.6461569E+00  -0.1987867E+00  -0.4205206E+00
 106 tCover         28.0    0.1451287E+02  -0.1629862E+01  -0.5532846E+01  -0.6906998E+00  -0.1167488E+01  -0.4603613E+00
 107 tCover         29.0    0.1237721E+02  -0.1505525E+01  -0.2459368E+01  -0.7103795E+00  -0.2124278E+01  -0.4972119E+00
 108 tCover         30.0    0.8969208E+01  -0.1261344E+01  -0.1753742E+01  -0.7090010E+00  -0.3435268E+01  -0.5627022E+00
 109 tCap            1.0   -0.3419391E-03  -0.1630318E-04  -0.4992974E-02  -0.4900937E-03   0.6395645E-03   0.2232166E-02
 110 tCap            2.0   -0.6813206E-03  -0.2938151E-03  -0.4921904E-02  -0.3472095E-02   0.2451660E-02   0.3275285E-02
 111 tCap            3.0   -0.2403756E-02   0.7579423E-04  -0.1607888E-02  -0.9569571E-02   0.5789312E-02  -0.2859937E-02
 112 tCap            4.0   -0.1128665E-02  -0.1218427E-02   0.5744782E-02  -0.1774149E-01   0.8459099E-02  -0.1087264E-01
 113 tCap            5.0    0.8765048E-03   0.4904534E-03   0.1828579E-01  -0.2749498E-01   0.1221603E-01  -0.2070926E-01
 114 tCap            6.0    0.3803097E-02   0.3324584E-02   0.2743948E-01  -0.3826351E-01   0.1694827E-01  -0.2671746E-01
 115 tCap            7.0    0.6659638E-02   0.5733837E-02   0.4299599E-01  -0.5064677E-01   0.2239527E-01  -0.3608862E-01
 116 tCap            8.0    0.8922430E-02   0.7510046E-02   0.5973530E-01  -0.6405142E-01   0.2679134E-01  -0.4809656E-01
 117 tCap            9.0    0.1146190E-01   0.1132451E-01   0.8086801E-01  -0.7944726E-01   0.3290974E-01  -0.5491179E-01
 118 tCap           10.0    0.1617671E-01   0.1511971E-01   0.9875901E-01  -0.9619809E-01   0.3966885E-01  -0.6683806E-01
 119 tCap           11.0    0.1983846E-01   0.2222332E-01   0.1169228E+00  -0.1150669E+00   0.4689762E-01  -0.7398072E-01
 120 tCap           12.0    0.2552395E-01   0.3562964E-01   0.1365395E+00  -0.1310230E+00   0.5385832E-01  -0.8453145E-01
 121 tCap           13.0    0.3146419E-01   0.4261608E-01   0.1440280E+00  -0.1418339E+00   0.5783772E-01  -0.9802732E-01
 122 tCap           14.0    0.3617778E-01   0.4977562E-01   0.1488905E+00  -0.1495425E+00   0.6185875E-01  -0.1062345E+00
 123 tCap           15.0    0.4630064E-01   0.6876750E-01   0.1444613E+00  -0.1584385E+00   0.6405876E-01  -0.1098713E+00
 124 tCap           16.0    0.4901194E-01   0.7971931E-01   0.1259322E+00  -0.1677446E+00   0.6795780E-01  -0.1187597E+00
 125 tCap           17.0    0.5728055E-01   0.8604619E-01   0.1151527E+00  -0.1705940E+00   0.5457705E-01  -0.1264117E+00
 126 tCap           18.0    0.6303159E-01   0.9653929E-01   0.1116955E+00  -0.1766840E+00   0.5908908E-01  -0.1359524E+00
 127 tCap           19.0    0.6052510E-01   0.1158229E+00   0.1123215E+00  -0.1860829E+00   0.5664078E-01  -0.1390039E+00
 128 tCap           20.0    0.4668037E-01   0.1302800E+00   0.1255983E+00  -0.1916201E+00   0.5337035E-01  -0.1425361E+00
 129 tCap           21.0    0.3073536E-01   0.1389395E+00   0.1453889E+00  -0.1946131E+00   0.4854324E-01  -0.1493306E+00
 130 tCap           22.0    0.1133012E-01   0.1417980E+00   0.1732659E+00  -0.2008150E+00   0.3171117E-01  -0.1540090E+00
 131 tCap           23.0   -0.1488632E-01   0.1489245E+00   0.1993998E+00  -0.2015561E+00   0.1204032E-01  -0.1492645E+00
 132 tCap           24.0   -0.4284271E-01   0.1587444E+00   0.2283263E+00  -0.2071441E+00  -0.6340910E-02  -0.1531894E+00
 133 tCap           25.0   -0.7287632E-01   0.1660400E+00   0.2619253E+00  -0.2154267E+00  -0.2495273E-01  -0.1596275E+00
 134 tCap           26.0   -0.1038866E+00   0.1705303E+00   0.2909969E+00  -0.2224578E+00  -0.4451085E-01  -0.1673063E+00
 135 tCap           27.0   -0.1381833E+00   0.1725084E+00   0.3267788E+00  -0.2250904E+00  -0.6217676E-01  -0.1674621E+00
 136 tCap           28.0   -0.1771911E+00   0.1720665E+00   0.3649988E+00  -0.2276776E+00  -0.7654348E-01  -0.1716781E+00
 137 tCap           29.0   -0.2200693E+00   0.1737150E+00   0.4026977E+00  -0.2300398E+00  -0.9874134E-01  -0.1775036E+00
 138 tCap           30.0   -0.2653173E+00   0.1741990E+00   0.4408067E+00  -0.2338139E+00  -0.1247616E+00  -0.1838966E+00
 139 tWaste          1.0   -0.1367181E-47   0.8339112E-47  -0.1246786E-48   0.2605068E-51   0.4771520E-51  -0.1555244E-49
 140 tWaste          2.0   -0.4909541E-41   0.1951542E-40  -0.2859726E-41   0.3170085E-43   0.2370250E-43   0.1081593E-43
 141 tWaste          3.0   -0.9189037E-37   0.4379967E-36  -0.1112593E-35  -0.4970843E-40  -0.4537251E-38  -0.6106602E-39
 142 tWaste          4.0   -0.4756019E-33   0.3840159E-31  -0.7137081E-32  -0.1649105E-34  -0.1178992E-33  -0.9747922E-35
 143 tWaste          5.0   -0.6542487E-30   0.4839276E-27  -0.1068769E-28  -0.5972772E-32  -0.3296909E-31  -0.5780227E-32
 144 tWaste          6.0   -0.1647790E-26   0.2495777E-23  -0.1337601E-25  -0.2815946E-29  -0.1135449E-28   0.3931705E-29
 145 tWaste          7.0   -0.1139839E-23   0.1470656E-20  -0.1142937E-22  -0.3518686E-27  -0.5948261E-27  -0.3862263E-26
 146 tWaste          8.0   -0.1507959E-20   0.6300478E-18  -0.5576445E-20  -0.1594282E-23  -0.1176835E-22   0.4731679E-23
 147 tWaste          9.0   -0.8478376E-18   0.9562641E-16  -0.4283371E-18  -0.1936468E-21  -0.6507371E-21   0.8910053E-21
 148 tWaste         10.0   -0.1064896E-15   0.7965858E-12  -0.8653218E-16  -0.4061773E-19  -0.1009695E-20  -0.7333805E-19
 149 tWaste         11.0   -0.5683766E-13   0.9500457E-10  -0.4339169E-13  -0.2749965E-16   0.1489045E-16   0.9451194E-16
 150 tWaste         12.0   -0.2812287E-11   0.1260125E-08  -0.5590694E-12  -0.2227302E-15   0.1262441E-15   0.8948364E-15
 151 tWaste         13.0   -0.4645299E-10   0.1299832E-05  -0.6871696E-11  -0.7774261E-15   0.1707602E-15   0.4343801E-15
 152 tWaste         14.0   -0.1895599E-08   0.3680933E-05  -0.5596234E-08  -0.1188087E-13  -0.1911631E-13  -0.1334379E-12
 153 tWaste         15.0   -0.5228259E-08   0.6359650E-05  -0.4149889E-05  -0.3266059E-11   0.1329381E-11  -0.2634988E-10
 154 tWaste         16.0   -0.1240920E-07   0.8605505E-02  -0.5955940E-05  -0.2261714E-10   0.2116567E-10  -0.1511408E-09
 155 tWaste         17.0   -0.2982307E-03   0.4094166E-01  -0.1106734E-04  -0.2669391E-09  -0.4541638E-09  -0.3323256E-08
 156 tWaste         18.0   -0.3184139E-01   0.5566947E-01  -0.1462532E-01  -0.8406403E-07  -0.1750004E-05  -0.3342073E-05
 157 tWaste         19.0   -0.5159023E-01   0.6648525E-01  -0.5528174E-01  -0.3503752E-06   0.2961803E-06  -0.2251166E-05
 158 tWaste         20.0   -0.6424940E-01   0.9214837E-01  -0.7332392E-01  -0.5985703E-06  -0.1065213E-05  -0.3652490E-05
 159 tWaste         21.0   -0.9556061E-01   0.1243210E+00  -0.8573595E-01  -0.1156141E-05  -0.3741893E-05  -0.6468861E-05
 160 tWaste         22.0   -0.1256470E+00   0.1414269E+00  -0.7930143E-01   0.1200629E-02  -0.2569993E-01  -0.2755281E-01
 161 tWaste         23.0   -0.1429082E+00   0.1559135E+00  -0.4591927E-01   0.7766207E-03  -0.1165793E+00  -0.1737062E-01
 162 tWaste         24.0   -0.1630276E+00   0.1785826E+00  -0.3455988E-01   0.4444698E-03  -0.1555261E+00  -0.1033420E-01
 163 tWaste         25.0   -0.2037637E+00   0.2172746E+00  -0.2936054E-01   0.3183848E-03  -0.1665812E+00  -0.7465095E-02
 164 tWaste         26.0   -0.2284541E+00   0.2397501E+00  -0.2935685E-01   0.2368341E-03  -0.1461539E+00  -0.5869095E-02
 165 tWaste         27.0   -0.2470273E+00   0.2580787E+00  -0.9536657E-02   0.1797273E-03  -0.1131435E+00  -0.4841517E-02
 166 tWaste         28.0   -0.2676375E+00   0.2746922E+00  -0.2950801E-02   0.1385640E-03  -0.1041630E+00  -0.4530694E-02
 167 tWaste         29.0   -0.3060981E+00   0.2901761E+00   0.2509319E-02   0.1062511E-03  -0.9881986E-01  -0.5388675E-02
 168 tWaste         30.0   -0.3377424E+00   0.3031611E+00   0.6014222E-02   0.1037317E-03  -0.9569611E-01  -0.7051274E-02

                                        7               8               9              10              11              12
                                  por_res        perm_cap         por_cap      perm_fault       por_fault           Total
   1 r_left                 0.0000000E+00   0.0000000E+00   0.0000000E+00   0.0000000E+00   0.0000000E+00   0.0000000E+00
   2 r_right                0.0000000E+00   0.0000000E+00   0.0000000E+00   0.0000000E+00   0.0000000E+00   0.0000000E+00
   3 r_upper                0.0000000E+00   0.0000000E+00   0.0000000E+00   0.0000000E+00   0.0000000E+00   0.0000000E+00
   4 s_upper                0.0000000E+00   0.0000000E+00   0.0000000E+00   0.0000000E+00   0.0000000E+00   0.0000000E+00
   5 f_r_top                0.0000000E+00   0.0000000E+00   0.0000000E+00   0.0000000E+00   0.0000000E+00   0.0000000E+00
   6 f_r_base               0.0000000E+00   0.0000000E+00   0.0000000E+00   0.0000000E+00   0.0000000E+00   0.0000000E+00
   7 f_g_top                0.1000000E-49   0.0000000E+00   0.0000000E+00   0.0000000E+00   0.0000000E+00   0.0000000E+00
   8 f_l_top                0.0000000E+00   0.1000000E-49   0.0000000E+00   0.0000000E+00   0.0000000E+00   0.0000000E+00
   9 f_l_base               0.0000000E+00   0.0000000E+00   0.1000000E-49   0.0000000E+00   0.0000000E+00   0.0000000E+00
  10 f_cov                  0.0000000E+00   0.0000000E+00   0.0000000E+00   0.1000000E-49   0.0000000E+00   0.0000000E+00
  11 f_cap                  0.0000000E+00   0.0000000E+00   0.0000000E+00   0.0000000E+00   0.1000000E-49   0.0000000E+00
  12 perm_res               0.0000000E+00   0.0000000E+00   0.0000000E+00   0.0000000E+00   0.0000000E+00   0.0000000E+00
  13 por_res                0.0000000E+00   0.0000000E+00   0.0000000E+00   0.0000000E+00   0.0000000E+00   0.0000000E+00
  14 perm_cap               0.0000000E+00   0.0000000E+00   0.0000000E+00   0.0000000E+00   0.0000000E+00   0.0000000E+00
  15 por_cap                0.0000000E+00   0.0000000E+00   0.0000000E+00   0.0000000E+00   0.0000000E+00   0.0000000E+00
  16 perm_fault             0.0000000E+00   0.0000000E+00   0.0000000E+00   0.0000000E+00   0.0000000E+00   0.0000000E+00
  17 por_fault              0.0000000E+00   0.0000000E+00   0.0000000E+00   0.0000000E+00   0.0000000E+00   0.0000000E+00
  18 PEST           30.0   -0.0000000E+00  -0.0000000E+00  -0.0000000E+00  -0.0000000E+00  -0.0000000E+00   0.0000000E+00
  19 tFault          1.0   -0.2461210E-31  -0.1247789E-32  -0.5518815E-34  -0.7820256E-32   0.8425875E-36   0.1275050E-28
  20 tFault          2.0   -0.6006890E-24  -0.7528442E-24  -0.4893878E-27  -0.1102769E-24   0.1533723E-27   0.7813858E-22
  21 tFault          3.0   -0.5535980E-20  -0.7422760E-20  -0.3497896E-23  -0.9285589E-21   0.2540103E-23   0.5285182E-18
  22 tFault          4.0   -0.3521257E-17  -0.2373735E-17  -0.2517688E-20  -0.5711336E-18   0.2199788E-20   0.3381819E-15
  23 tFault          5.0   -0.7314169E-15  -0.1207908E-15  -0.3182491E-18  -0.1113885E-15   0.2419623E-18   0.6150033E-13
  24 tFault          6.0   -0.8968075E-13   0.4656634E-14  -0.4578720E-16  -0.2476264E-13   0.2975363E-16   0.1383145E-10
  25 tFault          7.0   -0.8615620E-11   0.3484091E-11  -0.3660239E-14  -0.1927007E-11   0.2463171E-14   0.1000112E-08
  26 tFault          8.0   -0.3502447E-09   0.2486506E-09   0.1768982E-09  -0.1363992E-08   0.2973827E-12   0.4584015E-07
  27 tFault          9.0   -0.8457674E-08   0.4992110E-08   0.3842440E-08  -0.2938695E-07   0.7570659E-11   0.1035592E-05
  28 tFault         10.0   -0.1801853E-06   0.1494795E-06   0.5716242E-07  -0.4561515E-06   0.1841804E-09   0.1912742E-04
  29 tFault         11.0   -0.1733341E-05   0.1163779E-05   0.2682323E-06  -0.2633421E-05   0.2435268E-08   0.1849695E-03
  30 tFault         12.0   -0.1238169E-04   0.5547181E-05   0.9768002E-06  -0.1067978E-04   0.2270028E-07   0.1796433E-02
  31 tFault         13.0   -0.7269816E-04   0.1144601E-04   0.2640682E-05  -0.3369593E-04   0.1571022E-06   0.1508927E-01
  32 tFault         14.0   -0.3948617E-03   0.7506535E-04   0.1218576E-04  -0.1089829E-03   0.8837784E-06   0.6857731E-01
  33 tFault         15.0   -0.1754979E-02  -0.2098215E-04   0.5900105E-04  -0.4123412E-03   0.4616299E-05   0.7501545E+00
  34 tFault         16.0   -0.1086758E-01  -0.1297051E-02   0.1290504E-03  -0.1698459E-02   0.2245999E-04   0.3631637E+01
  35 tFault         17.0   -0.3506107E-01  -0.9444491E-03   0.2890813E-02  -0.1103747E-01   0.1171353E-03   0.1063919E+02
  36 tFault         18.0   -0.1643765E+00  -0.9111387E-02   0.8304631E-02  -0.4813067E-01   0.4841068E-03   0.2626870E+02
  37 tFault         19.0   -0.1414197E+01  -0.3401178E+00   0.2662474E-01  -0.2103306E+00   0.1193820E-01   0.9197486E+02
  38 tFault         20.0   -0.4047982E+01  -0.6011476E+00  -0.3740868E-01  -0.2841287E-01   0.1455758E-02   0.2128938E+03
  39 tFault         21.0   -0.6050891E+01  -0.1086820E+01  -0.1027141E+00   0.7063218E+00  -0.5222797E-01   0.3053022E+03
  40 tFault         22.0   -0.4755004E+01  -0.8212587E+00  -0.1228987E+00  -0.3306363E+01   0.2300478E+01   0.2732280E+03
  41 tFault         23.0   -0.3041610E+01  -0.7758216E+00  -0.1278661E+00  -0.5171828E+01   0.2968197E+01   0.2068001E+03
  42 tFault         24.0   -0.2475521E+01  -0.8264013E+00  -0.1321111E+00  -0.7606388E+01   0.3261770E+01   0.1875156E+03
  43 tFault         25.0   -0.1788555E+01  -0.5300531E+00  -0.7621200E-01  -0.9193931E+01   0.3994681E+01   0.1688197E+03
  44 tFault         26.0   -0.1363825E+01  -0.4286076E+00  -0.5664610E-01  -0.9055561E+01   0.4331502E+01   0.1527806E+03
  45 tFault         27.0   -0.1216943E+01  -0.3755826E+00  -0.4610950E-01  -0.8359250E+01   0.4539707E+01   0.1457450E+03
  46 tFault         28.0   -0.1176632E+01  -0.3675685E+00  -0.4202400E-01  -0.7718141E+01   0.4676360E+01   0.1421940E+03
  47 tFault         29.0   -0.1170474E+01  -0.3335664E+00  -0.4055161E-01  -0.7126922E+01   0.4840641E+01   0.1416683E+03
  48 tFault         30.0   -0.1192312E+01  -0.3245658E+00  -0.4105958E-01  -0.6680425E+01   0.5009902E+01   0.1437075E+03
  49 tRes            1.0    0.3447549E-03  -0.2095259E-02  -0.8838179E-04   0.2746263E-03  -0.2035394E-07   0.2225262E-01
  50 tRes            2.0    0.9234779E-03  -0.1054428E-01  -0.1964758E-03   0.1343222E-02   0.3823390E-08   0.6791524E-01
  51 tRes            3.0    0.1380086E-02  -0.2244126E-01  -0.2875279E-03   0.2929395E-02  -0.2420093E-07   0.1155730E+00
  52 tRes            4.0    0.2007904E-02  -0.3661167E-01  -0.3716883E-03   0.4642713E-02  -0.4636268E-07   0.1792342E+00
  53 tRes            5.0    0.2922503E-02  -0.5373339E-01  -0.4675588E-03   0.6968085E-02  -0.5736895E-08   0.2636341E+00
  54 tRes            6.0    0.3971746E-02  -0.7277527E-01  -0.5611513E-03   0.9222134E-02  -0.1258922E-07   0.3561042E+00
  55 tRes            7.0    0.4882842E-02  -0.9453706E-01  -0.6415012E-03   0.1176461E-01  -0.5166179E-09   0.4508337E+00
  56 tRes            8.0    0.6092212E-02  -0.1182240E+00  -0.9498128E-03   0.1580458E-01  -0.3834248E-08   0.5700611E+00
  57 tRes            9.0    0.7605204E-02  -0.1441087E+00  -0.1075983E-02   0.1903963E-01   0.3295562E-08   0.6997588E+00
  58 tRes           10.0    0.8890339E-02  -0.1718532E+00  -0.1147007E-02   0.2211674E-01  -0.6650550E-08   0.8247181E+00
  59 tRes           11.0    0.1017582E-01  -0.2012941E+00  -0.1161822E-02   0.2456007E-01  -0.6685892E-07   0.9492909E+00
  60 tRes           12.0    0.1105006E-01  -0.2311932E+00  -0.1461254E-02   0.2800092E-01  -0.2071057E-07   0.1067783E+01
  61 tRes           13.0    0.1274390E-01  -0.2507423E+00  -0.4009546E-02   0.2998604E-01  -0.1580851E-07   0.1243441E+01
  62 tRes           14.0    0.1446055E-01  -0.2719434E+00  -0.6539752E-02   0.3189590E-01  -0.1345132E-06   0.1422134E+01
  63 tRes           15.0    0.1570670E-01  -0.2837571E+00  -0.1103884E-01   0.3290134E-01  -0.3405857E-06   0.1657905E+01
  64 tRes           16.0    0.1812706E-01  -0.2915575E+00  -0.1619121E-01   0.3432380E-01  -0.1534469E-05   0.2118870E+01
  65 tRes           17.0    0.2191642E-01  -0.2945701E+00  -0.2283405E-01   0.3395735E-01  -0.7958859E-05   0.3200889E+01
  66 tRes           18.0    0.3616006E-01  -0.3065262E+00  -0.2746884E-01   0.3980610E-01  -0.3257532E-04   0.5281935E+01
  67 tRes           19.0    0.1622336E+00  -0.2892385E+00  -0.3270986E-01   0.5730660E-01  -0.1101427E-02   0.1268532E+02
  68 tRes           20.0    0.4272944E+00  -0.2765194E+00  -0.3023043E-01   0.4052755E-01   0.3751277E-04   0.2617156E+02
  69 tRes           21.0    0.7546464E+00  -0.2281086E+00  -0.2815042E-01  -0.3382504E-01   0.9876757E-02   0.4234130E+02
  70 tRes           22.0    0.1084044E+01  -0.1980060E+00  -0.2664812E-01  -0.1999412E+00   0.9154996E-02   0.5865325E+02
  71 tRes           23.0    0.1350482E+01  -0.1727244E+00  -0.2822765E-01  -0.4544665E+00   0.3107300E-01   0.7202280E+02
  72 tRes           24.0    0.1536470E+01  -0.1462581E+00  -0.2707313E-01  -0.6234674E+00   0.6415715E-01   0.8148658E+02
  73 tRes           25.0    0.1667152E+01  -0.1377720E+00  -0.2739747E-01  -0.6578234E+00   0.6751266E-01   0.8766911E+02
  74 tRes           26.0    0.1761119E+01  -0.1305305E+00  -0.2854803E-01  -0.6743379E+00   0.6611204E-01   0.9209531E+02
  75 tRes           27.0    0.1845145E+01  -0.1245252E+00  -0.2952723E-01  -0.6728337E+00   0.6297383E-01   0.9641860E+02
  76 tRes           28.0    0.1927194E+01  -0.1183685E+00  -0.3106779E-01  -0.6814665E+00   0.6144858E-01   0.1014452E+03
  77 tRes           29.0    0.2006860E+01  -0.1105431E+00  -0.3445395E-01  -0.6634582E+00   0.6606030E-01   0.1064135E+03
  78 tRes           30.0    0.2087048E+01  -0.9277914E-01  -0.3751708E-01  -0.6895485E+00   0.6813958E-01   0.1112837E+03
  79 tCover          1.0   -0.1894193E-16   0.4904015E-15  -0.8307846E-16  -0.1149574E-15   0.3697234E-20   0.4937223E-12
  80 tCover          2.0   -0.4355507E-14   0.1100775E-12  -0.1872756E-13  -0.2434331E-13   0.3388823E-18   0.5606668E-10
  81 tCover          3.0   -0.7425773E-13   0.1883195E-11  -0.3281878E-12  -0.4045059E-12   0.3471681E-17   0.6352535E-09
  82 tCover          4.0   -0.4764436E-12   0.1403310E-10  -0.2410571E-11  -0.2808015E-11   0.1325926E-16   0.3326849E-08
  83 tCover          5.0   -0.2028214E-11   0.6165746E-10  -0.1050131E-10  -0.1208965E-10   0.3449614E-16   0.1151996E-07
  84 tCover          6.0   -0.6071217E-11   0.2119206E-09  -0.3597467E-10  -0.3983366E-10   0.1159591E-15   0.3186926E-07
  85 tCover          7.0   -0.1761614E-10   0.6014972E-09  -0.1008656E-09  -0.1071535E-09   0.1262524E-15   0.7493140E-07
  86 tCover          8.0   -0.4093851E-10   0.1496175E-08  -0.2397036E-09  -0.3293734E-09  -0.8483390E-14   0.1575874E-06
  87 tCover          9.0   -0.8675228E-10   0.3255672E-08  -0.5298129E-09  -0.6604657E-09  -0.2746819E-12   0.3029273E-06
  88 tCover         10.0   -0.1936577E-09   0.6614034E-08  -0.1074059E-08  -0.1277548E-08  -0.9160981E-11   0.5490643E-06
  89 tCover         11.0   -0.5911747E-09   0.1278190E-07  -0.2035787E-08  -0.2432212E-08  -0.1778298E-09   0.1013508E-05
  90 tCover         12.0   -0.4350846E-08   0.2516723E-07  -0.3120390E-08  -0.6353157E-08  -0.2479808E-08   0.2621086E-05
  91 tCover         13.0   -0.3753246E-07   0.5287059E-07  -0.1840540E-08  -0.1726762E-07  -0.2459615E-07   0.1372364E-04
  92 tCover         14.0   -0.2457052E-06   0.2015531E-06   0.1089595E-07  -0.9596116E-08  -0.1753525E-06   0.1365935E-03
  93 tCover         15.0   -0.1517144E-05   0.6541901E-06   0.8390053E-07   0.3539562E-06  -0.1009752E-05   0.9015565E-03
  94 tCover         16.0   -0.9081502E-05   0.1932632E-05   0.3543333E-06   0.3595806E-05  -0.5532581E-05   0.1785085E-01
  95 tCover         17.0   -0.4368918E-04   0.1856816E-04   0.4340597E-05   0.4168233E-04  -0.2928081E-04   0.1815840E+01
  96 tCover         18.0   -0.2052149E-03   0.4991477E-04   0.1511266E-04   0.1964617E-03  -0.1276401E-03   0.5434876E+01
  97 tCover         19.0   -0.7473543E-03  -0.5276165E-04   0.6244469E-04   0.8287345E-03  -0.5558015E-03   0.1362354E+02
  98 tCover         20.0   -0.1569336E-01  -0.1208525E-03   0.1504165E-03   0.2707810E-02  -0.1874529E-02   0.2619381E+02
  99 tCover         21.0   -0.1250770E+01  -0.3492352E-01  -0.1042220E-01   0.1379097E-01  -0.4408622E-01   0.9478550E+02
 100 tCover         22.0   -0.5746868E+01  -0.6646088E+00  -0.4573235E-01   0.5715245E+01  -0.2397098E+01   0.3395254E+03
 101 tCover         23.0   -0.1011707E+02  -0.9589013E+00  -0.8957521E-01   0.1011158E+02  -0.3276782E+01   0.5415202E+03
 102 tCover         24.0   -0.1037003E+02  -0.1321845E+01  -0.1256872E+00   0.1426113E+02  -0.3899930E+01   0.5622504E+03
 103 tCover         25.0   -0.6545232E+01  -0.8641669E+00  -0.8459851E-01   0.1698892E+01  -0.1657771E+01   0.3411678E+03
 104 tCover         26.0   -0.2800060E+01  -0.4199453E+00  -0.1804080E-01  -0.1365347E+01  -0.5824959E+00   0.1607010E+03
 105 tCover         27.0   -0.1909065E+01  -0.4119274E+00  -0.1594454E-01  -0.2079024E+01  -0.5414473E+00   0.1188447E+03
 106 tCover         28.0   -0.1753063E+01  -0.3980233E+00  -0.2173437E-01  -0.2410722E+01  -0.5263622E+00   0.1084646E+03
 107 tCover         29.0   -0.1623827E+01  -0.4011834E+00  -0.3122787E-01  -0.2710771E+01  -0.5356570E+00   0.9977658E+02
 108 tCover         30.0   -0.1341535E+01  -0.3775706E+00  -0.3835183E-01  -0.3128530E+01  -0.5727566E+00   0.8664494E+02
 109 tCap            1.0   -0.3447560E-02   0.2095260E-01   0.8838229E-03  -0.2746253E-02   0.2035355E-06   0.2225484E+00
 110 tCap            2.0   -0.9234793E-02   0.1054430E+00   0.1964747E-02  -0.1343221E-01  -0.3850237E-07   0.6791732E+00
 111 tCap            3.0   -0.1380088E-01   0.2244127E+00   0.2875269E-02  -0.2929395E-01   0.2427093E-06   0.1155707E+01
 112 tCap            4.0   -0.2007895E-01   0.3661167E+00   0.3716872E-02  -0.4642719E-01   0.4629906E-06   0.1792316E+01
 113 tCap            5.0   -0.2922533E-01   0.5373339E+00   0.4675577E-02  -0.6968089E-01   0.5691680E-07   0.2636333E+01
 114 tCap            6.0   -0.3971773E-01   0.7277532E+00   0.5611501E-02  -0.9222187E-01   0.1245142E-06   0.3561034E+01
 115 tCap            7.0   -0.4882866E-01   0.9453708E+00   0.6415002E-02  -0.1176466E+00   0.4287184E-08   0.4508325E+01
 116 tCap            8.0   -0.6092227E-01   0.1182242E+01   0.9497925E-02  -0.1580449E+00   0.2436048E-06   0.5700593E+01
 117 tCap            9.0   -0.7605219E-01   0.1441018E+01   0.1075388E-01  -0.1903536E+00   0.1507057E-06   0.6997228E+01
 118 tCap           10.0   -0.8890338E-01   0.1718467E+01   0.1146104E-01  -0.2211244E+00   0.2480184E-06   0.8246752E+01
 119 tCap           11.0   -0.1017572E+00   0.2012885E+01   0.1160923E-01  -0.2455166E+00   0.8455936E-06   0.9492343E+01
 120 tCap           12.0   -0.1104874E+00   0.2311892E+01   0.1459410E-01  -0.2799174E+00   0.3630695E-06   0.1067565E+02
 121 tCap           13.0   -0.1273663E+00   0.2507377E+01   0.4007530E-01  -0.2996876E+00   0.2010714E-06   0.1242040E+02
 122 tCap           14.0   -0.1442134E+00   0.2719313E+01   0.6537042E-01  -0.3187076E+00   0.8105968E-06   0.1416194E+02
 123 tCap           15.0   -0.1553106E+00   0.2837538E+01   0.1102990E+00  -0.3284386E+00  -0.2231715E-07   0.1586462E+02
 124 tCap           16.0   -0.1703958E+00   0.2916840E+01   0.1617558E+00  -0.3413855E+00  -0.1406260E-05   0.1779076E+02
 125 tCap           17.0   -0.1840608E+00   0.2946597E+01   0.2254184E+00  -0.3284186E+00  -0.8083921E-05   0.1975236E+02
 126 tCap           18.0   -0.1970129E+00   0.3074250E+01   0.2663345E+00  -0.3500029E+00  -0.3051448E-04   0.2149889E+02
 127 tCap           19.0   -0.2073831E+00   0.3232478E+01   0.3003781E+00  -0.3634315E+00  -0.3679202E-03   0.2301911E+02
 128 tCap           20.0   -0.2092503E+00   0.3366365E+01   0.3395316E+00  -0.3794380E+00   0.4411353E-04   0.2424024E+02
 129 tCap           21.0   -0.2113661E+00   0.3402701E+01   0.3946142E+00  -0.3817286E+00  -0.2452099E-02   0.2562682E+02
 130 tCap           22.0   -0.2166827E+00   0.3489367E+01   0.4395025E+00  -0.3968230E+00  -0.3721098E-02   0.2702087E+02
 131 tCap           23.0   -0.2070303E+00   0.3480067E+01   0.5020835E+00  -0.3886910E+00  -0.6006231E-02   0.2792964E+02
 132 tCap           24.0   -0.2020473E+00   0.3624554E+01   0.5297295E+00  -0.4238995E+00  -0.4204598E-02   0.2871734E+02
 133 tCap           25.0   -0.1973100E+00   0.3789359E+01   0.5505292E+00  -0.4648994E+00  -0.3071619E-02   0.2947110E+02
 134 tCap           26.0   -0.1929539E+00   0.3940851E+01   0.5733954E+00  -0.5052703E+00  -0.4579500E-02   0.3028398E+02
 135 tCap           27.0   -0.1845059E+00   0.4007756E+01   0.6116576E+00  -0.5272728E+00  -0.5822482E-02   0.3101830E+02
 136 tCap           28.0   -0.1776731E+00   0.4094282E+01   0.6443882E+00  -0.5530359E+00  -0.6006267E-02   0.3175553E+02
 137 tCap           29.0   -0.1698627E+00   0.4155868E+01   0.6797621E+00  -0.5703102E+00  -0.5451336E-02   0.3245604E+02
 138 tCap           30.0   -0.1616490E+00   0.4242625E+01   0.7086098E+00  -0.6010368E+00  -0.5755323E-02   0.3309448E+02
 139 tWaste          1.0   -0.5420387E-51   0.4173214E-50   0.3838703E-52  -0.3122089E-50   0.1758892E-53   0.9935702E-47
 140 tWaste          2.0   -0.4774253E-43  -0.1677799E-43   0.1248046E-45  -0.2053859E-43  -0.9322978E-47   0.2941492E-40
 141 tWaste          3.0   -0.1475215E-38  -0.8374869E-39  -0.2164678E-41  -0.2816990E-39  -0.4118914E-43   0.1712387E-35
 142 tWaste          4.0   -0.1447340E-34   0.8171410E-36  -0.2058887E-37  -0.1451705E-35   0.4961690E-39   0.4678881E-31
 143 tWaste          5.0   -0.5387107E-31   0.1175260E-32  -0.1251452E-35  -0.1633031E-32  -0.6913436E-37   0.4975474E-27
 144 tWaste          6.0   -0.1332186E-27   0.6582202E-29  -0.2510166E-31  -0.4495380E-29  -0.1455754E-32   0.2516315E-23
 145 tWaste          7.0   -0.5440508E-25   0.1434726E-25   0.1332873E-29  -0.4478614E-26  -0.1246635E-30   0.1485509E-20
 146 tWaste          8.0   -0.6072931E-22   0.3696279E-22   0.5084048E-22  -0.3751691E-21   0.2104113E-26   0.6414228E-18
 147 tWaste          9.0   -0.7451263E-20   0.5712050E-20   0.4387358E-20  -0.3282777E-19  -0.8570045E-25   0.9737107E-16
 148 tWaste         10.0   -0.2104048E-17   0.2736607E-18   0.5484099E-19  -0.4753099E-18   0.1840634E-23   0.7968679E-12
 149 tWaste         11.0   -0.1610980E-15  -0.4512296E-17  -0.2454202E-16   0.1195403E-15  -0.1794287E-21   0.9511258E-10
 150 tWaste         12.0   -0.8971837E-15  -0.4966696E-16  -0.2876473E-15   0.1076919E-14   0.1248193E-19   0.1263545E-08
 151 tWaste         13.0   -0.2484535E-13  -0.8454488E-15  -0.9341524E-15   0.4156411E-14   0.2896314E-19   0.1299886E-05
 152 tWaste         14.0   -0.1841368E-10   0.7280914E-12  -0.3837105E-13   0.1242952E-12   0.4554533E-17   0.3689183E-05
 153 tWaste         15.0   -0.1495886E-09   0.4094996E-10  -0.3884564E-11  -0.1609861E-10   0.6526191E-15   0.1052121E-04
 154 tWaste         16.0   -0.1062916E-08   0.1958497E-09  -0.8880120E-11  -0.1505235E-09  -0.9130785E-14   0.8611519E-02
 155 tWaste         17.0   -0.6493466E-06   0.3314238E-08   0.8511398E-09   0.3164672E-08  -0.2439265E-12   0.4127763E-01
 156 tWaste         18.0   -0.4463486E-05  -0.1405695E-06   0.1845219E-06   0.5144636E-05   0.4819843E-08   0.1023483E+00
 157 tWaste         19.0   -0.4872694E-05   0.3182928E-05  -0.2350714E-06   0.8258702E-06  -0.2433149E-08   0.1735801E+00
 158 tWaste         20.0   -0.9953872E-05   0.1274096E-04  -0.1393807E-05   0.1625619E-05  -0.3762169E-07   0.2302052E+00
 159 tWaste         21.0   -0.1671926E-01   0.2800874E-04  -0.3726345E-05   0.1550272E-05  -0.4529460E-06   0.9912817E+00
 160 tWaste         22.0   -0.6094479E-01  -0.1175568E-01  -0.2211975E-02  -0.6254542E-02   0.4396150E-02   0.3120153E+01
 161 tWaste         23.0   -0.6945364E-01  -0.9085929E-02  -0.1200999E-02  -0.3126696E-02   0.1930668E-02   0.3454810E+01
 162 tWaste         24.0   -0.3782334E-01  -0.6437984E-02  -0.7139691E-03  -0.1049288E-02   0.1099091E-02   0.2169388E+01
 163 tWaste         25.0   -0.2713991E-01  -0.5813622E-02  -0.5078924E-03  -0.1169425E-02   0.8781088E-03   0.1796285E+01
 164 tWaste         26.0   -0.2121827E-01  -0.5852523E-02  -0.3788601E-03  -0.2025841E-02   0.7671330E-03   0.1570809E+01
 165 tWaste         27.0   -0.1746987E-01  -0.6584327E-02  -0.2591668E-03  -0.1406318E-02   0.5427641E-03   0.1392136E+01
 166 tWaste         28.0   -0.1514754E-01  -0.7177867E-02  -0.2474768E-03  -0.1198128E-02   0.4796057E-03   0.1317090E+01
 167 tWaste         29.0   -0.1398617E-01  -0.7751262E-02  -0.2811823E-03  -0.7091888E-03   0.5522639E-03   0.1323158E+01
 168 tWaste         30.0   -0.1499668E-01  -0.8272796E-02  -0.3097026E-03  -0.1198081E-02   0.5536934E-03   0.1419274E+01

 Contributions of data sets to parameter sensitivity
 ---------------------------------------------------

                                        1               2               3               4               5               6
                          PEST          1          tFault            tRes          tCover            tCap          tWaste
   1 r_left                 0.0000000E+00   0.8224327E+02   0.5726622E+02   0.1572721E+03   0.1565609E+01   0.2265846E+01
   2 r_right                0.0000000E+00   0.2665475E+02   0.1376707E+02   0.3942674E+02   0.2389993E+01   0.2447238E+01
   3 r_upper                0.0000000E+00   0.7517433E+02   0.4648889E+02   0.1234982E+03   0.4461478E+01   0.4684971E+00
   4 s_upper                0.0000000E+00   0.3978012E+01   0.3736134E+00   0.4941127E+01   0.4134640E+01   0.3507402E-02
   5 f_r_top                0.0000000E+00   0.1887361E+03   0.5298696E+02   0.7855815E+02   0.1274738E+01   0.1022370E+01
   6 perm_res               0.0000000E+00   0.1723320E+02   0.3532900E+01   0.1520871E+02   0.3041179E+01   0.9041970E-01
   7 por_res                0.0000000E+00   0.2990649E+02   0.1678905E+02   0.4347422E+02   0.3918531E+01   0.2949194E+00
   8 perm_cap               0.0000000E+00   0.6822978E+01   0.4883881E+01   0.5853340E+01   0.7342207E+02   0.6877607E-01
   9 por_cap                0.0000000E+00   0.8636258E+00   0.4580436E+00   0.4815477E+00   0.7227494E+01   0.6116764E-02
  10 perm_fault             0.0000000E+00   0.6522531E+02   0.5798540E+01   0.4349882E+02   0.8988884E+01   0.1814666E-01
  11 por_fault              0.0000000E+00   0.3598949E+02   0.5076906E+00   0.1403698E+02   0.4752661E-01   0.1119998E-01

 Sum of Sensitivity Coefficients
 -------------------------------

 -----------------------------------------------------------------------------
 PARAMETER/OBSERVATION     TOTAL       VARIATION   SENS. OUTPUT  SENS. OBJ. F.
 -----------------------------------------------------------------------------
 r_left         :    0.30061E+01     0.10000E+03    0.30061E+03    0.79127E+02 
 r_right        :    0.84686E+00     0.10000E+03    0.84686E+02    0.11875E+03 
 r_upper        :    0.25009E+01     0.10000E+03    0.25009E+03    0.19949E+03 
 s_upper        :    0.26862E+00     0.50000E+02    0.13431E+02    0.15117E+02 
 f_r_top        :    0.10753E+01     0.30000E+03    0.32258E+03    0.13156E+03 
 perm_res       :    0.13035E+03     0.30000E+00    0.39106E+02    0.13156E+03 
 por_res        :    0.37753E+04     0.25000E-01    0.94383E+02    0.13156E+03 
 perm_cap       :    0.91051E+02     0.10000E+01    0.91051E+02    0.13156E+03 
 por_cap        :    0.18074E+03     0.50000E-01    0.90368E+01    0.13156E+03 
 perm_fault     :    0.82353E+02     0.15000E+01    0.12353E+03    0.13156E+03 
 por_fault      :    0.50593E+03     0.10000E+00    0.50593E+02    0.13156E+03 
 -----------------------------------------------------------------------------
 PEST          1:                                   0.00000E+00
 tFault         :                                   0.53283E+03
 tRes           :                                   0.20285E+03
 tCover         :                                   0.52625E+03
 tCap           :                                   0.11047E+03
 tWaste         :                                   0.66970E+01
 -----------------------------------------------------------------------------


 **********************************************************************************************************************************
                                                         RESIDUAL ANALYSIS
 **********************************************************************************************************************************

 RESIDUAL : Measured - computed
 BC       : Box-Cox transformed data
 C.O.F.   : Relative contribution to final objective function
 STD. DEV.: A posteriori standard deviation of calculated system response
 Yi       : Local reliability or influence. Observations with Yi < 0.25 are poorly controlled.
 Wi       : Studentized residual. If abs(Wi) > u(0.95) = 0.00 observation is potential outlier.
 IOD      : Relative impact [%] of omitting observation based on D-optimality criterion                                          

 ----------------------------------------------------------------------------------------------------------------------------------
   #  OBSERVATION   AT TIME  [a]      MEASURED     COMPUTED     RESIDUAL     WEIGHT C.O.F [%]    STD. DEV.    Yi      Wi        IOD
 ----------------------------------------------------------------------------------------------------------------------------------
   1  r_left                      -0.85000E+03 -0.89250E+03  0.42500E+02  0.100E-01     0.003  0.00000E+00                    0.000
   2  r_right                     -0.85000E+03 -0.85000E+03  0.00000E+00  0.100E-01     0.000  0.00000E+00                    0.000
   3  r_upper                     -0.65000E+03 -0.65000E+03  0.00000E+00  0.100E-01     0.000  0.00000E+00                    0.000
   4  s_upper                     -0.45000E+03 -0.45000E+03  0.00000E+00  0.200E-01     0.000  0.00000E+00                    0.000
   5  f_r_top                      0.90000E+03  0.90000E+03  0.00000E+00  0.333E-02     0.000  0.00000E+00                    0.000
   6  f_r_base                     0.90000E+03  0.90000E+03  0.00000E+00  0.100E-49     0.000  0.00000E+00                    0.000
   7  f_g_top                      0.90000E+03  0.90000E+03  0.00000E+00  0.100E-49     0.000  0.00000E+00                    0.000
   8  f_l_top                      0.90000E+03  0.90000E+03  0.00000E+00  0.100E-49     0.000  0.00000E+00                    0.000
   9  f_l_base                     0.90000E+03  0.90000E+03  0.00000E+00  0.100E-49     0.000  0.00000E+00                    0.000
  10  f_cov                        0.90000E+03  0.90000E+03  0.00000E+00  0.100E-49     0.000  0.00000E+00                    0.000
  11  f_cap                        0.90000E+03  0.90000E+03  0.00000E+00  0.100E-49     0.000  0.00000E+00                    0.000
  12  perm_res                    -0.11523E+02 -0.11523E+02  0.00000E+00  0.100E-49     0.000  0.00000E+00                    0.000
  13  por_res                      0.15000E+00  0.15000E+00  0.00000E+00  0.100E-49     0.000  0.00000E+00                    0.000
  14  perm_cap                    -0.16000E+02 -0.16000E+02  0.00000E+00  0.100E-49     0.000  0.00000E+00                    0.000
  15  por_cap                      0.10250E+00  0.10250E+00  0.00000E+00  0.100E-49     0.000  0.00000E+00                    0.000
  16  perm_fault                  -0.12000E+02 -0.12000E+02  0.00000E+00  0.100E-49     0.000  0.00000E+00                    0.000
  17  por_fault                    0.15000E+00  0.15000E+00  0.00000E+00  0.100E-49     0.000  0.00000E+00                    0.000
   1  PEST          1dummy         0.00000E+00  0.00000E+00  0.00000E+00  0.100E-19     0.000  0.69532-309  1.00    0.00      0.000
  19  tFault          0.10000E+01  0.00000E+00  0.65875E-25 -0.65875E-25  0.100E-07     0.000  0.00000E+00  1.00    0.00      0.000
  24  tFault          0.20000E+01  0.00000E+00  0.14720E-17 -0.14720E-17  0.100E-07     0.000  0.00000E+00  1.00    0.00      0.000
  29  tFault          0.30000E+01  0.00000E+00  0.11947E-13 -0.11947E-13  0.100E-07     0.000  0.00000E+00  1.00    0.00      0.000
  34  tFault          0.40000E+01  0.00000E+00  0.56196E-11 -0.56196E-11  0.100E-07     0.000  0.00000E+00  1.00    0.00      0.000
  39  tFault          0.50000E+01  0.00000E+00  0.57156E-09 -0.57156E-09  0.100E-07     0.000  0.00000E+00  1.00    0.00      0.000
  44  tFault          0.60000E+01  0.00000E+00  0.41230E-07 -0.41230E-07  0.100E-07     0.000  0.00000E+00  1.00    0.00      0.000
  49  tFault          0.70000E+01  0.00000E+00  0.29325E-05 -0.29325E-05  0.100E-07     0.000  0.00000E+00  1.00    0.00      0.000
  54  tFault          0.80000E+01  0.00000E+00  0.12715E-03 -0.12715E-03  0.100E-07     0.000  0.00000E+00  1.00    0.00      0.000
  59  tFault          0.90000E+01  0.00000E+00  0.38158E-02 -0.38158E-02  0.100E-07     0.000  0.00000E+00  1.00    0.00      0.000
  64  tFault          0.10000E+02  0.00000E+00  0.64883E-01 -0.64883E-01  0.100E-07     0.000  0.00000E+00  1.00    0.00      0.000
  69  tFault          0.11000E+02  0.00000E+00  0.62231E+00 -0.62231E+00  0.100E-07     0.000  0.00000E+00  1.00    0.00      0.000
  74  tFault          0.12000E+02  0.00000E+00  0.48815E+01 -0.48815E+01  0.100E-07     0.000  0.00000E+00  1.00    0.00      0.000
  79  tFault          0.13000E+02  0.00000E+00  0.31018E+02 -0.31018E+02  0.100E-07     0.000  0.00000E+00  1.00    0.00      0.000
  84  tFault          0.14000E+02  0.00000E+00  0.17161E+03 -0.17161E+03  0.100E-07     0.000  0.00000E+00  1.00    0.00      0.000
  89  tFault          0.15000E+02  0.00000E+00  0.87332E+03 -0.87332E+03  0.100E-07     0.000  0.00000E+00  1.00    0.00      0.000
  94  tFault          0.16000E+02  0.00000E+00  0.39599E+04 -0.39599E+04  0.100E-07     0.000  0.00000E+00  1.00    0.00      0.000
  99  tFault          0.17000E+02  0.00000E+00  0.14018E+05 -0.14018E+05  0.100E-07     0.000  0.00000E+00  1.00    0.00      0.000
 104  tFault          0.18000E+02  0.00000E+00  0.45570E+05 -0.45570E+05  0.100E-07     0.000  0.00000E+00  1.00    0.00      0.000
 109  tFault          0.19000E+02  0.00000E+00  0.16833E+06 -0.16833E+06  0.100E-07     0.000  0.00000E+00  1.00    0.00      0.000
 114  tFault          0.20000E+02  0.00000E+00  0.51906E+06 -0.51906E+06  0.100E-07     0.000  0.00000E+00  1.00    0.00      0.000
 119  tFault          0.21000E+02  0.00000E+00  0.14784E+07 -0.14784E+07  0.100E-07     0.000  0.00000E+00  1.00    0.00      0.000
 124  tFault          0.22000E+02  0.00000E+00  0.34389E+07 -0.34389E+07  0.100E-07     0.000  0.00000E+00  1.00    0.00      0.000
 129  tFault          0.23000E+02  0.00000E+00  0.61050E+07 -0.61050E+07  0.100E-07     0.000  0.00000E+00  1.00    0.00      0.000
 134  tFault          0.24000E+02  0.00000E+00  0.24928E+08 -0.24928E+08  0.100E-07     0.001  0.00000E+00  1.00    0.00      0.000
 139  tFault          0.25000E+02  0.00000E+00  0.66832E+08 -0.66832E+08  0.100E-07     0.008  0.00000E+00  1.00    0.00      0.000
 144  tFault          0.26000E+02  0.00000E+00  0.15475E+09 -0.15475E+09  0.100E-07     0.041  0.00000E+00  1.00    0.00      0.000
 149  tFault          0.27000E+02  0.00000E+00  0.31334E+09 -0.31334E+09  0.100E-07     0.168  0.00000E+00  1.00    0.00      0.000
 154  tFault          0.28000E+02  0.00000E+00  0.52022E+09 -0.52022E+09  0.100E-07     0.463  0.00000E+00  1.00    0.00      0.000
 159  tFault          0.29000E+02  0.00000E+00  0.64084E+09 -0.64084E+09  0.100E-07     0.703  0.00000E+00  1.00    0.00      0.000
 164  tFault          0.30000E+02  0.00000E+00  0.70170E+09 -0.70170E+09  0.100E-07     0.843  0.00000E+00  1.00    0.00      0.000
  20  tRes            0.10000E+01  0.00000E+00  0.78783E+09 -0.78783E+09  0.100E-08     0.011  0.00000E+00  1.00    0.00      0.000
  25  tRes            0.20000E+01  0.00000E+00  0.15731E+10 -0.15731E+10  0.100E-08     0.042  0.00000E+00  1.00    0.00      0.000
  30  tRes            0.30000E+01  0.00000E+00  0.23567E+10 -0.23567E+10  0.100E-08     0.095  0.00000E+00  1.00    0.00      0.000
  35  tRes            0.40000E+01  0.00000E+00  0.31393E+10 -0.31393E+10  0.100E-08     0.169  0.00000E+00  1.00    0.00      0.000
  40  tRes            0.50000E+01  0.00000E+00  0.39207E+10 -0.39207E+10  0.100E-08     0.263  0.00000E+00  1.00    0.00      0.000
  45  tRes            0.60000E+01  0.00000E+00  0.47012E+10 -0.47012E+10  0.100E-08     0.378  0.00000E+00  1.00    0.00      0.000
  50  tRes            0.70000E+01  0.00000E+00  0.54807E+10 -0.54807E+10  0.100E-08     0.514  0.00000E+00  1.00    0.00      0.000
  55  tRes            0.80000E+01  0.00000E+00  0.62594E+10 -0.62594E+10  0.100E-08     0.671  0.00000E+00  1.00    0.00      0.000
  60  tRes            0.90000E+01  0.00000E+00  0.70371E+10 -0.70371E+10  0.100E-08     0.848  0.00000E+00  1.00    0.00      0.000
  65  tRes            0.10000E+02  0.00000E+00  0.78140E+10 -0.78140E+10  0.100E-08     1.045  0.00000E+00  1.00    0.00      0.000
  70  tRes            0.11000E+02  0.00000E+00  0.85903E+10 -0.85903E+10  0.100E-08     1.263  0.00000E+00  1.00    0.00      0.000
  75  tRes            0.12000E+02  0.00000E+00  0.93658E+10 -0.93658E+10  0.100E-08     1.502  0.00000E+00  1.00    0.00      0.000
  80  tRes            0.13000E+02  0.00000E+00  0.10140E+11 -0.10140E+11  0.100E-08     1.760  0.00000E+00  1.00    0.00      0.000
  85  tRes            0.14000E+02  0.00000E+00  0.10915E+11 -0.10915E+11  0.100E-08     2.040  0.00000E+00  1.00    0.00      0.000
  90  tRes            0.15000E+02  0.00000E+00  0.11690E+11 -0.11690E+11  0.100E-08     2.339  0.00000E+00  1.00    0.00      0.000
  95  tRes            0.16000E+02  0.00000E+00  0.12465E+11 -0.12465E+11  0.100E-08     2.660  0.00000E+00  1.00    0.00      0.000
 100  tRes            0.17000E+02  0.00000E+00  0.13240E+11 -0.13240E+11  0.100E-08     3.001  0.00000E+00  1.00    0.00      0.000
 105  tRes            0.18000E+02  0.00000E+00  0.14010E+11 -0.14010E+11  0.100E-08     3.360  0.00000E+00  1.00    0.00      0.000
 110  tRes            0.19000E+02  0.00000E+00  0.14782E+11 -0.14782E+11  0.100E-08     3.741  0.00000E+00  1.00    0.00      0.000
 115  tRes            0.20000E+02  0.00000E+00  0.15555E+11 -0.15555E+11  0.100E-08     4.142  0.00000E+00  1.00    0.00      0.000
 120  tRes            0.21000E+02  0.00000E+00  0.16325E+11 -0.16325E+11  0.100E-08     4.562  0.00000E+00  1.00    0.00      0.000
 125  tRes            0.22000E+02  0.00000E+00  0.17094E+11 -0.17094E+11  0.100E-08     5.003  0.00000E+00  1.00    0.00      0.000
 130  tRes            0.23000E+02  0.00000E+00  0.17865E+11 -0.17865E+11  0.100E-08     5.464  0.00000E+00  1.00    0.00      0.000
 135  tRes            0.24000E+02  0.00000E+00  0.18619E+11 -0.18619E+11  0.100E-08     5.935  0.00000E+00  1.00    0.00      0.000
 140  tRes            0.25000E+02  0.00000E+00  0.19347E+11 -0.19347E+11  0.100E-08     6.408  0.00000E+00  1.00    0.00      0.000
 145  tRes            0.26000E+02  0.00000E+00  0.20031E+11 -0.20031E+11  0.100E-08     6.869  0.00000E+00  1.00    0.00      0.000
 150  tRes            0.27000E+02  0.00000E+00  0.20645E+11 -0.20645E+11  0.100E-08     7.297  0.00000E+00  1.00    0.00      0.000
 155  tRes            0.28000E+02  0.00000E+00  0.21174E+11 -0.21174E+11  0.100E-08     7.676  0.00000E+00  1.00    0.00      0.000
 160  tRes            0.29000E+02  0.00000E+00  0.21638E+11 -0.21638E+11  0.100E-08     8.015  0.00000E+00  1.00    0.00      0.000
 165  tRes            0.30000E+02  0.00000E+00  0.22057E+11 -0.22057E+11  0.100E-08     8.329  0.00000E+00  1.00    0.00      0.000
  21  tCover          0.10000E+01  0.00000E+00  0.42306E-08 -0.42306E-08  0.100E-07     0.000  0.00000E+00  1.00    0.00      0.000
  26  tCover          0.20000E+01  0.00000E+00  0.93767E-06 -0.93767E-06  0.100E-07     0.000  0.00000E+00  1.00    0.00      0.000
  31  tCover          0.30000E+01  0.00000E+00  0.16448E-04 -0.16448E-04  0.100E-07     0.000  0.00000E+00  1.00    0.00      0.000
  36  tCover          0.40000E+01  0.00000E+00  0.11841E-03 -0.11841E-03  0.100E-07     0.000  0.00000E+00  1.00    0.00      0.000
  41  tCover          0.50000E+01  0.00000E+00  0.52210E-03 -0.52210E-03  0.100E-07     0.000  0.00000E+00  1.00    0.00      0.000
  46  tCover          0.60000E+01  0.00000E+00  0.17742E-02 -0.17742E-02  0.100E-07     0.000  0.00000E+00  1.00    0.00      0.000
  51  tCover          0.70000E+01  0.00000E+00  0.49948E-02 -0.49948E-02  0.100E-07     0.000  0.00000E+00  1.00    0.00      0.000
  56  tCover          0.80000E+01  0.00000E+00  0.12380E-01 -0.12380E-01  0.100E-07     0.000  0.00000E+00  1.00    0.00      0.000
  61  tCover          0.90000E+01  0.00000E+00  0.27501E-01 -0.27501E-01  0.100E-07     0.000  0.00000E+00  1.00    0.00      0.000
  66  tCover          0.10000E+02  0.00000E+00  0.56403E-01 -0.56403E-01  0.100E-07     0.000  0.00000E+00  1.00    0.00      0.000
  71  tCover          0.11000E+02  0.00000E+00  0.10766E+00 -0.10766E+00  0.100E-07     0.000  0.00000E+00  1.00    0.00      0.000
  76  tCover          0.12000E+02  0.00000E+00  0.19453E+00 -0.19453E+00  0.100E-07     0.000  0.00000E+00  1.00    0.00      0.000
  81  tCover          0.13000E+02  0.00000E+00  0.33636E+00 -0.33636E+00  0.100E-07     0.000  0.00000E+00  1.00    0.00      0.000
  86  tCover          0.14000E+02  0.00000E+00  0.55945E+00 -0.55945E+00  0.100E-07     0.000  0.00000E+00  1.00    0.00      0.000
  91  tCover          0.15000E+02  0.00000E+00  0.93519E+00 -0.93519E+00  0.100E-07     0.000  0.00000E+00  1.00    0.00      0.000
  96  tCover          0.16000E+02  0.00000E+00  0.17953E+01 -0.17953E+01  0.100E-07     0.000  0.00000E+00  1.00    0.00      0.000
 101  tCover          0.17000E+02  0.00000E+00  0.45034E+01 -0.45034E+01  0.100E-07     0.000  0.00000E+00  1.00    0.00      0.000
 106  tCover          0.18000E+02  0.00000E+00  0.15709E+02 -0.15709E+02  0.100E-07     0.000  0.00000E+00  1.00    0.00      0.000
 111  tCover          0.19000E+02  0.00000E+00  0.61917E+02 -0.61917E+02  0.100E-07     0.000  0.00000E+00  1.00    0.00      0.000
 116  tCover          0.20000E+02  0.00000E+00  0.22874E+03 -0.22874E+03  0.100E-07     0.000  0.00000E+00  1.00    0.00      0.000
 121  tCover          0.21000E+02  0.00000E+00  0.81506E+03 -0.81506E+03  0.100E-07     0.000  0.00000E+00  1.00    0.00      0.000
 126  tCover          0.22000E+02  0.00000E+00  0.28158E+04 -0.28158E+04  0.100E-07     0.000  0.00000E+00  1.00    0.00      0.000
 131  tCover          0.23000E+02  0.00000E+00  0.90141E+04 -0.90141E+04  0.100E-07     0.000  0.00000E+00  1.00    0.00      0.000
 136  tCover          0.24000E+02  0.00000E+00  0.26253E+05 -0.26253E+05  0.100E-07     0.000  0.00000E+00  1.00    0.00      0.000
 141  tCover          0.25000E+02  0.00000E+00  0.67491E+05 -0.67491E+05  0.100E-07     0.000  0.00000E+00  1.00    0.00      0.000
 146  tCover          0.26000E+02  0.00000E+00  0.14889E+06 -0.14889E+06  0.100E-07     0.000  0.00000E+00  1.00    0.00      0.000
 151  tCover          0.27000E+02  0.00000E+00  0.14789E+07 -0.14789E+07  0.100E-07     0.000  0.00000E+00  1.00    0.00      0.000
 156  tCover          0.28000E+02  0.00000E+00  0.39346E+08 -0.39346E+08  0.100E-07     0.003  0.00000E+00  1.00    0.00      0.000
 161  tCover          0.29000E+02  0.00000E+00  0.22632E+09 -0.22632E+09  0.100E-07     0.088  0.00000E+00  1.00    0.00      0.000
 166  tCover          0.30000E+02  0.00000E+00  0.51775E+09 -0.51775E+09  0.100E-07     0.459  0.00000E+00  1.00    0.00      0.000
  22  tCap            0.10000E+01  0.00000E+00  0.11058E+07 -0.11058E+07  0.100E-07     0.000  0.00000E+00  1.00    0.00      0.000
  27  tCap            0.20000E+01  0.00000E+00  0.48151E+07 -0.48151E+07  0.100E-07     0.000  0.00000E+00  1.00    0.00      0.000
  32  tCap            0.30000E+01  0.00000E+00  0.10106E+08 -0.10106E+08  0.100E-07     0.000  0.00000E+00  1.00    0.00      0.000
  37  tCap            0.40000E+01  0.00000E+00  0.16496E+08 -0.16496E+08  0.100E-07     0.000  0.00000E+00  1.00    0.00      0.000
  42  tCap            0.50000E+01  0.00000E+00  0.23964E+08 -0.23964E+08  0.100E-07     0.001  0.00000E+00  1.00    0.00      0.000
  47  tCap            0.60000E+01  0.00000E+00  0.32397E+08 -0.32397E+08  0.100E-07     0.002  0.00000E+00  1.00    0.00      0.000
  52  tCap            0.70000E+01  0.00000E+00  0.41841E+08 -0.41841E+08  0.100E-07     0.003  0.00000E+00  1.00    0.00      0.000
  57  tCap            0.80000E+01  0.00000E+00  0.52168E+08 -0.52168E+08  0.100E-07     0.005  0.00000E+00  1.00    0.00      0.000
  62  tCap            0.90000E+01  0.00000E+00  0.63319E+08 -0.63319E+08  0.100E-07     0.007  0.00000E+00  1.00    0.00      0.000
  67  tCap            0.10000E+02  0.00000E+00  0.75376E+08 -0.75376E+08  0.100E-07     0.010  0.00000E+00  1.00    0.00      0.000
  72  tCap            0.11000E+02  0.00000E+00  0.88018E+08 -0.88018E+08  0.100E-07     0.013  0.00000E+00  1.00    0.00      0.000
  77  tCap            0.12000E+02  0.00000E+00  0.10149E+09 -0.10149E+09  0.100E-07     0.018  0.00000E+00  1.00    0.00      0.000
  82  tCap            0.13000E+02  0.00000E+00  0.11580E+09 -0.11580E+09  0.100E-07     0.023  0.00000E+00  1.00    0.00      0.000
  87  tCap            0.14000E+02  0.00000E+00  0.13023E+09 -0.13023E+09  0.100E-07     0.029  0.00000E+00  1.00    0.00      0.000
  92  tCap            0.15000E+02  0.00000E+00  0.14442E+09 -0.14442E+09  0.100E-07     0.036  0.00000E+00  1.00    0.00      0.000
  97  tCap            0.16000E+02  0.00000E+00  0.15845E+09 -0.15845E+09  0.100E-07     0.043  0.00000E+00  1.00    0.00      0.000
 102  tCap            0.17000E+02  0.00000E+00  0.17205E+09 -0.17205E+09  0.100E-07     0.051  0.00000E+00  1.00    0.00      0.000
 107  tCap            0.18000E+02  0.00000E+00  0.18530E+09 -0.18530E+09  0.100E-07     0.059  0.00000E+00  1.00    0.00      0.000
 112  tCap            0.19000E+02  0.00000E+00  0.19873E+09 -0.19873E+09  0.100E-07     0.068  0.00000E+00  1.00    0.00      0.000
 117  tCap            0.20000E+02  0.00000E+00  0.21209E+09 -0.21209E+09  0.100E-07     0.077  0.00000E+00  1.00    0.00      0.000
 122  tCap            0.21000E+02  0.00000E+00  0.22503E+09 -0.22503E+09  0.100E-07     0.087  0.00000E+00  1.00    0.00      0.000
 127  tCap            0.22000E+02  0.00000E+00  0.23775E+09 -0.23775E+09  0.100E-07     0.097  0.00000E+00  1.00    0.00      0.000
 132  tCap            0.23000E+02  0.00000E+00  0.25036E+09 -0.25036E+09  0.100E-07     0.107  0.00000E+00  1.00    0.00      0.000
 137  tCap            0.24000E+02  0.00000E+00  0.26300E+09 -0.26300E+09  0.100E-07     0.118  0.00000E+00  1.00    0.00      0.000
 142  tCap            0.25000E+02  0.00000E+00  0.27525E+09 -0.27525E+09  0.100E-07     0.130  0.00000E+00  1.00    0.00      0.000
 147  tCap            0.26000E+02  0.00000E+00  0.28728E+09 -0.28728E+09  0.100E-07     0.141  0.00000E+00  1.00    0.00      0.000
 152  tCap            0.27000E+02  0.00000E+00  0.29908E+09 -0.29908E+09  0.100E-07     0.153  0.00000E+00  1.00    0.00      0.000
 157  tCap            0.28000E+02  0.00000E+00  0.31086E+09 -0.31086E+09  0.100E-07     0.165  0.00000E+00  1.00    0.00      0.000
 162  tCap            0.29000E+02  0.00000E+00  0.32251E+09 -0.32251E+09  0.100E-07     0.178  0.00000E+00  1.00    0.00      0.000
 167  tCap            0.30000E+02  0.00000E+00  0.33402E+09 -0.33402E+09  0.100E-07     0.191  0.00000E+00  1.00    0.00      0.000
  23  tWaste          0.10000E+01  0.00000E+00  0.23275E-39 -0.23275E-39  0.500E-08     0.000  0.00000E+00  1.00    0.00      0.000
  28  tWaste          0.20000E+01  0.00000E+00  0.83479E-33 -0.83479E-33  0.500E-08     0.000  0.00000E+00  1.00    0.00      0.000
  33  tWaste          0.30000E+01  0.00000E+00  0.15624E-28 -0.15624E-28  0.500E-08     0.000  0.00000E+00  1.00    0.00      0.000
  38  tWaste          0.40000E+01  0.00000E+00  0.80859E-25 -0.80859E-25  0.500E-08     0.000  0.00000E+00  1.00    0.00      0.000
  43  tWaste          0.50000E+01  0.00000E+00  0.11123E-21 -0.11123E-21  0.500E-08     0.000  0.00000E+00  1.00    0.00      0.000
  48  tWaste          0.60000E+01  0.00000E+00  0.28039E-18 -0.28039E-18  0.500E-08     0.000  0.00000E+00  1.00    0.00      0.000
  53  tWaste          0.70000E+01  0.00000E+00  0.19387E-15 -0.19387E-15  0.500E-08     0.000  0.00000E+00  1.00    0.00      0.000
  58  tWaste          0.80000E+01  0.00000E+00  0.25636E-12 -0.25636E-12  0.500E-08     0.000  0.00000E+00  1.00    0.00      0.000
  63  tWaste          0.90000E+01  0.00000E+00  0.14414E-09 -0.14414E-09  0.500E-08     0.000  0.00000E+00  1.00    0.00      0.000
  68  tWaste          0.10000E+02  0.00000E+00  0.18104E-07 -0.18104E-07  0.500E-08     0.000  0.00000E+00  1.00    0.00      0.000
  73  tWaste          0.11000E+02  0.00000E+00  0.96624E-05 -0.96624E-05  0.500E-08     0.000  0.00000E+00  1.00    0.00      0.000
  78  tWaste          0.12000E+02  0.00000E+00  0.47809E-03 -0.47809E-03  0.500E-08     0.000  0.00000E+00  1.00    0.00      0.000
  83  tWaste          0.13000E+02  0.00000E+00  0.78971E-02 -0.78971E-02  0.500E-08     0.000  0.00000E+00  1.00    0.00      0.000
  88  tWaste          0.14000E+02  0.00000E+00  0.32225E+00 -0.32225E+00  0.500E-08     0.000  0.00000E+00  1.00    0.00      0.000
  93  tWaste          0.15000E+02  0.00000E+00  0.88881E+00 -0.88881E+00  0.500E-08     0.000  0.00000E+00  1.00    0.00      0.000
  98  tWaste          0.16000E+02  0.00000E+00  0.21102E+01 -0.21102E+01  0.500E-08     0.000  0.00000E+00  1.00    0.00      0.000
 103  tWaste          0.17000E+02  0.00000E+00  0.50699E+05 -0.50699E+05  0.500E-08     0.000  0.00000E+00  1.00    0.00      0.000
 108  tWaste          0.18000E+02  0.00000E+00  0.54130E+07 -0.54130E+07  0.500E-08     0.000  0.00000E+00  1.00    0.00      0.000
 113  tWaste          0.19000E+02  0.00000E+00  0.87703E+07 -0.87703E+07  0.500E-08     0.000  0.00000E+00  1.00    0.00      0.000
 118  tWaste          0.20000E+02  0.00000E+00  0.10922E+08 -0.10922E+08  0.500E-08     0.000  0.00000E+00  1.00    0.00      0.000
 123  tWaste          0.21000E+02  0.00000E+00  0.16245E+08 -0.16245E+08  0.500E-08     0.000  0.00000E+00  1.00    0.00      0.000
 128  tWaste          0.22000E+02  0.00000E+00  0.21360E+08 -0.21360E+08  0.500E-08     0.000  0.00000E+00  1.00    0.00      0.000
 133  tWaste          0.23000E+02  0.00000E+00  0.24294E+08 -0.24294E+08  0.500E-08     0.000  0.00000E+00  1.00    0.00      0.000
 138  tWaste          0.24000E+02  0.00000E+00  0.27715E+08 -0.27715E+08  0.500E-08     0.000  0.00000E+00  1.00    0.00      0.000
 143  tWaste          0.25000E+02  0.00000E+00  0.34640E+08 -0.34640E+08  0.500E-08     0.001  0.00000E+00  1.00    0.00      0.000
 148  tWaste          0.26000E+02  0.00000E+00  0.38838E+08 -0.38838E+08  0.500E-08     0.001  0.00000E+00  1.00    0.00      0.000
 153  tWaste          0.27000E+02  0.00000E+00  0.41995E+08 -0.41995E+08  0.500E-08     0.001  0.00000E+00  1.00    0.00      0.000
 158  tWaste          0.28000E+02  0.00000E+00  0.45500E+08 -0.45500E+08  0.500E-08     0.001  0.00000E+00  1.00    0.00      0.000
 163  tWaste          0.29000E+02  0.00000E+00  0.52039E+08 -0.52039E+08  0.500E-08     0.001  0.00000E+00  1.00    0.00      0.000
 168  tWaste          0.30000E+02  0.00000E+00  0.57419E+08 -0.57419E+08  0.500E-08     0.001  0.00000E+00  1.00    0.00      0.000


 -!!!!!!!!!!!!!!!!!!!!!!!!!!!!!!!!!!!!!!!!!!!!!!!!!!!!!!!!!!!!!!!!!!!!!!!!!!!!!!!!!!!!!!!!!!!!!!!!!!!!!!!!!!!!!!!!!!!!!!!!!!!!!!!!!
 ESTIMATED PARAMETER  V/L/F   ROCKS   PAR  INITIAL GUESS    BEST ESTIMATE            STANDARD DEVIATIONS        SENSITIVITY
                                                                             A PRIORI    MARGINAL      C/M    OUTPUT   OBJ. FUNC.
 r_left               VALUE   -----     1   -0.85000E+03   -0.8925000E+03   0.100E+03         N/A      N/A     300.6       79.127  
 r_right              VALUE   -----     1   -0.85000E+03   -0.8500000E+03   0.100E+03         N/A      N/A      84.7      118.752  
 r_upper              VALUE   -----     1   -0.65000E+03   -0.6500000E+03   0.100E+03         N/A      N/A     250.1      199.495  
 s_upper              VALUE   -----     1   -0.45000E+03   -0.4500000E+03   0.500E+02         N/A      N/A      13.4       15.117  
 f_r_top              VALUE   -----     1    0.90000E+03    0.9000000E+03   0.300E+03         N/A      N/A     322.6      131.557  
 f_r_base             VALUE   -----     1 <TIED TO:   5>   0.90000E+03 TP         N/A         N/A      N/A     322.6 [    131.557 ]
 f_g_top              VALUE   -----     1 <TIED TO:   5>   0.90000E+03 TP         N/A         N/A      N/A     322.6 [    131.557 ]
 f_l_top              VALUE   -----     1 <TIED TO:   5>   0.90000E+03 TP         N/A         N/A      N/A     322.6 [    131.557 ]
 f_l_base             VALUE   -----     1 <TIED TO:   5>   0.90000E+03 TP         N/A         N/A      N/A     322.6 [    131.557 ]
 f_cov                VALUE   -----     1 <TIED TO:   5>   0.90000E+03 TP         N/A         N/A      N/A     322.6 [    131.557 ]
 f_cap                VALUE   -----     1 <TIED TO:   5>   0.90000E+03 TP         N/A         N/A      N/A     322.6 [    131.557 ]
 perm_res             LOG10   RESER     1   -0.11523E+02   -0.1152288E+02         N/A         N/A      N/A      39.1        2.676  
 por_res              VALUE   RESER     1    0.15000E+00    0.1500000E+00         N/A         N/A      N/A      94.4       74.987  
 perm_cap             LOG10   CAPRO     1   -0.16000E+02   -0.1600000E+02         N/A         N/A      N/A      91.1        0.853  
 por_cap              VALUE   CAPRO     1    0.10250E+00    0.1025000E+00         N/A         N/A      N/A       9.0        1.091  
 perm_fault           LOG10   FAULT     1   -0.12000E+02   -0.1200000E+02         N/A         N/A      N/A     123.5       15.278  
 por_fault            VALUE   FAULT     1    0.15000E+00    0.1500000E+00         N/A         N/A      N/A      50.6       25.925  
 !!!!!!!!!!!!!!!!!!!!!!!!!!!!!!!!!!!!!!!!!!!!!!!!!!!!!!!!!!!!!!!!!!!!!!!!!!!!!!!!!!!!!!!!!!!!!!!!!!!!!!!!!!!!!!!!!!!!!!!!!!!!!!!!!!

 TP   : Transformed parameter! Backtransform estimated parameter to obtain TOUGH input parameter.

 ---  1945th iTOUGH2 run stopped normally on  6-Mar-13  16:49 ---  CPU time used =    7133.95 sec.

 ---     0 error(s) and  0 warning(s) detected
