                                        @@@@@@@@@@@@@@@@@@@@@@@@@@@@@@@@@@@@@@@@@@@@@@@
                                        @                                             @
                                        @   @  @@@@@   @@   @  @   @@@  @  @   @@@@   @
                                        @        @    @  @  @  @  @     @  @  @    @  @
                                        @   @    @    @  @  @  @  @ @@  @@@@     @@   @
                                        @   @    @    @  @  @  @  @  @  @  @    @@    @
                                        @   @    @     @@    @@    @@@  @  @  @@@@@@  @
                                        @                                             @
                                        @@@@@@@@@@@@@@@@@@@@@@@@@@@@@@@@@@@@@@@@@@@@@@@

                                      iTOUGH2 V6.7 (JANUARY, 2012) FOR LINUX, S. FINSTERLE 
                                COPYRIGHT (C) 2007, THE REGENTS OF THE UNIVERSITY OF CALIFORNIA
                                     THROUGH LAWRENCE BERKELEY NATIONAL LABORATORY
                                                  ALL RIGHTS RESERVED

 ==================================================================================================================================
                                          >>>>>>>>>>>>>  6-Mar-13  14:43 <<<<<<<<<<<<<
 ==================================================================================================================================
 iTOUGH2 RUN NO.               :     1
 iTOUGH2 INPUT FILE            :  CO2_itough_inv
 TOUGH2 INPUT FILE             :  CO2_fwd
 WORKING DIRECTORY             :  /home/flo/04_iTOUGH2/CO2_paper/test_fwd_new_model/mc_lowres_high_struct_uncert_1
 TEMPORARY DIRECTORY           :  /home/flo/it2_30747
 EQUATION OF STATE MODULE NO.  :    17 --> Two-phase, non-isothermal flow of water, NaCl and CO2
 COMPONENTS                    :  WATER     NaCl      CO2       HEAT                          
 PHASES                        :  GAS       LIQUID    SALT      
 TOUGH2 TITLE                  :  *rcc3* ... CO2 example - leakage over fault in uncertain distance               
 ==================================================================================================================================

 --- Line   137 ignored.

 --- Line   138 ignored.

 --- Line   139 ignored.

 --- Line   140 ignored.

 --- Line   204 ignored.

 --- Line   205 ignored.

 --- Line   206 ignored.

 --- Line   207 ignored.

 --- Line   208 ignored.

 --- Line   209 ignored.

 --- Line   210 ignored.

 **********************************************************************************************************************************
                                                              INPUT
 **********************************************************************************************************************************


 PARAMETERS
 ==========

 ----------------------------------------------------------------------------------------------------------------------------------
  # ANNOTATION      PARAMETER TYPE   ROCKS   PRIOR INFO. INIT. GUESS    STD. DEV.  LOWER BOUND  UPPER BOUND    MAX. STEP  INDEX
 ----------------------------------------------------------------------------------------------------------------------------------
  1 r_left          PEST       1     -----   -0.8500E+03 -0.8500E+03  0.10000E+03 -0.95000E+03 -0.75000E+03   UNLIMITED   1
  2 r_right         PEST       2     -----   -0.8500E+03 -0.8500E+03  0.10000E+03 -0.95000E+03 -0.75000E+03   UNLIMITED   1
  3 r_upper         PEST       3     -----   -0.6500E+03 -0.6500E+03  0.10000E+03 -0.80000E+03 -0.50000E+03   UNLIMITED   1
  4 s_upper         PEST       4     -----   -0.4500E+03 -0.4500E+03  0.50000E+02 -0.50000E+03 -0.35000E+03   UNLIMITED   1
  5 f_r_top         PEST       5     -----    0.9000E+03  0.9000E+03  0.30000E+03  0.60000E+03  0.12000E+04   UNLIMITED   1
  6 f_r_base        PEST       6     -----    0.9000E+03  0.9000E+03 TIED TO:   5  0.60000E+03  0.12000E+04   UNLIMITED   1
  7 f_g_top         PEST       7     -----    0.9000E+03  0.9000E+03 TIED TO:   5  0.60000E+03  0.12000E+04   UNLIMITED   1
  8 f_l_top         PEST       8     -----    0.9000E+03  0.9000E+03 TIED TO:   5  0.60000E+03  0.12000E+04   UNLIMITED   1
  9 f_l_base        PEST       9     -----    0.9000E+03  0.9000E+03 TIED TO:   5  0.60000E+03  0.12000E+04   UNLIMITED   1
 10 f_cov           PEST      10     -----    0.9000E+03  0.9000E+03 TIED TO:   5  0.60000E+03  0.12000E+04   UNLIMITED   1
 11 f_cap           PEST      11     -----    0.9000E+03  0.9000E+03 TIED TO:   5  0.60000E+03  0.12000E+04   UNLIMITED   1
 12 perm_res        ABSOLUTE PERM.   RESER   -0.1152E+02 -0.1152E+02  0.30000E+00 -0.13000E+02 -0.11000E+02   UNLIMITED   1   2   3
 13 por_res         POROSITY         RESER    0.1500E+00  0.1500E+00  0.25000E-01  0.50000E-01  0.30000E+00   UNLIMITED   1
 14 perm_cap        ABSOLUTE PERM.   CAPRO   -0.1600E+02 -0.1600E+02  0.10000E+01 -0.17000E+02 -0.15000E+02   UNLIMITED   1   2   3
 15 por_cap         POROSITY         CAPRO    0.1025E+00  0.1025E+00  0.50000E-01  0.20000E-01  0.15000E+00   UNLIMITED   1
 16 perm_fault      ABSOLUTE PERM.   FAULT   -0.1200E+02 -0.1200E+02  0.15000E+01 -0.15000E+02 -0.11000E+02   UNLIMITED   1   2   3
 17 por_fault       POROSITY         FAULT    0.1500E+00  0.1500E+00  0.10000E+00  0.50000E-01  0.35000E+00   UNLIMITED   1
 ----------------------------------------------------------------------------------------------------------------------------------


 ----------------------------------------------------------------------------------------------------------------------------------
  ADJUSTABLE PARAMETER = TRANSFORMED MODEL INPUT PARAMETER (MIP)
 ----------------------------------------------------------------------------------------------------------------------------------
  1  r_left            =       MIP 
  2  r_right           =       MIP 
  3  r_upper           =       MIP 
  4  s_upper           =       MIP 
  5  f_r_top           =       MIP 
  6  f_r_base          =       MIP -  400.0    
  7  f_g_top           =       MIP +  100.0    
  8  f_l_top           =       MIP +  200.0    
  9  f_l_base          =       MIP -  200.0    
 10  f_cov             =       MIP -  300.0    
 11  f_cap             =       MIP -  350.0    
 12  perm_res          = LOG10(MIP)
 13  por_res           =       MIP 
 14  perm_cap          = LOG10(MIP)
 15  por_cap           =       MIP 
 16  perm_fault        = LOG10(MIP)
 17  por_fault         =       MIP 
 ----------------------------------------------------------------------------------------------------------------------------------


 OBSERVATIONS
 ============

 TIMES  [a]                                          
 -----------
  0.1000000E+01  0.2000000E+01  0.3000000E+01  0.4000000E+01  0.5000000E+01
  0.6000000E+01  0.7000000E+01  0.8000000E+01  0.9000000E+01  0.1000000E+02
  0.1100000E+02  0.1200000E+02  0.1300000E+02  0.1400000E+02  0.1500000E+02
  0.1600000E+02  0.1700000E+02  0.1800000E+02  0.1900000E+02  0.2000000E+02
  0.2100000E+02  0.2200000E+02  0.2300000E+02  0.2400000E+02  0.2500000E+02
  0.2600000E+02  0.2700000E+02  0.2800000E+02  0.2900000E+02  0.3000000E+02


 ----------------------------------------------------------------------------------------------------------------------------------
 SET ANNOTATION      DATATYPE        ELEME/CONNE       STD. DEV. MIN. TIME MAX. TIME LOG(V/M/S)     #DATA #CALI     FACTOR  IOBS
 ----------------------------------------------------------------------------------------------------------------------------------
  1  PEST          1 UNKNOWN (PEST)  ALL             0.10000E+01 0.317E-07 0.317E-07     VALUE  DATA:    1    1  0.100E+01
  2  tFault          MASS IN PLACE   FAULT           0.10000E+09 -.317E+43 0.317E+43     VALUE  NO DATA      30  0.100E+01
  3  tRes            MASS IN PLACE   RESER           0.10000E+10 -.317E+43 0.317E+43     VALUE  NO DATA      30  0.100E+01
  4  tCover          MASS IN PLACE   COVER           0.10000E+09 -.317E+43 0.317E+43     VALUE  NO DATA      30  0.100E+01
  5  tCap            MASS IN PLACE   CAPRO           0.10000E+09 -.317E+43 0.317E+43     VALUE  NO DATA      30  0.100E+01
  6  tWaste          MASS IN PLACE   WASTE           0.20000E+09 -.317E+43 0.317E+43     VALUE  NO DATA      30  0.100E+01
 ----------------------------------------------------------------------------------------------------------------------------------


 --------------------------------------------------
 Number of datasets                    :    6
 Number of calibration times           :   30                                          
 Number of parameters specified        :   17
 Number of TOUGH-related parameters    :    6
 Number of TOUGH-independent parameters:   11
 Number of inactive parameters         :    0
 Number of tied parameters             :    6
 Number of adjustable parameters   (n) :   11
 Number of superparameters (max.)      :    0
 Number of parameters with prior info. :         11
 Number of regularization terms        :          0
 Number of MASS IN PLACE               :        150
 Number of UNKNOWN (PEST)              :          1
                                              -----
 Total number of observations      (m) :         12   (excludes  150 dummy data points)
                                              =====
 Degree of freedom               (m-n) :    1
 --------------------------------------------------


 COMPUTATIONAL PARAMETERS
 ========================

 Application                                     :       Monte Carlo Simulations                                                  
 Maximum number of iTOUGH2 iterations            :                           100
 Maximum number of TOUGH2 calls                  :                           100
 Maximum number of uphill steps                  :                            10
 Maximum size of scaled parameter step           :                     unlimited
 Initial Levenberg parameter                     :                   0.10000E+01
 Marquardt parameter                             :                  -0.10000E+02
 Finite difference quotient for Jacobian         :                      centered
 Diagonal of Tikhonov matrix                     :     Diagonal of normal matrix
 Automatic FD update of Jacobian                 :                             0
 Skip iterations with FD update of Jacobian      :                             0
 Broyden rank-one update of Jacobian             :                             0
 Increment factor for computing derivatives      :                   0.50000E-01
 Simple parameter bounds enforced by             :         Hard parameter bounds
 Variance for error analysis                     :                  a posteriori
 Format of plotfile                              :                       Columns
 User-supplied model (PEST/JUPITER API)          : python /home/flo/bin/grid_to_iTOUGH_mesh_lowres_new_model_2.py
 User-supplied model will run  before TOUGH2
 Objective Function                              :                 Least-Squares


 COMPUTER SYSTEM
 ===============

 Machine type                                    : Linux               
 UNIX script file name                           : /home/flo/bin/itough2                                                           
 UNIX command line arguments                     : -no_delete -m MESH -i CO2_incon.inc CO2_itough_inv.inv CO2_fwd.dat 17
 Host name                                       : AbaqusARRC
 User name                                       : flo
 Executable                                      : /home/flo/itough2/Executable/itough2_17


 --- End of iTOUGH2 input job:  239 lines read,    0.06 CPU-seconds used


 **********************************************************************************************************************************
                                                              OUTPUT
 **********************************************************************************************************************************

 ----------------------------------------------------------------------------------------------------------------------------------
                                   M O N T E   C A R L O   S I M U L A T I O N S
 ----------------------------------------------------------------------------------------------------------------------------------

 Generate  100 parameter sets with given probability density function (Seed number =  713).

    Sample  r_left           r_right          r_upper          s_upper          f_r_top          f_r_base         f_g_top        
            f_l_top          f_l_base         f_cov            f_cap            perm_res         por_res          perm_cap       
            por_cap          perm_fault       por_fault        OBJECTIVE FUNC.  PEST          1  tFault           tRes           
            tCover           tCap             tWaste         
         1  -0.85000000E+03  -0.85000000E+03  -0.65000000E+03  -0.45000000E+03   0.90000000E+03   0.90000000E+03   0.90000000E+03
             0.90000000E+03   0.90000000E+03   0.90000000E+03   0.90000000E+03  -0.11522879E+02   0.15000000E+00  -0.16000000E+02
             0.10250000E+00  -0.12000000E+02   0.15000000E+00   0.62785933E+04   0.00000000E+00   0.44953953E+03   0.48820833E+04
             0.83912451E+03   0.10781449E+03   0.31531748E-01
         2  -0.85724110E+03  -0.78106036E+03  -0.59647366E+03  -0.39282710E+03   0.10736233E+04   0.10736233E+04   0.10736233E+04
             0.10736233E+04   0.10736233E+04   0.10736233E+04   0.10736233E+04  -0.11892924E+02   0.11597892E+00  -0.15880170E+02
             0.11690002E+00  -0.12080971E+02   0.19612304E+00   0.67991517E+04   0.00000000E+00   0.91714928E+03   0.41867995E+04
             0.14790374E+04   0.21515063E+03   0.10148686E+01
         3  -0.94493162E+03  -0.81646471E+03  -0.55528032E+03  -0.45335648E+03   0.80219028E+03   0.80219028E+03   0.80219028E+03
             0.80219028E+03   0.80219028E+03   0.80219028E+03   0.80219028E+03  -0.11516776E+02   0.17696383E+00  -0.16319209E+02
             0.14427464E+00  -0.13722044E+02   0.19037641E+00   0.59131514E+04   0.00000000E+00   0.14592143E-07   0.56247452E+04
             0.33499025E-03   0.28838130E+03   0.24606702E-01
         4  -0.78786228E+03  -0.91213377E+03  -0.73070214E+03  -0.38253740E+03   0.10370511E+04   0.10370511E+04   0.10370511E+04
             0.10370511E+04   0.10370511E+04   0.10370511E+04   0.10370511E+04  -0.12089777E+02   0.13770000E+00  -0.16625385E+02
             0.14041821E+00  -0.13411165E+02   0.19701069E+00   0.84773774E+04   0.00000000E+00   0.34579812E+04   0.45805927E+04
             0.32451149E+03   0.11419580E+03   0.96224529E-01
         5  -0.80858485E+03  -0.92175126E+03  -0.76562485E+03  -0.48304668E+03   0.83814523E+03   0.83814523E+03   0.83814523E+03
             0.83814523E+03   0.83814523E+03   0.83814523E+03   0.83814523E+03  -0.11565183E+02   0.13352696E+00  -0.16228220E+02
             0.10697777E+00  -0.12899667E+02   0.71482933E-01   0.54456585E+04   0.00000000E+00   0.10289278E+04   0.22973299E+04
             0.18996952E+04   0.21970559E+03   0.72800786E-19
         6  -0.87153581E+03  -0.83651821E+03  -0.63327767E+03  -0.49020750E+03   0.10039220E+04   0.10039220E+04   0.10039220E+04
             0.10039220E+04   0.10039220E+04   0.10039220E+04   0.10039220E+04  -0.12003735E+02   0.14459096E+00  -0.15791344E+02
             0.11125490E+00  -0.13600108E+02   0.15532303E+00   0.63231434E+04   0.00000000E+00   0.10860846E+03   0.52949749E+04
             0.18425318E-02   0.91910452E+03   0.45372170E+00

 *****  WARNING  *****
 * TOUGH2 simulation No.   7 terminated abnormally! Simulation time  : 0.11605256E+02  [a] .
 * Most likely cause: Convergence failure following steps that converged on ITER=1                    
 * Will accept    5 more failures before stopping!
 *****  WARNING  *****
         7  -0.82301361E+03  -0.91959485E+03  -0.71257011E+03  -0.39108631E+03   0.11724088E+04   0.11724088E+04   0.11724088E+04
             0.11724088E+04   0.11724088E+04   0.11724088E+04   0.11724088E+04  -0.11488864E+02   0.11669894E+00  -0.16427106E+02
             0.34841854E-01  -0.11398961E+02   0.18468513E+00   0.65548004E+04   0.00000000E+00   0.37629798E+03   0.52296822E+04
             0.68894232E+02   0.87947233E+03   0.45372170E+00
         8  -0.83343668E+03  -0.86394013E+03  -0.62875496E+03  -0.47156952E+03   0.70830832E+03   0.70830832E+03   0.70830832E+03
             0.70830832E+03   0.70830832E+03   0.70830832E+03   0.70830832E+03  -0.11639866E+02   0.13149001E+00  -0.16947733E+02
             0.14472977E+00  -0.12280589E+02   0.98063800E-01   0.66054028E+04   0.00000000E+00   0.32070404E+03   0.46513774E+04
             0.16285837E+04   0.47214793E+01   0.16127242E-01
         9  -0.79740285E+03  -0.90447391E+03  -0.70188999E+03  -0.40628848E+03   0.69463047E+03   0.69463047E+03   0.69463047E+03
             0.69463047E+03   0.69463047E+03   0.69463047E+03   0.69463047E+03  -0.11529239E+02   0.10252419E+00  -0.16090598E+02
             0.14484568E+00  -0.11947305E+02   0.14316156E+00   0.55123187E+04   0.00000000E+00   0.25716511E+04   0.14606377E+04
             0.13934104E+04   0.86619582E+02   0.56400617E-32
        10  -0.87013849E+03  -0.77983625E+03  -0.65501926E+03  -0.39845143E+03   0.79262826E+03   0.79262826E+03   0.79262826E+03
             0.79262826E+03   0.79262826E+03   0.79262826E+03   0.79262826E+03  -0.11925907E+02   0.15929746E+00  -0.15556239E+02
             0.91235645E-01  -0.12056018E+02   0.19144734E+00   0.59151276E+04   0.00000000E+00   0.13468890E+03   0.54265274E+04
             0.47298020E+02   0.30539011E+03   0.12231436E+01
        11  -0.94818546E+03  -0.84132417E+03  -0.68878558E+03  -0.39807165E+03   0.75399798E+03   0.75399798E+03   0.75399798E+03
             0.75399798E+03   0.75399798E+03   0.75399798E+03   0.75399798E+03  -0.11607150E+02   0.12983608E+00  -0.16422973E+02
             0.30515590E-01  -0.13355435E+02   0.20505467E+00   0.57747261E+04   0.00000000E+00   0.39275513E+02   0.57079736E+04
             0.28673291E-05   0.25186876E+02   0.22900800E+01
        12  -0.83880030E+03  -0.84761601E+03  -0.70377813E+03  -0.40577253E+03   0.68600334E+03   0.68600334E+03   0.68600334E+03
             0.68600334E+03   0.68600334E+03   0.68600334E+03   0.68600334E+03  -0.11651166E+02   0.14021572E+00  -0.16285522E+02
             0.75977934E-01  -0.12787270E+02   0.27446823E+00   0.73048106E+04   0.00000000E+00   0.20708579E+04   0.51321449E+04
             0.42599049E+02   0.58526692E+02   0.68211794E+00
        13  -0.83641495E+03  -0.84561229E+03  -0.78207391E+03  -0.47670843E+03   0.87968356E+03   0.87968356E+03   0.87968356E+03
             0.87968356E+03   0.87968356E+03   0.87968356E+03   0.87968356E+03  -0.11816183E+02   0.12924320E+00  -0.16054136E+02
             0.75571419E-01  -0.13134879E+02   0.90213367E-01   0.68167007E+04   0.00000000E+00   0.11369183E+04   0.43045686E+04
             0.87632613E+03   0.49608719E+03   0.28004857E+01
        14  -0.87818585E+03  -0.76614481E+03  -0.73710557E+03  -0.43626268E+03   0.87900843E+03   0.87900843E+03   0.87900843E+03
             0.87900843E+03   0.87900843E+03   0.87900843E+03   0.87900843E+03  -0.11798478E+02   0.17874909E+00  -0.15994066E+02
             0.44770045E-01  -0.11723838E+02   0.79052205E-01   0.58338167E+04   0.00000000E+00   0.13187131E+03   0.51799705E+04
             0.47253721E+03   0.46368446E+02   0.30693024E+01
        15  -0.87488329E+03  -0.94706876E+03  -0.67640801E+03  -0.48940756E+03   0.90007664E+03   0.90007664E+03   0.90007664E+03
             0.90007664E+03   0.90007664E+03   0.90007664E+03   0.90007664E+03  -0.11441945E+02   0.18686063E+00  -0.16054662E+02
             0.67643067E-01  -0.12794973E+02   0.14505536E+00   0.59600481E+04   0.00000000E+00   0.33417097E+03   0.54720983E+04
             0.80378666E+02   0.73400132E+02   0.74186701E-17
        16  -0.89237791E+03  -0.86215065E+03  -0.64765593E+03  -0.41751130E+03   0.60891757E+03   0.60891757E+03   0.60891757E+03
             0.60891757E+03   0.60891757E+03   0.60891757E+03   0.60891757E+03  -0.11383829E+02   0.17170521E+00  -0.15871397E+02
             0.79750038E-01  -0.13463052E+02   0.15482963E+00   0.59011158E+04   0.00000000E+00   0.76746735E-04   0.56311905E+04
             0.11262627E-09   0.26987467E+03   0.50486476E-01
        17  -0.91393098E+03  -0.84544813E+03  -0.55161126E+03  -0.37866672E+03   0.87033916E+03   0.87033916E+03   0.87033916E+03
             0.87033916E+03   0.87033916E+03   0.87033916E+03   0.87033916E+03  -0.11271912E+02   0.16812171E+00  -0.16102246E+02
             0.58465071E-01  -0.11200712E+02   0.66378543E-01   0.58305539E+04   0.00000000E+00   0.26933038E-05   0.57973568E+04
             0.41862696E-07   0.33197098E+02   0.42581000E-10
        18  -0.78756061E+03  -0.86037327E+03  -0.63418669E+03  -0.44077355E+03   0.10842304E+04   0.10842304E+04   0.10842304E+04
             0.10842304E+04   0.10842304E+04   0.10842304E+04   0.10842304E+04  -0.11063876E+02   0.14207015E+00  -0.15864218E+02
             0.11366874E+00  -0.12383168E+02   0.22413333E+00   0.80057543E+04   0.00000000E+00   0.29093447E+04   0.33725194E+04
             0.15780982E+04   0.14579201E+03   0.18598036E-28
        19  -0.78517925E+03  -0.82089372E+03  -0.65429909E+03  -0.44894804E+03   0.92258171E+03   0.92258171E+03   0.92258171E+03
             0.92258171E+03   0.92258171E+03   0.92258171E+03   0.92258171E+03  -0.11919475E+02   0.11360573E+00  -0.15665390E+02
             0.68750856E-01  -0.13244177E+02   0.19047271E+00   0.85603221E+04   0.00000000E+00   0.28166812E+04   0.43709214E+04
             0.63790479E+03   0.73389050E+03   0.92424110E+00
        20  -0.87805460E+03  -0.85975258E+03  -0.60239794E+03  -0.48805116E+03   0.97680366E+03   0.97680366E+03   0.97680366E+03
             0.97680366E+03   0.97680366E+03   0.97680366E+03   0.97680366E+03  -0.11996299E+02   0.15709707E+00  -0.16514183E+02
             0.11781146E+00  -0.13155813E+02   0.95868622E-01   0.58031962E+04   0.00000000E+00   0.98893478E+02   0.55789208E+04
             0.30753333E+02   0.94606042E+02   0.22611082E-01
        21  -0.89019926E+03  -0.91978761E+03  -0.55680176E+03  -0.41045337E+03   0.65430236E+03   0.65430236E+03   0.65430236E+03
             0.65430236E+03   0.65430236E+03   0.65430236E+03   0.65430236E+03  -0.11438423E+02   0.13188188E+00  -0.15675612E+02
             0.70908152E-01  -0.11515804E+02   0.17209025E+00   0.58566922E+04   0.00000000E+00   0.37859370E-02   0.56858705E+04
             0.63917294E-05   0.17081796E+03   0.17160154E-10
        22  -0.82879565E+03  -0.83160233E+03  -0.72070909E+03  -0.46413951E+03   0.93030926E+03   0.93030926E+03   0.93030926E+03
             0.93030926E+03   0.93030926E+03   0.93030926E+03   0.93030926E+03  -0.11287347E+02   0.14300374E+00  -0.15324755E+02
             0.11804284E+00  -0.12334717E+02   0.10847673E+00   0.62666820E+04   0.00000000E+00   0.10652320E+04   0.29169081E+04
             0.16070002E+04   0.67729564E+03   0.24594677E+00
        23  -0.78185022E+03  -0.94715919E+03  -0.69363201E+03  -0.44081306E+03   0.80326593E+03   0.80326593E+03   0.80326593E+03
             0.80326593E+03   0.80326593E+03   0.80326593E+03   0.80326593E+03  -0.11543931E+02   0.14179332E+00  -0.16904177E+02
             0.12447874E+00  -0.11563885E+02   0.16059291E+00   0.55703878E+04   0.00000000E+00   0.21681372E+04   0.21635079E+04
             0.12369019E+04   0.18407732E+01   0.67492684E-52
        24  -0.90957479E+03  -0.94009277E+03  -0.62752560E+03  -0.46862095E+03   0.86815995E+03   0.86815995E+03   0.86815995E+03
             0.86815995E+03   0.86815995E+03   0.86815995E+03   0.86815995E+03  -0.11827068E+02   0.15658785E+00  -0.15222239E+02
             0.14832882E+00  -0.11227233E+02   0.30865552E+00   0.64364455E+04   0.00000000E+00   0.13559662E+03   0.52533006E+04
             0.58420717E+02   0.98912760E+03   0.21399052E-09
        25  -0.77852936E+03  -0.79012291E+03  -0.58856035E+03  -0.46384453E+03   0.10242800E+04   0.10242800E+04   0.10242800E+04
             0.10242800E+04   0.10242800E+04   0.10242800E+04   0.10242800E+04  -0.11754669E+02   0.13782604E+00  -0.16110824E+02
             0.11300035E+00  -0.11350417E+02   0.12425547E+00   0.56155612E+04   0.00000000E+00   0.36093835E+03   0.41443044E+04
             0.99401857E+03   0.11614162E+03   0.15831617E+00
        26  -0.87287403E+03  -0.90336814E+03  -0.57818609E+03  -0.40014469E+03   0.73569875E+03   0.73569875E+03   0.73569875E+03
             0.73569875E+03   0.73569875E+03   0.73569875E+03   0.73569875E+03  -0.11202903E+02   0.15251165E+00  -0.16799521E+02
             0.11274806E+00  -0.12218348E+02   0.19213728E+00   0.58577316E+04   0.00000000E+00   0.89316507E-01   0.58538444E+04
             0.27820976E-05   0.37979201E+01   0.24200718E-17
        27  -0.87732338E+03  -0.84702623E+03  -0.71151086E+03  -0.42651837E+03   0.10743667E+04   0.10743667E+04   0.10743667E+04
             0.10743667E+04   0.10743667E+04   0.10743667E+04   0.10743667E+04  -0.11537539E+02   0.14029179E+00  -0.16265697E+02
             0.93449285E-01  -0.12919924E+02   0.24100555E+00   0.74525761E+04   0.00000000E+00   0.22702645E+04   0.50740198E+04
             0.37927589E+02   0.69412672E+02   0.95149151E+00
        28  -0.87961021E+03  -0.84190789E+03  -0.63976593E+03  -0.47820431E+03   0.67117892E+03   0.67117892E+03   0.67117892E+03
             0.67117892E+03   0.67117892E+03   0.67117892E+03   0.67117892E+03  -0.11662437E+02   0.14658619E+00  -0.15793636E+02
             0.83833244E-01  -0.13863861E+02   0.57425694E-01   0.64363198E+04   0.00000000E+00   0.98820720E+00   0.53730686E+04
             0.26773915E-02   0.10618544E+04   0.40585195E+00
        29  -0.80882872E+03  -0.77359780E+03  -0.64219854E+03  -0.45291176E+03   0.10583389E+04   0.10583389E+04   0.10583389E+04
             0.10583389E+04   0.10583389E+04   0.10583389E+04   0.10583389E+04  -0.11534933E+02   0.10604208E+00  -0.16097965E+02
             0.75607504E-01  -0.12885552E+02   0.51725276E-01   0.61945748E+04   0.00000000E+00   0.38151737E+03   0.37277584E+04
             0.19361725E+04   0.14704950E+03   0.20770340E+01
        30  -0.80468797E+03  -0.89586358E+03  -0.59440408E+03  -0.45571525E+03   0.71815506E+03   0.71815506E+03   0.71815506E+03
             0.71815506E+03   0.71815506E+03   0.71815506E+03   0.71815506E+03  -0.11825892E+02   0.13288465E+00  -0.16748722E+02
             0.72560475E-01  -0.12228083E+02   0.20045333E+00   0.69572121E+04   0.00000000E+00   0.11250170E+04   0.49205428E+04
             0.89918026E+03   0.12471992E+02   0.19704273E-10
        31  -0.81822611E+03  -0.84319249E+03  -0.79656434E+03  -0.47291182E+03   0.84996054E+03   0.84996054E+03   0.84996054E+03
             0.84996054E+03   0.84996054E+03   0.84996054E+03   0.84996054E+03  -0.11213957E+02   0.16392482E+00  -0.16251824E+02
             0.32035737E-01  -0.12753286E+02   0.10541600E+00   0.58534431E+04   0.00000000E+00   0.17146674E+04   0.26194598E+04
             0.14330461E+04   0.85903230E+02   0.36660743E+00

 *****  WARNING  *****
 * TOUGH2 simulation No.  32 terminated abnormally! Simulation time  : 0.22031228E+02  [a] .
 * Most likely cause: Convergence failure following steps that converged on ITER=1                    
 * Will accept    4 more failures before stopping!
 *****  WARNING  *****
        32  -0.77799561E+03  -0.77533436E+03  -0.60964108E+03  -0.42424754E+03   0.90560823E+03   0.90560823E+03   0.90560823E+03
             0.90560823E+03   0.90560823E+03   0.90560823E+03   0.90560823E+03  -0.11642064E+02   0.93593646E-01  -0.16601577E+02
             0.89230453E-01  -0.11586715E+02   0.20572190E+00   0.59372030E+04   0.00000000E+00   0.15531044E+04   0.27514236E+04
             0.15750681E+04   0.57081474E+02   0.52551229E+00
        33  -0.90478897E+03  -0.90167477E+03  -0.54240278E+03  -0.47925974E+03   0.72297817E+03   0.72297817E+03   0.72297817E+03
             0.72297817E+03   0.72297817E+03   0.72297817E+03   0.72297817E+03  -0.11460784E+02   0.11845946E+00  -0.15830187E+02
             0.41192230E-01  -0.12607748E+02   0.26651060E+00   0.58135848E+04   0.00000000E+00   0.64010068E+00   0.57009800E+04
             0.18368576E+01   0.11012672E+03   0.11245202E-02
        34  -0.91078632E+03  -0.81933428E+03  -0.70834090E+03  -0.44061766E+03   0.11839245E+04   0.11839245E+04   0.11839245E+04
             0.11839245E+04   0.11839245E+04   0.11839245E+04   0.11839245E+04  -0.11361553E+02   0.10015369E+00  -0.15328476E+02
             0.43430644E-01  -0.12293510E+02   0.15712876E+00   0.78178225E+04   0.00000000E+00   0.30496809E+04   0.25843855E+04
             0.19172887E+04   0.26443054E+03   0.20368179E+01
        35  -0.89000913E+03  -0.88072610E+03  -0.64597278E+03  -0.45095473E+03   0.76543394E+03   0.76543394E+03   0.76543394E+03
             0.76543394E+03   0.76543394E+03   0.76543394E+03   0.76543394E+03  -0.11378272E+02   0.12247940E+00  -0.15705431E+02
             0.31104527E-01  -0.13193574E+02   0.13455090E+00   0.58830398E+04   0.00000000E+00   0.20253990E+03   0.54833258E+04
             0.75130506E+01   0.18941355E+03   0.24746800E+00
        36  -0.84121354E+03  -0.86508873E+03  -0.67166479E+03  -0.44031223E+03   0.80440418E+03   0.80440418E+03   0.80440418E+03
             0.80440418E+03   0.80440418E+03   0.80440418E+03   0.80440418E+03  -0.11734181E+02   0.14992582E+00  -0.16793857E+02
             0.80139531E-01  -0.11298244E+02   0.22251447E+00   0.60515591E+04   0.00000000E+00   0.63010511E+03   0.44884912E+04
             0.92897866E+03   0.39532151E+01   0.30974178E-01
        37  -0.82943670E+03  -0.89689271E+03  -0.60018301E+03  -0.46848105E+03   0.10655817E+04   0.10655817E+04   0.10655817E+04
             0.10655817E+04   0.10655817E+04   0.10655817E+04   0.10655817E+04  -0.11495051E+02   0.16415425E+00  -0.15558057E+02
             0.76196707E-01  -0.11646613E+02   0.29699168E+00   0.63715393E+04   0.00000000E+00   0.63249181E+03   0.44553355E+04
             0.10878604E+04   0.19585161E+03   0.10407863E-26
        38  -0.76567206E+03  -0.82047265E+03  -0.74041094E+03  -0.43890706E+03   0.11842148E+04   0.11842148E+04   0.11842148E+04
             0.11842148E+04   0.11842148E+04   0.11842148E+04   0.11842148E+04  -0.12052976E+02   0.19694255E+00  -0.15437414E+02
             0.97686529E-01  -0.12985775E+02   0.31126648E+00   0.91117031E+04   0.00000000E+00   0.33627617E+04   0.45899915E+04
             0.16942567E+02   0.11416404E+04   0.36699672E+00
        39  -0.78708818E+03  -0.85047089E+03  -0.55330920E+03  -0.44561680E+03   0.86793673E+03   0.86793673E+03   0.86793673E+03
             0.86793673E+03   0.86793673E+03   0.86793673E+03   0.86793673E+03  -0.11720570E+02   0.17531105E+00  -0.16438102E+02
             0.14620580E+00  -0.13843080E+02   0.87442257E-01   0.59033198E+04   0.00000000E+00   0.33041546E+02   0.54974084E+04
             0.23614591E+02   0.34925522E+03   0.76333657E-15
        40  -0.89496035E+03  -0.85705191E+03  -0.60735746E+03  -0.48849736E+03   0.62295755E+03   0.62295755E+03   0.62295755E+03
             0.62295755E+03   0.62295755E+03   0.62295755E+03   0.62295755E+03  -0.11538301E+02   0.12887987E+00  -0.16073675E+02
             0.97808706E-01  -0.13794840E+02   0.18914795E+00   0.60541987E+04   0.00000000E+00   0.27376245E+01   0.55125321E+04
             0.33249172E-02   0.53875320E+03   0.17239584E+00
        41  -0.84478263E+03  -0.83119821E+03  -0.53883071E+03  -0.43740348E+03   0.70453829E+03   0.70453829E+03   0.70453829E+03
             0.70453829E+03   0.70453829E+03   0.70453829E+03   0.70453829E+03  -0.11013980E+02   0.14777585E+00  -0.16603343E+02
             0.93386861E-01  -0.12585289E+02   0.16857227E+00   0.58376704E+04   0.00000000E+00   0.42387409E-04   0.58182931E+04
             0.53135701E-05   0.19375204E+02   0.21156494E-02
        42  -0.92384556E+03  -0.89111412E+03  -0.69921603E+03  -0.42633496E+03   0.11924088E+04   0.11924088E+04   0.11924088E+04
             0.11924088E+04   0.11924088E+04   0.11924088E+04   0.11924088E+04  -0.11574625E+02   0.13210825E+00  -0.16433610E+02
             0.87337054E-01  -0.12849387E+02   0.90964038E-01   0.66796872E+04   0.00000000E+00   0.92300991E+03   0.44200604E+04
             0.13062586E+04   0.30057139E+02   0.30111313E+00
        43  -0.79377393E+03  -0.83678219E+03  -0.75343264E+03  -0.44839565E+03   0.72856373E+03   0.72856373E+03   0.72856373E+03
             0.72856373E+03   0.72856373E+03   0.72856373E+03   0.72856373E+03  -0.11934718E+02   0.17131784E+00  -0.15845873E+02
             0.75068244E-01  -0.12526881E+02   0.25999499E+00   0.76652086E+04   0.00000000E+00   0.27553118E+04   0.39470265E+04
             0.79383545E+03   0.16881252E+03   0.22235261E+00
        44  -0.78723262E+03  -0.88290450E+03  -0.58548065E+03  -0.47583000E+03   0.10414131E+04   0.10414131E+04   0.10414131E+04
             0.10414131E+04   0.10414131E+04   0.10414131E+04   0.10414131E+04  -0.12089678E+02   0.12991478E+00  -0.15514200E+02
             0.12412390E+00  -0.11535595E+02   0.11686872E+00   0.62519151E+04   0.00000000E+00   0.56004545E+03   0.36927546E+04
             0.13579055E+04   0.64120950E+03   0.24581374E-12
        45  -0.90809653E+03  -0.83016974E+03  -0.79095755E+03  -0.46238062E+03   0.77657484E+03   0.77657484E+03   0.77657484E+03
             0.77657484E+03   0.77657484E+03   0.77657484E+03   0.77657484E+03  -0.11744555E+02   0.10422335E+00  -0.16447616E+02
             0.94726986E-01  -0.11599403E+02   0.98850989E-01   0.53294359E+04   0.00000000E+00   0.79157385E+03   0.28800143E+04
             0.16288825E+04   0.21631542E+02   0.73337914E+01
        46  -0.84070178E+03  -0.85231007E+03  -0.58007141E+03  -0.47789639E+03   0.82970914E+03   0.82970914E+03   0.82970914E+03
             0.82970914E+03   0.82970914E+03   0.82970914E+03   0.82970914E+03  -0.11663708E+02   0.13717649E+00  -0.15811746E+02
             0.95698198E-01  -0.11821621E+02   0.25870201E+00   0.63259076E+04   0.00000000E+00   0.11956966E+03   0.50419624E+04
             0.92627689E+03   0.23807521E+03   0.23414340E-01
        47  -0.83740499E+03  -0.89126261E+03  -0.71572809E+03  -0.40839052E+03   0.87312633E+03   0.87312633E+03   0.87312633E+03
             0.87312633E+03   0.87312633E+03   0.87312633E+03   0.87312633E+03  -0.11742282E+02   0.17327214E+00  -0.15222238E+02
             0.97092347E-01  -0.11919633E+02   0.30707100E+00   0.89135381E+04   0.00000000E+00   0.37137238E+04   0.40321906E+04
             0.58189592E+03   0.58572772E+03   0.49361779E-05
        48  -0.94994557E+03  -0.86357619E+03  -0.65448863E+03  -0.42984918E+03   0.10618503E+04   0.10618503E+04   0.10618503E+04
             0.10618503E+04   0.10618503E+04   0.10618503E+04   0.10618503E+04  -0.11511212E+02   0.13665084E+00  -0.15400311E+02
             0.96075938E-01  -0.12422774E+02   0.26988134E+00   0.61166039E+04   0.00000000E+00   0.27173315E+03   0.53870123E+04
             0.93130941E+00   0.45645695E+03   0.47023280E+00
        49  -0.78576000E+03  -0.78114364E+03  -0.64321793E+03  -0.48285046E+03   0.85413589E+03   0.85413589E+03   0.85413589E+03
             0.85413589E+03   0.85413589E+03   0.85413589E+03   0.85413589E+03  -0.11600040E+02   0.12633369E+00  -0.16373157E+02
             0.86906241E-01  -0.12820478E+02   0.19373692E+00   0.73397728E+04   0.00000000E+00   0.19463625E+04   0.47931006E+04
             0.52333570E+03   0.76094967E+02   0.87901584E+00
        50  -0.89470744E+03  -0.89861672E+03  -0.63881035E+03  -0.43992534E+03   0.11309079E+04   0.11309079E+04   0.11309079E+04
             0.11309079E+04   0.11309079E+04   0.11309079E+04   0.11309079E+04  -0.11118565E+02   0.17234725E+00  -0.15203936E+02
             0.60236418E-01  -0.11174343E+02   0.54962902E-01   0.56503614E+04   0.00000000E+00   0.79121315E+02   0.48787863E+04
             0.42793106E+03   0.26452277E+03   0.15132910E-19

 *****  WARNING  *****
 * TOUGH2 simulation No.  51 terminated abnormally! Simulation time  : 0.26312743E+02  [a] .
 * Most likely cause: Convergence failure following steps that converged on ITER=1                    
 * Will accept    3 more failures before stopping!
 *****  WARNING  *****
        51  -0.89113081E+03  -0.88527448E+03  -0.65815805E+03  -0.46919897E+03   0.61105221E+03   0.61105221E+03   0.61105221E+03
             0.61105221E+03   0.61105221E+03   0.61105221E+03   0.61105221E+03  -0.11065202E+02   0.17394368E+00  -0.15452489E+02
             0.84566383E-01  -0.11769928E+02   0.24102725E+00   0.56416986E+04   0.00000000E+00   0.47454522E+02   0.50602559E+04
             0.28603337E+03   0.24795480E+03   0.22044929E-08
        52  -0.84653179E+03  -0.83679941E+03  -0.68291998E+03  -0.47710936E+03   0.77028800E+03   0.77028800E+03   0.77028800E+03
             0.77028800E+03   0.77028800E+03   0.77028800E+03   0.77028800E+03  -0.11867646E+02   0.17175010E+00  -0.16634216E+02
             0.92094150E-01  -0.13407409E+02   0.20428253E+00   0.58785367E+04   0.00000000E+00   0.28968548E+03   0.55020407E+04
             0.45831767E+02   0.40725481E+02   0.25324620E+00
        53  -0.90870111E+03  -0.81499010E+03  -0.56588956E+03  -0.44578857E+03   0.99596158E+03   0.99596158E+03   0.99596158E+03
             0.99596158E+03   0.99596158E+03   0.99596158E+03   0.99596158E+03  -0.11283522E+02   0.11023335E+00  -0.16813210E+02
             0.41406539E-01  -0.11799866E+02   0.61776758E-01   0.61034044E+04   0.00000000E+00   0.95612746E+02   0.52697968E+04
             0.72971238E+03   0.77296066E+01   0.55283018E+00
        54  -0.81467378E+03  -0.86996567E+03  -0.54681086E+03  -0.46316029E+03   0.68194398E+03   0.68194398E+03   0.68194398E+03
             0.68194398E+03   0.68194398E+03   0.68194398E+03   0.68194398E+03  -0.11287414E+02   0.17852969E+00  -0.15460108E+02
             0.53682864E-01  -0.11040568E+02   0.23254923E+00   0.58426292E+04   0.00000000E+00   0.10465207E-04   0.56922791E+04
             0.22080644E+00   0.15012920E+03   0.18143398E-24
        55  -0.94270269E+03  -0.84386946E+03  -0.76983207E+03  -0.41161574E+03   0.11707660E+04   0.11707660E+04   0.11707660E+04
             0.11707660E+04   0.11707660E+04   0.11707660E+04   0.11707660E+04  -0.11865157E+02   0.14416246E+00  -0.15937739E+02
             0.91745303E-01  -0.11635509E+02   0.70338269E-01   0.54411459E+04   0.00000000E+00   0.30420082E+03   0.40021772E+04
             0.10322202E+04   0.99605950E+02   0.29418015E+01
        56  -0.75646266E+03  -0.89197904E+03  -0.72735652E+03  -0.49922764E+03   0.10219575E+04   0.10219575E+04   0.10219575E+04
             0.10219575E+04   0.10219575E+04   0.10219575E+04   0.10219575E+04  -0.11538903E+02   0.14126589E+00  -0.15749332E+02
             0.82545447E-01  -0.11294834E+02   0.27089751E+00   0.77512745E+04   0.00000000E+00   0.58482908E+04   0.10106110E+04
             0.79102019E+03   0.10135252E+03   0.58055200E-49
        57  -0.76763851E+03  -0.88712803E+03  -0.72101961E+03  -0.47102570E+03   0.94491683E+03   0.94491683E+03   0.94491683E+03
             0.94491683E+03   0.94491683E+03   0.94491683E+03   0.94491683E+03  -0.12121226E+02   0.16906559E+00  -0.16158246E+02
             0.11197897E+00  -0.12140305E+02   0.17032891E+00   0.56402109E+04   0.00000000E+00   0.10700154E+04   0.36639898E+04
             0.83546983E+03   0.70735903E+02   0.26828815E-08

 *****  WARNING  *****
 * TOUGH2 simulation No.  58 terminated abnormally! Simulation time  : 0.25668861E+02  [a] .
 * Most likely cause: Convergence failure following steps that converged on ITER=1                    
 * Will accept    2 more failures before stopping!
 *****  WARNING  *****
        58  -0.76069582E+03  -0.75634264E+03  -0.77321281E+03  -0.45065354E+03   0.10158470E+04   0.10158470E+04   0.10158470E+04
             0.10158470E+04   0.10158470E+04   0.10158470E+04   0.10158470E+04  -0.11222419E+02   0.13831251E+00  -0.15925246E+02
             0.78542099E-01  -0.13393308E+02   0.17032494E+00   0.69070193E+04   0.00000000E+00   0.18744270E+04   0.37838205E+04
             0.39801686E+03   0.84869523E+03   0.20596612E+01
        59  -0.88195101E+03  -0.82734596E+03  -0.50653088E+03  -0.41984418E+03   0.10293606E+04   0.10293606E+04   0.10293606E+04
             0.10293606E+04   0.10293606E+04   0.10293606E+04   0.10293606E+04  -0.11559609E+02   0.14840589E+00  -0.16270678E+02
             0.12077374E+00  -0.11061047E+02   0.15680144E+00   0.58209503E+04   0.00000000E+00   0.19155769E+01   0.57424299E+04
             0.43627190E-01   0.76558379E+02   0.27934234E-02
        60  -0.79431307E+03  -0.92463517E+03  -0.67111599E+03  -0.44536681E+03   0.10654298E+04   0.10654298E+04   0.10654298E+04
             0.10654298E+04   0.10654298E+04   0.10654298E+04   0.10654298E+04  -0.11640804E+02   0.11685645E+00  -0.16318215E+02
             0.68064151E-01  -0.11881708E+02   0.74099071E-01   0.42784211E+04   0.00000000E+00   0.60445608E+03   0.15987209E+04
             0.20510532E+04   0.24190937E+02   0.32987872E-38
        61  -0.83175681E+03  -0.76412904E+03  -0.63756971E+03  -0.42167105E+03   0.10367286E+04   0.10367286E+04   0.10367286E+04
             0.10367286E+04   0.10367286E+04   0.10367286E+04   0.10367286E+04  -0.11668933E+02   0.12093773E+00  -0.15168635E+02
             0.34103257E-01  -0.12383957E+02   0.14442661E+00   0.72922172E+04   0.00000000E+00   0.14984224E+04   0.40312256E+04
             0.12610170E+04   0.49908160E+03   0.24706039E+01
        62  -0.86844264E+03  -0.81007709E+03  -0.76327698E+03  -0.43721326E+03   0.98428615E+03   0.98428615E+03   0.98428615E+03
             0.98428615E+03   0.98428615E+03   0.98428615E+03   0.98428615E+03  -0.11080269E+02   0.17123406E+00  -0.15179064E+02
             0.89053868E-01  -0.13678051E+02   0.11342264E+00   0.10764626E+05   0.00000000E+00   0.97219691E+02   0.45911346E+04
             0.65815816E-03   0.60727567E+04   0.35145982E+01
        63  -0.77948650E+03  -0.81135377E+03  -0.61192911E+03  -0.49638364E+03   0.10960269E+04   0.10960269E+04   0.10960269E+04
             0.10960269E+04   0.10960269E+04   0.10960269E+04   0.10960269E+04  -0.11750727E+02   0.15550417E+00  -0.15751539E+02
             0.99719033E-01  -0.14422495E+02   0.11954531E+00   0.92380326E+04   0.00000000E+00   0.15385638E+03   0.46627050E+04
             0.98301234E+02   0.43231563E+04   0.13756778E-01
        64  -0.90800741E+03  -0.94547080E+03  -0.60877222E+03  -0.37025746E+03   0.64319159E+03   0.64319159E+03   0.64319159E+03
             0.64319159E+03   0.64319159E+03   0.64319159E+03   0.64319159E+03  -0.11356855E+02   0.14692624E+00  -0.15228842E+02
             0.29442433E-01  -0.12286739E+02   0.22962084E+00   0.58760674E+04   0.00000000E+00   0.22785903E-02   0.56643124E+04
             0.74434226E-05   0.21175272E+03   0.25747752E-13
        65  -0.82383588E+03  -0.83323132E+03  -0.68977981E+03  -0.42628130E+03   0.81039555E+03   0.81039555E+03   0.81039555E+03
             0.81039555E+03   0.81039555E+03   0.81039555E+03   0.81039555E+03  -0.11693060E+02   0.16471104E+00  -0.16380480E+02
             0.70121976E-01  -0.11624368E+02   0.19181044E+00   0.59526666E+04   0.00000000E+00   0.57581424E+03   0.44694116E+04
             0.88726625E+03   0.20008346E+02   0.16619514E+00
        66  -0.82112513E+03  -0.85285507E+03  -0.60305510E+03  -0.44613310E+03   0.10288105E+04   0.10288105E+04   0.10288105E+04
             0.10288105E+04   0.10288105E+04   0.10288105E+04   0.10288105E+04  -0.11009921E+02   0.15796692E+00  -0.16979013E+02
             0.66405731E-01  -0.14044290E+02   0.31107203E+00   0.57962068E+04   0.00000000E+00   0.17540163E+02   0.57195842E+04
             0.73394051E-05   0.59082445E+02   0.40106380E-09
        67  -0.83439451E+03  -0.84361366E+03  -0.73132324E+03  -0.40932188E+03   0.82869067E+03   0.82869067E+03   0.82869067E+03
             0.82869067E+03   0.82869067E+03   0.82869067E+03   0.82869067E+03  -0.11608929E+02   0.13916192E+00  -0.15199045E+02
             0.10478974E+00  -0.14154642E+02   0.10790636E+00   0.23184902E+05   0.00000000E+00   0.27147266E+03   0.37463657E+04
             0.62337707E+00   0.19165458E+05   0.98207698E+00
        68  -0.77998576E+03  -0.87674662E+03  -0.71156302E+03  -0.44295830E+03   0.11210393E+04   0.11210393E+04   0.11210393E+04
             0.11210393E+04   0.11210393E+04   0.11210393E+04   0.11210393E+04  -0.11104621E+02   0.17094465E+00  -0.15824400E+02
             0.88339990E-01  -0.14133139E+02   0.32164279E+00   0.93548260E+04   0.00000000E+00   0.96299791E+03   0.45696495E+04
             0.31784440E-02   0.38221617E+04   0.13716536E-01
        69  -0.83655122E+03  -0.84386311E+03  -0.59656785E+03  -0.44560218E+03   0.99725626E+03   0.99725626E+03   0.99725626E+03
             0.99725626E+03   0.99725626E+03   0.99725626E+03   0.99725626E+03  -0.11195779E+02   0.13371861E+00  -0.16285938E+02
             0.11995367E+00  -0.11353369E+02   0.97454057E-01   0.57135767E+04   0.00000000E+00   0.18756113E+03   0.46416457E+04
             0.83943981E+03   0.44930037E+02   0.11797136E-09
        70  -0.85300779E+03  -0.77373737E+03  -0.62828283E+03  -0.43109672E+03   0.94936645E+03   0.94936645E+03   0.94936645E+03
             0.94936645E+03   0.94936645E+03   0.94936645E+03   0.94936645E+03  -0.11727827E+02   0.18429143E+00  -0.16245091E+02
             0.32700819E-01  -0.11023683E+02   0.20278333E+00   0.58400973E+04   0.00000000E+00   0.12726228E+03   0.56752769E+04
             0.19869083E+02   0.17366015E+02   0.32303414E+00
        71  -0.79027639E+03  -0.87536506E+03  -0.71948561E+03  -0.48326862E+03   0.69707619E+03   0.69707619E+03   0.69707619E+03
             0.69707619E+03   0.69707619E+03   0.69707619E+03   0.69707619E+03  -0.11818509E+02   0.12171804E+00  -0.15330700E+02
             0.76498482E-01  -0.13336133E+02   0.29488422E+00   0.10425725E+05   0.00000000E+00   0.30101998E+04   0.43362482E+04
             0.37027402E+01   0.30750611E+04   0.51364858E+00
        72  -0.94765399E+03  -0.77038764E+03  -0.56756083E+03  -0.46260669E+03   0.76099996E+03   0.76099996E+03   0.76099996E+03
             0.76099996E+03   0.76099996E+03   0.76099996E+03   0.76099996E+03  -0.11473646E+02   0.14479534E+00  -0.15939682E+02
             0.14170733E+00  -0.12593891E+02   0.16231632E+00   0.58905281E+04   0.00000000E+00   0.15687667E-05   0.56131562E+04
             0.22727783E-03   0.27677026E+03   0.60146013E+00
        73  -0.81021181E+03  -0.88458870E+03  -0.65585938E+03  -0.46683596E+03   0.10135387E+04   0.10135387E+04   0.10135387E+04
             0.10135387E+04   0.10135387E+04   0.10135387E+04   0.10135387E+04  -0.11441572E+02   0.14342380E+00  -0.16850765E+02
             0.72446106E-01  -0.11301543E+02   0.10168911E+00   0.44802125E+04   0.00000000E+00   0.32647025E+03   0.27211793E+04
             0.14301945E+04   0.23685229E+01   0.94499804E-34
        74  -0.75858353E+03  -0.81908590E+03  -0.61236102E+03  -0.43161635E+03   0.68146961E+03   0.68146961E+03   0.68146961E+03
             0.68146961E+03   0.68146961E+03   0.68146961E+03   0.68146961E+03  -0.11572326E+02   0.16071632E+00  -0.16054101E+02
             0.13675340E+00  -0.11850295E+02   0.31348384E+00   0.62489597E+04   0.00000000E+00   0.61985578E+03   0.43513112E+04
             0.11710009E+04   0.10679184E+03   0.14394670E-12
        75  -0.92518577E+03  -0.81617498E+03  -0.73344096E+03  -0.44846635E+03   0.93377316E+03   0.93377316E+03   0.93377316E+03
             0.93377316E+03   0.93377316E+03   0.93377316E+03   0.93377316E+03  -0.11368957E+02   0.16751425E+00  -0.15217389E+02
             0.90833109E-01  -0.12328819E+02   0.20420990E+00   0.60731308E+04   0.00000000E+00   0.14234545E+03   0.53839600E+04
             0.12834271E-01   0.54444096E+03   0.23714938E+01
        76  -0.80464632E+03  -0.78829297E+03  -0.55735430E+03  -0.40944649E+03   0.11506729E+04   0.11506729E+04   0.11506729E+04
             0.11506729E+04   0.11506729E+04   0.11506729E+04   0.11506729E+04  -0.11720043E+02   0.14576507E+00  -0.16047147E+02
             0.11515138E+00  -0.13507891E+02   0.24748587E+00   0.61071556E+04   0.00000000E+00   0.38545364E+03   0.53236079E+04
             0.38726235E+00   0.39760882E+03   0.97913041E-01
        77  -0.81374881E+03  -0.80207228E+03  -0.55330028E+03  -0.39543846E+03   0.11606406E+04   0.11606406E+04   0.11606406E+04
             0.11606406E+04   0.11606406E+04   0.11606406E+04   0.11606406E+04  -0.11535945E+02   0.15029634E+00  -0.15573909E+02
             0.11827639E+00  -0.11618450E+02   0.13161507E+00   0.59945838E+04   0.00000000E+00   0.14141602E+03   0.42139203E+04
             0.13366306E+04   0.30261693E+03   0.34066125E-09
        78  -0.87552983E+03  -0.88580178E+03  -0.63045625E+03  -0.47178814E+03   0.60252545E+03   0.60252545E+03   0.60252545E+03
             0.60252545E+03   0.60252545E+03   0.60252545E+03   0.60252545E+03  -0.11620844E+02   0.17343814E+00  -0.16331015E+02
             0.97964127E-01  -0.11525313E+02   0.64527020E-01   0.58303906E+04   0.00000000E+00   0.33705677E-02   0.57959127E+04
             0.31238884E-03   0.34474188E+02   0.71411025E-06
        79  -0.80194666E+03  -0.80885107E+03  -0.67712272E+03  -0.37592657E+03   0.66357132E+03   0.66357132E+03   0.66357132E+03
             0.66357132E+03   0.66357132E+03   0.66357132E+03   0.66357132E+03  -0.11213169E+02   0.19317753E+00  -0.16285536E+02
             0.65129884E-01  -0.12470478E+02   0.21303238E+00   0.59116977E+04   0.00000000E+00   0.26117351E+03   0.56213412E+04
             0.50156875E+00   0.28543238E+02   0.13821036E+00
        80  -0.79752957E+03  -0.83352523E+03  -0.53546973E+03  -0.43037734E+03   0.76172673E+03   0.76172673E+03   0.76172673E+03
             0.76172673E+03   0.76172673E+03   0.76172673E+03   0.76172673E+03  -0.11849990E+02   0.13777495E+00  -0.15724864E+02
             0.94690326E-01  -0.11589567E+02   0.11123492E+00   0.61531605E+04   0.00000000E+00   0.42801266E+02   0.52382404E+04
             0.57318934E+03   0.29892951E+03   0.23683968E-05
        81  -0.82581372E+03  -0.77876793E+03  -0.72812187E+03  -0.40396699E+03   0.10576721E+04   0.10576721E+04   0.10576721E+04
             0.10576721E+04   0.10576721E+04   0.10576721E+04   0.10576721E+04  -0.11600296E+02   0.16601639E+00  -0.16978150E+02
             0.12357440E+00  -0.12915640E+02   0.19589991E+00   0.71947037E+04   0.00000000E+00   0.19805722E+04   0.51203627E+04
             0.87262309E+02   0.45020085E+01   0.20045286E+01
        82  -0.91707660E+03  -0.78777885E+03  -0.61557411E+03  -0.45395685E+03   0.11759926E+04   0.11759926E+04   0.11759926E+04
             0.11759926E+04   0.11759926E+04   0.11759926E+04   0.11759926E+04  -0.11107575E+02   0.95164369E-01  -0.16349318E+02
             0.98950936E-01  -0.11324533E+02   0.68975987E-01   0.53049408E+04   0.00000000E+00   0.14793769E+03   0.37177790E+04
             0.13945423E+04   0.43152142E+02   0.15295665E+01
        83  -0.79907628E+03  -0.89176935E+03  -0.60074629E+03  -0.49812840E+03   0.83020181E+03   0.83020181E+03   0.83020181E+03
             0.83020181E+03   0.83020181E+03   0.83020181E+03   0.83020181E+03  -0.11775869E+02   0.14094752E+00  -0.15877290E+02
             0.11303108E+00  -0.11005193E+02   0.26303778E+00   0.65681391E+04   0.00000000E+00   0.13661528E+04   0.42967877E+04
             0.68086793E+03   0.22433063E+03   0.18391172E-17
        84  -0.78754909E+03  -0.85655098E+03  -0.59897425E+03  -0.43555496E+03   0.98417926E+03   0.98417926E+03   0.98417926E+03
             0.98417926E+03   0.98417926E+03   0.98417926E+03   0.98417926E+03  -0.11518608E+02   0.11023247E+00  -0.15500783E+02
             0.74377103E-01  -0.12130609E+02   0.12042924E+00   0.59351401E+04   0.00000000E+00   0.66743044E+03   0.27795114E+04
             0.21873777E+04   0.30082059E+03   0.53855296E-17
        85  -0.80022701E+03  -0.86363961E+03  -0.66553702E+03  -0.48142764E+03   0.92995084E+03   0.92995084E+03   0.92995084E+03
             0.92995084E+03   0.92995084E+03   0.92995084E+03   0.92995084E+03  -0.11588504E+02   0.13666801E+00  -0.16344332E+02
             0.14261352E+00  -0.14337523E+02   0.17065017E+00   0.71857466E+04   0.00000000E+00   0.65478229E+03   0.49395653E+04
             0.15031885E+01   0.15898638E+04   0.31994103E-01

 *****  WARNING  *****
 * TOUGH2 simulation No.  86 terminated abnormally! Simulation time  : 0.29783075E+02  [a] .
 * Most likely cause: Maximum number of time steps reached. Increase MCYC.                            
 * Will accept    1 more failures before stopping!
 *****  WARNING  *****
        86  -0.82939320E+03  -0.81580710E+03  -0.70462793E+03  -0.44150669E+03   0.70760582E+03   0.70760582E+03   0.70760582E+03
             0.70760582E+03   0.70760582E+03   0.70760582E+03   0.70760582E+03  -0.11361273E+02   0.12510532E+00  -0.15275012E+02
             0.14692939E+00  -0.12470123E+02   0.25741476E+00   0.93566718E+04   0.00000000E+00   0.31792986E+04   0.40272074E+04
             0.89280723E+03   0.12565323E+04   0.82621278E+00

 *****  WARNING  *****
 * TOUGH2 simulation No.  87 terminated abnormally! Simulation time  : 0.29431633E+02  [a] .
 * Most likely cause: Convergence failure following steps that converged on ITER=1                    
 * Will accept    0 more failures before stopping!
 *****  WARNING  *****

 *****  ERROR  *****
 * TOUGH2 terminated prematurely!
 * Simulation time 0.29431633E+02  [a]  was too short, i.e.,
 * run did not reach time of last calibration point at 0.30000000E+02  [a] !
 *****  ERROR  *****


 **********************************************************************************************************************************
                                                         RESIDUAL ANALYSIS
 **********************************************************************************************************************************

 RESIDUAL : Measured - computed
 BC       : Box-Cox transformed data
 C.O.F.   : Relative contribution to final objective function
 STD. DEV.: A posteriori standard deviation of calculated system response
 Yi       : Local reliability or influence. Observations with Yi < 0.25 are poorly controlled.
 Wi       : Studentized residual. If abs(Wi) > u(0.95) = 1.96 observation is potential outlier.
 IOD      : Relative impact [%] of omitting observation based on D-optimality criterion                                          

 ----------------------------------------------------------------------------------------------------------------------------------
   #  OBSERVATION   AT TIME  [a]      MEASURED     COMPUTED     RESIDUAL     WEIGHT C.O.F [%]    STD. DEV.    Yi      Wi        IOD
 ----------------------------------------------------------------------------------------------------------------------------------
   1  r_left                      -0.85000E+03 -0.79431E+03 -0.55687E+02  0.100E-01     0.007  0.00000E+00                    0.000
   2  r_right                     -0.85000E+03 -0.92464E+03  0.74635E+02  0.100E-01     0.013  0.00000E+00                    0.000
   3  r_upper                     -0.65000E+03 -0.67112E+03  0.21116E+02  0.100E-01     0.001  0.00000E+00                    0.000
   4  s_upper                     -0.45000E+03 -0.44537E+03 -0.46332E+01  0.200E-01     0.000  0.00000E+00                    0.000
   5  f_r_top                      0.90000E+03  0.10654E+04 -0.16543E+03  0.333E-02     0.007  0.00000E+00                    0.000
   6  f_r_base                     0.90000E+03  0.10654E+04 -0.16543E+03  0.000E+00     0.000  0.00000E+00                    0.000
   7  f_g_top                      0.90000E+03  0.10654E+04 -0.16543E+03  0.000E+00     0.000  0.00000E+00                    0.000
   8  f_l_top                      0.90000E+03  0.10654E+04 -0.16543E+03  0.000E+00     0.000  0.00000E+00                    0.000
   9  f_l_base                     0.90000E+03  0.10654E+04 -0.16543E+03  0.000E+00     0.000  0.00000E+00                    0.000
  10  f_cov                        0.90000E+03  0.10654E+04 -0.16543E+03  0.000E+00     0.000  0.00000E+00                    0.000
  11  f_cap                        0.90000E+03  0.10654E+04 -0.16543E+03  0.000E+00     0.000  0.00000E+00                    0.000
  12  perm_res                    -0.11523E+02 -0.11641E+02  0.11793E+00  0.333E+01     0.004  0.00000E+00                    0.000
  13  por_res                      0.15000E+00  0.11686E+00  0.33144E-01  0.400E+02     0.041  0.00000E+00                    0.000
  14  perm_cap                    -0.16000E+02 -0.16318E+02  0.31821E+00  0.100E+01     0.002  0.00000E+00                    0.000
  15  por_cap                      0.10250E+00  0.68064E-01  0.34436E-01  0.200E+02     0.011  0.00000E+00                    0.000
  16  perm_fault                  -0.12000E+02 -0.11882E+02 -0.11829E+00  0.667E+00     0.000  0.00000E+00                    0.000
  17  por_fault                    0.15000E+00  0.74099E-01  0.75901E-01  0.100E+02     0.013  0.00000E+00                    0.000
   1  PEST          1dummy         0.00000E+00  0.00000E+00  0.00000E+00  0.100E-19     0.000  0.69533-309  0.00 *  0.00      0.000
  19  tFault          0.10000E+01  0.00000E+00  0.16136E-14 -0.16136E-14  0.100E-07     0.000  0.00000E+00  0.00 *  0.00      0.000
  24  tFault          0.20000E+01  0.00000E+00  0.19535E-09 -0.19535E-09  0.100E-07     0.000  0.00000E+00  0.00 *  0.00      0.000
  29  tFault          0.30000E+01  0.00000E+00  0.82064E-05 -0.82064E-05  0.100E-07     0.000  0.00000E+00  0.00 *  0.00      0.000
  34  tFault          0.40000E+01  0.00000E+00  0.40542E-01 -0.40542E-01  0.100E-07     0.000  0.00000E+00  0.00 *  0.00      0.000
  39  tFault          0.50000E+01  0.00000E+00  0.64306E+02 -0.64306E+02  0.100E-07     0.000  0.00000E+00  0.00 *  0.00      0.000
  44  tFault          0.60000E+01  0.00000E+00  0.32527E+05 -0.32527E+05  0.100E-07     0.000  0.00000E+00  0.00 *  0.00      0.000
  49  tFault          0.70000E+01  0.00000E+00  0.97826E+07 -0.97826E+07  0.100E-07     0.000  0.00000E+00  0.00 *  0.00      0.000
  54  tFault          0.80000E+01  0.00000E+00  0.15846E+09 -0.15846E+09  0.100E-07     0.059  0.00000E+00  0.00 *  0.00      0.000
  59  tFault          0.90000E+01  0.00000E+00  0.27891E+09 -0.27891E+09  0.100E-07     0.182  0.00000E+00  0.00 *  0.00      0.000
  64  tFault          0.10000E+02  0.00000E+00  0.32062E+09 -0.32062E+09  0.100E-07     0.240  0.00000E+00  0.00 *  0.00      0.000
  69  tFault          0.11000E+02  0.00000E+00  0.36396E+09 -0.36396E+09  0.100E-07     0.310  0.00000E+00  0.00 *  0.00      0.000
  74  tFault          0.12000E+02  0.00000E+00  0.40163E+09 -0.40163E+09  0.100E-07     0.377  0.00000E+00  0.00 *  0.00      0.000
  79  tFault          0.13000E+02  0.00000E+00  0.43392E+09 -0.43392E+09  0.100E-07     0.440  0.00000E+00  0.00 *  0.00      0.000
  84  tFault          0.14000E+02  0.00000E+00  0.46070E+09 -0.46070E+09  0.100E-07     0.496  0.00000E+00  0.00 *  0.00      0.000
  89  tFault          0.15000E+02  0.00000E+00  0.48612E+09 -0.48612E+09  0.100E-07     0.552  0.00000E+00  0.00 *  0.00      0.000
  94  tFault          0.16000E+02  0.00000E+00  0.50890E+09 -0.50890E+09  0.100E-07     0.605  0.00000E+00  0.00 *  0.00      0.000
  99  tFault          0.17000E+02  0.00000E+00  0.52701E+09 -0.52701E+09  0.100E-07     0.649  0.00000E+00  0.00 *  0.00      0.000
 104  tFault          0.18000E+02  0.00000E+00  0.54050E+09 -0.54050E+09  0.100E-07     0.683  0.00000E+00  0.00 *  0.00      0.000
 109  tFault          0.19000E+02  0.00000E+00  0.55006E+09 -0.55006E+09  0.100E-07     0.707  0.00000E+00  0.00 *  0.00      0.000
 114  tFault          0.20000E+02  0.00000E+00  0.55806E+09 -0.55806E+09  0.100E-07     0.728  0.00000E+00  0.00 *  0.00      0.000
 119  tFault          0.21000E+02  0.00000E+00  0.56493E+09 -0.56493E+09  0.100E-07     0.746  0.00000E+00  0.00 *  0.00      0.000
 124  tFault          0.22000E+02  0.00000E+00  0.57124E+09 -0.57124E+09  0.100E-07     0.763  0.00000E+00  0.00 *  0.00      0.000
 129  tFault          0.23000E+02  0.00000E+00  0.57705E+09 -0.57705E+09  0.100E-07     0.778  0.00000E+00  0.00 *  0.00      0.000
 134  tFault          0.24000E+02  0.00000E+00  0.58249E+09 -0.58249E+09  0.100E-07     0.793  0.00000E+00  0.00 *  0.00      0.000
 139  tFault          0.25000E+02  0.00000E+00  0.58750E+09 -0.58750E+09  0.100E-07     0.807  0.00000E+00  0.00 *  0.00      0.000
 144  tFault          0.26000E+02  0.00000E+00  0.59215E+09 -0.59215E+09  0.100E-07     0.820  0.00000E+00  0.00 *  0.00      0.000
 149  tFault          0.27000E+02  0.00000E+00  0.59645E+09 -0.59645E+09  0.100E-07     0.832  0.00000E+00  0.00 *  0.00      0.000
 154  tFault          0.28000E+02  0.00000E+00  0.60053E+09 -0.60053E+09  0.100E-07     0.843  0.00000E+00  0.00 *  0.00      0.000
 159  tFault          0.29000E+02  0.00000E+00  0.60441E+09 -0.60441E+09  0.100E-07     0.854  0.00000E+00  0.00 *  0.00      0.000
 164  tFault          0.30000E+02  0.00000E+00  0.60830E+09 -0.60830E+09  0.100E-07     0.865  0.00000E+00  0.00 *  0.00      0.000
  20  tRes            0.10000E+01  0.00000E+00  0.78810E+09 -0.78810E+09  0.100E-08     0.015  0.00000E+00  0.00 *  0.00      0.000
  25  tRes            0.20000E+01  0.00000E+00  0.15748E+10 -0.15748E+10  0.100E-08     0.058  0.00000E+00  0.00 *  0.00      0.000
  30  tRes            0.30000E+01  0.00000E+00  0.23606E+10 -0.23606E+10  0.100E-08     0.130  0.00000E+00  0.00 *  0.00      0.000
  35  tRes            0.40000E+01  0.00000E+00  0.31459E+10 -0.31459E+10  0.100E-08     0.231  0.00000E+00  0.00 *  0.00      0.000
  40  tRes            0.50000E+01  0.00000E+00  0.39304E+10 -0.39304E+10  0.100E-08     0.361  0.00000E+00  0.00 *  0.00      0.000
  45  tRes            0.60000E+01  0.00000E+00  0.47143E+10 -0.47143E+10  0.100E-08     0.519  0.00000E+00  0.00 *  0.00      0.000
  50  tRes            0.70000E+01  0.00000E+00  0.54881E+10 -0.54881E+10  0.100E-08     0.704  0.00000E+00  0.00 *  0.00      0.000
  55  tRes            0.80000E+01  0.00000E+00  0.61196E+10 -0.61196E+10  0.100E-08     0.875  0.00000E+00  0.00 *  0.00      0.000
  60  tRes            0.90000E+01  0.00000E+00  0.65985E+10 -0.65985E+10  0.100E-08     1.018  0.00000E+00  0.00 *  0.00      0.000
  65  tRes            0.10000E+02  0.00000E+00  0.69771E+10 -0.69771E+10  0.100E-08     1.138  0.00000E+00  0.00 *  0.00      0.000
  70  tRes            0.11000E+02  0.00000E+00  0.72817E+10 -0.72817E+10  0.100E-08     1.239  0.00000E+00  0.00 *  0.00      0.000
  75  tRes            0.12000E+02  0.00000E+00  0.75292E+10 -0.75292E+10  0.100E-08     1.325  0.00000E+00  0.00 *  0.00      0.000
  80  tRes            0.13000E+02  0.00000E+00  0.77327E+10 -0.77327E+10  0.100E-08     1.398  0.00000E+00  0.00 *  0.00      0.000
  85  tRes            0.14000E+02  0.00000E+00  0.78991E+10 -0.78991E+10  0.100E-08     1.458  0.00000E+00  0.00 *  0.00      0.000
  90  tRes            0.15000E+02  0.00000E+00  0.80333E+10 -0.80333E+10  0.100E-08     1.508  0.00000E+00  0.00 *  0.00      0.000
  95  tRes            0.16000E+02  0.00000E+00  0.81432E+10 -0.81432E+10  0.100E-08     1.550  0.00000E+00  0.00 *  0.00      0.000
 100  tRes            0.17000E+02  0.00000E+00  0.82326E+10 -0.82326E+10  0.100E-08     1.584  0.00000E+00  0.00 *  0.00      0.000
 105  tRes            0.18000E+02  0.00000E+00  0.83066E+10 -0.83066E+10  0.100E-08     1.613  0.00000E+00  0.00 *  0.00      0.000
 110  tRes            0.19000E+02  0.00000E+00  0.83691E+10 -0.83691E+10  0.100E-08     1.637  0.00000E+00  0.00 *  0.00      0.000
 115  tRes            0.20000E+02  0.00000E+00  0.84230E+10 -0.84230E+10  0.100E-08     1.658  0.00000E+00  0.00 *  0.00      0.000
 120  tRes            0.21000E+02  0.00000E+00  0.84689E+10 -0.84689E+10  0.100E-08     1.676  0.00000E+00  0.00 *  0.00      0.000
 125  tRes            0.22000E+02  0.00000E+00  0.85104E+10 -0.85104E+10  0.100E-08     1.693  0.00000E+00  0.00 *  0.00      0.000
 130  tRes            0.23000E+02  0.00000E+00  0.85470E+10 -0.85470E+10  0.100E-08     1.707  0.00000E+00  0.00 *  0.00      0.000
 135  tRes            0.24000E+02  0.00000E+00  0.85804E+10 -0.85804E+10  0.100E-08     1.721  0.00000E+00  0.00 *  0.00      0.000
 140  tRes            0.25000E+02  0.00000E+00  0.86106E+10 -0.86106E+10  0.100E-08     1.733  0.00000E+00  0.00 *  0.00      0.000
 145  tRes            0.26000E+02  0.00000E+00  0.86383E+10 -0.86383E+10  0.100E-08     1.744  0.00000E+00  0.00 *  0.00      0.000
 150  tRes            0.27000E+02  0.00000E+00  0.86635E+10 -0.86635E+10  0.100E-08     1.754  0.00000E+00  0.00 *  0.00      0.000
 155  tRes            0.28000E+02  0.00000E+00  0.86872E+10 -0.86872E+10  0.100E-08     1.764  0.00000E+00  0.00 *  0.00      0.000
 160  tRes            0.29000E+02  0.00000E+00  0.87094E+10 -0.87094E+10  0.100E-08     1.773  0.00000E+00  0.00 *  0.00      0.000
 165  tRes            0.30000E+02  0.00000E+00  0.87299E+10 -0.87299E+10  0.100E-08     1.781  0.00000E+00  0.00 *  0.00      0.000
  21  tCover          0.10000E+01  0.00000E+00  0.24430E-08 -0.24430E-08  0.100E-07     0.000  0.00000E+00  0.00 *  0.00      0.000
  26  tCover          0.20000E+01  0.00000E+00  0.25947E-06 -0.25947E-06  0.100E-07     0.000  0.00000E+00  0.00 *  0.00      0.000
  31  tCover          0.30000E+01  0.00000E+00  0.33219E-05 -0.33219E-05  0.100E-07     0.000  0.00000E+00  0.00 *  0.00      0.000
  36  tCover          0.40000E+01  0.00000E+00  0.22862E-04 -0.22862E-04  0.100E-07     0.000  0.00000E+00  0.00 *  0.00      0.000
  41  tCover          0.50000E+01  0.00000E+00  0.17358E-01 -0.17358E-01  0.100E-07     0.000  0.00000E+00  0.00 *  0.00      0.000
  46  tCover          0.60000E+01  0.00000E+00  0.19098E+02 -0.19098E+02  0.100E-07     0.000  0.00000E+00  0.00 *  0.00      0.000
  51  tCover          0.70000E+01  0.00000E+00  0.27360E+04 -0.27360E+04  0.100E-07     0.000  0.00000E+00  0.00 *  0.00      0.000
  56  tCover          0.80000E+01  0.00000E+00  0.28345E+07 -0.28345E+07  0.100E-07     0.000  0.00000E+00  0.00 *  0.00      0.000
  61  tCover          0.90000E+01  0.00000E+00  0.18591E+09 -0.18591E+09  0.100E-07     0.081  0.00000E+00  0.00 *  0.00      0.000
  66  tCover          0.10000E+02  0.00000E+00  0.54785E+09 -0.54785E+09  0.100E-07     0.702  0.00000E+00  0.00 *  0.00      0.000
  71  tCover          0.11000E+02  0.00000E+00  0.74010E+09 -0.74010E+09  0.100E-07     1.280  0.00000E+00  0.00 *  0.00      0.000
  76  tCover          0.12000E+02  0.00000E+00  0.79953E+09 -0.79953E+09  0.100E-07     1.494  0.00000E+00  0.00 *  0.00      0.000
  81  tCover          0.13000E+02  0.00000E+00  0.85039E+09 -0.85039E+09  0.100E-07     1.690  0.00000E+00  0.00 *  0.00      0.000
  86  tCover          0.14000E+02  0.00000E+00  0.90506E+09 -0.90506E+09  0.100E-07     1.915  0.00000E+00  0.00 *  0.00      0.000
  91  tCover          0.15000E+02  0.00000E+00  0.95683E+09 -0.95683E+09  0.100E-07     2.140  0.00000E+00  0.00 *  0.00      0.000
  96  tCover          0.16000E+02  0.00000E+00  0.99973E+09 -0.99973E+09  0.100E-07     2.336  0.00000E+00  0.00 *  0.00      0.000
 101  tCover          0.17000E+02  0.00000E+00  0.10158E+10 -0.10158E+10  0.100E-07     2.412  0.00000E+00  0.00 *  0.00      0.000
 106  tCover          0.18000E+02  0.00000E+00  0.10252E+10 -0.10252E+10  0.100E-07     2.457  0.00000E+00  0.00 *  0.00      0.000
 111  tCover          0.19000E+02  0.00000E+00  0.10324E+10 -0.10324E+10  0.100E-07     2.491  0.00000E+00  0.00 *  0.00      0.000
 116  tCover          0.20000E+02  0.00000E+00  0.10384E+10 -0.10384E+10  0.100E-07     2.520  0.00000E+00  0.00 *  0.00      0.000
 121  tCover          0.21000E+02  0.00000E+00  0.10435E+10 -0.10435E+10  0.100E-07     2.545  0.00000E+00  0.00 *  0.00      0.000
 126  tCover          0.22000E+02  0.00000E+00  0.10483E+10 -0.10483E+10  0.100E-07     2.568  0.00000E+00  0.00 *  0.00      0.000
 131  tCover          0.23000E+02  0.00000E+00  0.10528E+10 -0.10528E+10  0.100E-07     2.591  0.00000E+00  0.00 *  0.00      0.000
 136  tCover          0.24000E+02  0.00000E+00  0.10572E+10 -0.10572E+10  0.100E-07     2.612  0.00000E+00  0.00 *  0.00      0.000
 141  tCover          0.25000E+02  0.00000E+00  0.10615E+10 -0.10615E+10  0.100E-07     2.634  0.00000E+00  0.00 *  0.00      0.000
 146  tCover          0.26000E+02  0.00000E+00  0.10657E+10 -0.10657E+10  0.100E-07     2.655  0.00000E+00  0.00 *  0.00      0.000
 151  tCover          0.27000E+02  0.00000E+00  0.10698E+10 -0.10698E+10  0.100E-07     2.675  0.00000E+00  0.00 *  0.00      0.000
 156  tCover          0.28000E+02  0.00000E+00  0.10738E+10 -0.10738E+10  0.100E-07     2.695  0.00000E+00  0.00 *  0.00      0.000
 161  tCover          0.29000E+02  0.00000E+00  0.10777E+10 -0.10777E+10  0.100E-07     2.714  0.00000E+00  0.00 *  0.00      0.000
 166  tCover          0.30000E+02  0.00000E+00  0.10814E+10 -0.10814E+10  0.100E-07     2.733  0.00000E+00  0.00 *  0.00      0.000
  22  tCap            0.10000E+01  0.00000E+00  0.84382E+06 -0.84382E+06  0.100E-07     0.000  0.00000E+00  0.00 *  0.00      0.000
  27  tCap            0.20000E+01  0.00000E+00  0.31080E+07 -0.31080E+07  0.100E-07     0.000  0.00000E+00  0.00 *  0.00      0.000
  32  tCap            0.30000E+01  0.00000E+00  0.61921E+07 -0.61921E+07  0.100E-07     0.000  0.00000E+00  0.00 *  0.00      0.000
  37  tCap            0.40000E+01  0.00000E+00  0.98924E+07 -0.98924E+07  0.100E-07     0.000  0.00000E+00  0.00 *  0.00      0.000
  42  tCap            0.50000E+01  0.00000E+00  0.14275E+08 -0.14275E+08  0.100E-07     0.000  0.00000E+00  0.00 *  0.00      0.000
  47  tCap            0.60000E+01  0.00000E+00  0.19282E+08 -0.19282E+08  0.100E-07     0.001  0.00000E+00  0.00 *  0.00      0.000
  52  tCap            0.70000E+01  0.00000E+00  0.24698E+08 -0.24698E+08  0.100E-07     0.001  0.00000E+00  0.00 *  0.00      0.000
  57  tCap            0.80000E+01  0.00000E+00  0.30631E+08 -0.30631E+08  0.100E-07     0.002  0.00000E+00  0.00 *  0.00      0.000
  62  tCap            0.90000E+01  0.00000E+00  0.37098E+08 -0.37098E+08  0.100E-07     0.003  0.00000E+00  0.00 *  0.00      0.000
  67  tCap            0.10000E+02  0.00000E+00  0.43403E+08 -0.43403E+08  0.100E-07     0.004  0.00000E+00  0.00 *  0.00      0.000
  72  tCap            0.11000E+02  0.00000E+00  0.49603E+08 -0.49603E+08  0.100E-07     0.006  0.00000E+00  0.00 *  0.00      0.000
  77  tCap            0.12000E+02  0.00000E+00  0.55815E+08 -0.55815E+08  0.100E-07     0.007  0.00000E+00  0.00 *  0.00      0.000
  82  tCap            0.13000E+02  0.00000E+00  0.62143E+08 -0.62143E+08  0.100E-07     0.009  0.00000E+00  0.00 *  0.00      0.000
  87  tCap            0.14000E+02  0.00000E+00  0.68827E+08 -0.68827E+08  0.100E-07     0.011  0.00000E+00  0.00 *  0.00      0.000
  92  tCap            0.15000E+02  0.00000E+00  0.75518E+08 -0.75518E+08  0.100E-07     0.013  0.00000E+00  0.00 *  0.00      0.000
  97  tCap            0.16000E+02  0.00000E+00  0.82039E+08 -0.82039E+08  0.100E-07     0.016  0.00000E+00  0.00 *  0.00      0.000
 102  tCap            0.17000E+02  0.00000E+00  0.88232E+08 -0.88232E+08  0.100E-07     0.018  0.00000E+00  0.00 *  0.00      0.000
 107  tCap            0.18000E+02  0.00000E+00  0.94199E+08 -0.94199E+08  0.100E-07     0.021  0.00000E+00  0.00 *  0.00      0.000
 112  tCap            0.19000E+02  0.00000E+00  0.99867E+08 -0.99867E+08  0.100E-07     0.023  0.00000E+00  0.00 *  0.00      0.000
 117  tCap            0.20000E+02  0.00000E+00  0.10538E+09 -0.10538E+09  0.100E-07     0.026  0.00000E+00  0.00 *  0.00      0.000
 122  tCap            0.21000E+02  0.00000E+00  0.11075E+09 -0.11075E+09  0.100E-07     0.029  0.00000E+00  0.00 *  0.00      0.000
 127  tCap            0.22000E+02  0.00000E+00  0.11589E+09 -0.11589E+09  0.100E-07     0.031  0.00000E+00  0.00 *  0.00      0.000
 132  tCap            0.23000E+02  0.00000E+00  0.12070E+09 -0.12070E+09  0.100E-07     0.034  0.00000E+00  0.00 *  0.00      0.000
 137  tCap            0.24000E+02  0.00000E+00  0.12529E+09 -0.12529E+09  0.100E-07     0.037  0.00000E+00  0.00 *  0.00      0.000
 142  tCap            0.25000E+02  0.00000E+00  0.12958E+09 -0.12958E+09  0.100E-07     0.039  0.00000E+00  0.00 *  0.00      0.000
 147  tCap            0.26000E+02  0.00000E+00  0.13358E+09 -0.13358E+09  0.100E-07     0.042  0.00000E+00  0.00 *  0.00      0.000
 152  tCap            0.27000E+02  0.00000E+00  0.13740E+09 -0.13740E+09  0.100E-07     0.044  0.00000E+00  0.00 *  0.00      0.000
 157  tCap            0.28000E+02  0.00000E+00  0.14105E+09 -0.14105E+09  0.100E-07     0.046  0.00000E+00  0.00 *  0.00      0.000
 162  tCap            0.29000E+02  0.00000E+00  0.14447E+09 -0.14447E+09  0.100E-07     0.049  0.00000E+00  0.00 *  0.00      0.000
 167  tCap            0.30000E+02  0.00000E+00  0.14764E+09 -0.14764E+09  0.100E-07     0.051  0.00000E+00  0.00 *  0.00      0.000
  23  tWaste          0.10000E+01  0.00000E+00  0.26692E-43 -0.26692E-43  0.500E-08     0.000  0.00000E+00  0.00 *  0.00      0.000
  28  tWaste          0.20000E+01  0.00000E+00  0.65791E-37 -0.65791E-37  0.500E-08     0.000  0.00000E+00  0.00 *  0.00      0.000
  33  tWaste          0.30000E+01  0.00000E+00  0.10864E-32 -0.10864E-32  0.500E-08     0.000  0.00000E+00  0.00 *  0.00      0.000
  38  tWaste          0.40000E+01  0.00000E+00  0.24834E-29 -0.24834E-29  0.500E-08     0.000  0.00000E+00  0.00 *  0.00      0.000
  43  tWaste          0.50000E+01  0.00000E+00  0.61953E-26 -0.61953E-26  0.500E-08     0.000  0.00000E+00  0.00 *  0.00      0.000
  48  tWaste          0.60000E+01  0.00000E+00  0.11958E-22 -0.11958E-22  0.500E-08     0.000  0.00000E+00  0.00 *  0.00      0.000
  53  tWaste          0.70000E+01  0.00000E+00  0.10220E-20 -0.10220E-20  0.500E-08     0.000  0.00000E+00  0.00 *  0.00      0.000
  58  tWaste          0.80000E+01  0.00000E+00  0.18200E-18 -0.18200E-18  0.500E-08     0.000  0.00000E+00  0.00 *  0.00      0.000
  63  tWaste          0.90000E+01  0.00000E+00  0.44260E-17 -0.44260E-17  0.500E-08     0.000  0.00000E+00  0.00 *  0.00      0.000
  68  tWaste          0.10000E+02  0.00000E+00  0.20930E-16 -0.20930E-16  0.500E-08     0.000  0.00000E+00  0.00 *  0.00      0.000
  73  tWaste          0.11000E+02  0.00000E+00  0.12049E-15 -0.12049E-15  0.500E-08     0.000  0.00000E+00  0.00 *  0.00      0.000
  78  tWaste          0.12000E+02  0.00000E+00  0.90869E-15 -0.90869E-15  0.500E-08     0.000  0.00000E+00  0.00 *  0.00      0.000
  83  tWaste          0.13000E+02  0.00000E+00  0.11037E-13 -0.11037E-13  0.500E-08     0.000  0.00000E+00  0.00 *  0.00      0.000
  88  tWaste          0.14000E+02  0.00000E+00  0.11301E-12 -0.11301E-12  0.500E-08     0.000  0.00000E+00  0.00 *  0.00      0.000
  93  tWaste          0.15000E+02  0.00000E+00  0.42871E-12 -0.42871E-12  0.500E-08     0.000  0.00000E+00  0.00 *  0.00      0.000
  98  tWaste          0.16000E+02  0.00000E+00  0.83470E-12 -0.83470E-12  0.500E-08     0.000  0.00000E+00  0.00 *  0.00      0.000
 103  tWaste          0.17000E+02  0.00000E+00  0.12010E-11 -0.12010E-11  0.500E-08     0.000  0.00000E+00  0.00 *  0.00      0.000
 108  tWaste          0.18000E+02  0.00000E+00  0.15295E-11 -0.15295E-11  0.500E-08     0.000  0.00000E+00  0.00 *  0.00      0.000
 113  tWaste          0.19000E+02  0.00000E+00  0.18357E-11 -0.18357E-11  0.500E-08     0.000  0.00000E+00  0.00 *  0.00      0.000
 118  tWaste          0.20000E+02  0.00000E+00  0.21195E-11 -0.21195E-11  0.500E-08     0.000  0.00000E+00  0.00 *  0.00      0.000
 123  tWaste          0.21000E+02  0.00000E+00  0.23838E-11 -0.23838E-11  0.500E-08     0.000  0.00000E+00  0.00 *  0.00      0.000
 128  tWaste          0.22000E+02  0.00000E+00  0.26371E-11 -0.26371E-11  0.500E-08     0.000  0.00000E+00  0.00 *  0.00      0.000
 133  tWaste          0.23000E+02  0.00000E+00  0.28768E-11 -0.28768E-11  0.500E-08     0.000  0.00000E+00  0.00 *  0.00      0.000
 138  tWaste          0.24000E+02  0.00000E+00  0.31071E-11 -0.31071E-11  0.500E-08     0.000  0.00000E+00  0.00 *  0.00      0.000
 143  tWaste          0.25000E+02  0.00000E+00  0.33276E-11 -0.33276E-11  0.500E-08     0.000  0.00000E+00  0.00 *  0.00      0.000
 148  tWaste          0.26000E+02  0.00000E+00  0.35397E-11 -0.35397E-11  0.500E-08     0.000  0.00000E+00  0.00 *  0.00      0.000
 153  tWaste          0.27000E+02  0.00000E+00  0.37432E-11 -0.37432E-11  0.500E-08     0.000  0.00000E+00  0.00 *  0.00      0.000
 158  tWaste          0.28000E+02  0.00000E+00  0.39406E-11 -0.39406E-11  0.500E-08     0.000  0.00000E+00  0.00 *  0.00      0.000
 163  tWaste          0.29000E+02  0.00000E+00  0.41320E-11 -0.41320E-11  0.500E-08     0.000  0.00000E+00  0.00 *  0.00      0.000
 168  tWaste          0.30000E+02  0.00000E+00  0.43164E-11 -0.43164E-11  0.500E-08     0.000  0.00000E+00  0.00 *  0.00      0.000


 ?!!!!!!!!!!!!!!!!!!!!!!!!!!!!!!!!!!!!!!!!!!!!!!!!!!!!!!!!!!!!!!!!!!!!!!!!!!!!!!!!!!!!!!!!!!!!!!!!!!!!!!!!!!!!!!!!!!!!!!!!!!!!!!!!!
 ESTIMATED PARAMETER  V/L/F   ROCKS   PAR  INITIAL GUESS    BEST ESTIMATE            STANDARD DEVIATIONS        SENSITIVITY
                                                                             A PRIORI    MARGINAL      C/M    OUTPUT   OBJ. FUNC.
 r_left               VALUE   -----     1   -0.85000E+03   -0.7943130E+03   0.100E+03         N/A      N/A       0.0          N/A  
 r_right              VALUE   -----     1   -0.85000E+03   -0.9246352E+03   0.100E+03         N/A      N/A       0.0          N/A  
 r_upper              VALUE   -----     1   -0.65000E+03   -0.6711160E+03   0.100E+03         N/A      N/A       0.0          N/A  
 s_upper              VALUE   -----     1   -0.45000E+03   -0.4453668E+03   0.500E+02         N/A      N/A       0.0          N/A  
 f_r_top              VALUE   -----     1    0.90000E+03    0.1065430E+04   0.300E+03         N/A      N/A       0.0          N/A  
 f_r_base             VALUE   -----     1 <TIED TO:   5>   0.10654E+04 TP         N/A         N/A      N/A       0.0          N/A  
 f_g_top              VALUE   -----     1 <TIED TO:   5>   0.10654E+04 TP         N/A         N/A      N/A       0.0          N/A  
 f_l_top              VALUE   -----     1 <TIED TO:   5>   0.10654E+04 TP         N/A         N/A      N/A       0.0          N/A  
 f_l_base             VALUE   -----     1 <TIED TO:   5>   0.10654E+04 TP         N/A         N/A      N/A       0.0          N/A  
 f_cov                VALUE   -----     1 <TIED TO:   5>   0.10654E+04 TP         N/A         N/A      N/A       0.0          N/A  
 f_cap                VALUE   -----     1 <TIED TO:   5>   0.10654E+04 TP         N/A         N/A      N/A       0.0          N/A  
 perm_res             LOG10   RESER     1   -0.11523E+02   -0.1164080E+02   0.300E+00         N/A      N/A      -0.0          N/A  
 por_res              VALUE   RESER     1    0.15000E+00    0.1168565E+00   0.250E-01         N/A      N/A      -0.0          N/A  
 perm_cap             LOG10   CAPRO     1   -0.16000E+02   -0.1631821E+02   0.100E+01         N/A      N/A      -0.0          N/A  
 por_cap              VALUE   CAPRO     1    0.10250E+00    0.6806415E-01   0.500E-01         N/A      N/A      -0.0          N/A  
 perm_fault           LOG10   FAULT     1   -0.12000E+02   -0.1188171E+02   0.150E+01         N/A      N/A      -0.0          N/A  
 por_fault            VALUE   FAULT     1    0.15000E+00    0.7409907E-01   0.100E+00         N/A      N/A      -0.0          N/A  
 !!!!!!!!!!!!!!!!!!!!!!!!!!!!!!!!!!!!!!!!!!!!!!!!!!!!!!!!!!!!!!!!!!!!!!!!!!!!!!!!!!!!!!!!!!!!!!!!!!!!!!!!!!!!!!!!!!!!!!!!!!!!!!!!!!

 TP   : Transformed parameter! Backtransform estimated parameter to obtain TOUGH input parameter.

 ---  1948th iTOUGH2 run stopped normally on  6-Mar-13  23:13 ---  CPU time used =   29304.29 sec.


     Error  >>> Subroutine <<<  Message
      5290  >>> OBSERVAT   <<<  ERROR                --> Incomplete TOUGH2 simulation  
      5290  >>> OBSERVAT   <<<  ERROR                --> Incomplete TOUGH2 simulation  
      5290  >>> OBSERVAT   <<<  ERROR                --> Incomplete TOUGH2 simulation  
      5290  >>> OBSERVAT   <<<  ERROR                --> Incomplete TOUGH2 simulation  
      5290  >>> OBSERVAT   <<<  ERROR                --> Incomplete TOUGH2 simulation  
      5290  >>> OBSERVAT   <<<  ERROR                --> Incomplete TOUGH2 simulation  

 ---     6 error(s) and  0 warning(s) detected
